#
# A fatal error has been detected by the Java Runtime Environment:
#
#  SIGSEGV (0xb) at pc=0x00007f592a563c25, pid=3654, tid=140020950202112
#
# JRE version: 7.0_15-b03
# Java VM: Java HotSpot(TM) 64-Bit Server VM (23.7-b01 mixed mode linux-amd64 compressed oops)
# Problematic frame:
# C  [libc.so.6+0x162c25]  __nss_hosts_lookup+0x312c5
#
# Failed to write core dump. Core dumps have been disabled. To enable core dumping, try "ulimit -c unlimited" before starting Java again
#
# If you would like to submit a bug report, please visit:
#   http://bugreport.sun.com/bugreport/crash.jsp
# The crash happened outside the Java Virtual Machine in native code.
# See problematic frame for where to report the bug.
#

---------------  T H R E A D  ---------------

Current thread (0x00007f592400b800):  JavaThread "main" [_thread_in_native, id=3655, stack(0x00007f592aef7000,0x00007f592aff8000)]

siginfo:si_signo=SIGSEGV: si_errno=0, si_code=1 (SEGV_MAPERR), si_addr=0x0000000000000030

Registers:
RAX=0x0000000000000030, RBX=0x000000000000003c, RCX=0x000000000000003c, RDX=0x0000000000000005
RSP=0x00007f592aff33d8, RBP=0x00007f59240ae560, RSI=0x00007f58da2c1006, RDI=0x000000000000003c
R8 =0x666e692f6e657479, R9 =0x6e6f6974616d726f, R10=0x2d62616c6963732f, R11=0x0000000000000000
R12=0x0000000000000025, R13=0x00007f58d89331c0, R14=0x00007f59241c9560, R15=0x00000000ffffffff
RIP=0x00007f592a563c25, EFLAGS=0x0000000000010206, CSGSFS=0x0000000000000033, ERR=0x0000000000000004
  TRAPNO=0x000000000000000e

Top of Stack: (sp=0x00007f592aff33d8)
0x00007f592aff33d8:   00007f58d9e3a59e 00007f5924000858
0x00007f592aff33e8:   0000000000000000 00007f58d9cc1f90
0x00007f592aff33f8:   00007f59241ad2f0 00007f59240ae560
0x00007f592aff3408:   00007f59241c9590 00007f5924024ea0
0x00007f592aff3418:   00007f59240ae560 00007f58d89331c0
0x00007f592aff3428:   00007f5900000000 00007f59240ae560
0x00007f592aff3438:   00007f5924000030 00007f5924000020
0x00007f592aff3448:   00007f59241c9590 00007f58d89331f4
0x00007f592aff3458:   00007f59240ae560 00007f58d89331c0
0x00007f592aff3468:   00007f59241c9560 00000000ffffffff
0x00007f592aff3478:   00007f58d9e2cff7 00007f592aff34b0
0x00007f592aff3488:   00007f592aff34c8 00007f592aff34cc
0x00007f592aff3498:   00000000000007f0 000000fed89331f4
0x00007f592aff34a8:   00007f592414db70 00007f58d89331c0
0x00007f592aff34b8:   00007f592ae0d245 0000000000000001
0x00007f592aff34c8:   0000000000000000 0000000000000000
0x00007f592aff34d8:   00007f59241c9590 00007f58d89331f4
0x00007f592aff34e8:   00007f592aff666c 00007f58d89331c0
0x00007f592aff34f8:   00007f59241c9560 00000000ffffffff
0x00007f592aff3508:   00007f58d9e1d627 676175676e616c20
0x00007f592aff3518:   00000000241ad2f0 00000000000003c8
0x00007f592aff3528:   00007f58d9e050d8 0000000000000445
0x00007f592aff3538:   00007f58d9e03d14 000000007f8be318
0x00007f592aff3548:   00007f597f8ae660 00007f5900000000
0x00007f592aff3558:   00007f5900000000 6e6f697400000000
0x00007f592aff3568:   2d62616c6963732f 696c2f312e342e35
0x00007f592aff3578:   7064726968742f62 62696c2f79747261
0x00007f592aff3588:   6f732e7000000000 6e6f697400000000
0x00007f592aff3598:   2d62616c6963732f 00007f58d2ae60e0
0x00007f592aff35a8:   00007f5800000000 00007f5800000000
0x00007f592aff35b8:   002e6f732e756158 00007f592aff3560
0x00007f592aff35c8:   00007f59241beaa0 00007f58d2f1c50d 

Instructions: (pc=0x00007f592a563c25)
0x00007f592a563c05:   66 0f 74 c1 66 0f d7 d0 85 d2 0f 85 4e 02 00 00
0x00007f592a563c15:   48 89 f8 48 83 e0 f0 eb 24 48 89 f8 48 83 e0 f0
0x00007f592a563c25:   66 0f 74 00 41 ba ff ff ff ff 48 29 c1 41 d3 e2
0x00007f592a563c35:   66 0f d7 d0 44 21 d2 0f 85 1e 02 00 00 66 0f ef 

Register to memory mapping:

RAX=0x0000000000000030 is an unknown value
RBX=0x000000000000003c is an unknown value
RCX=0x000000000000003c is an unknown value
RDX=0x0000000000000005 is an unknown value
RSP=0x00007f592aff33d8 is pointing into the stack for thread: 0x00007f592400b800
RBP=0x00007f59240ae560 is an unknown value
RSI=0x00007f58da2c1006: <offset 0x61d006> in /home/hkyten/information/scilab-5.4.1/lib/scilab/libscilab-cli.so.0 at 0x00007f58d9ca4000
RDI=0x000000000000003c is an unknown value
R8 =0x666e692f6e657479 is an unknown value
R9 =0x6e6f6974616d726f is an unknown value
R10=0x2d62616c6963732f is an unknown value
R11=0x0000000000000000 is an unknown value
R12=0x0000000000000025 is an unknown value
R13=0x00007f58d89331c0: <offset 0x2041c0> in /home/hkyten/information/scilab-5.4.1/lib/scilab/libscicall_scilab.so.5 at 0x00007f58d872f000
R14=0x00007f59241c9560 is an unknown value
R15=0x00000000ffffffff is an unknown value


Stack: [0x00007f592aef7000,0x00007f592aff8000],  sp=0x00007f592aff33d8,  free space=1008k
Native frames: (J=compiled Java code, j=interpreted, Vv=VM code, C=native code)
C  [libc.so.6+0x162c25]  __nss_hosts_lookup+0x312c5

Java frames: (J=compiled Java code, j=interpreted, Vv=VM code)
j  org.scilab.modules.javasci.Call_ScilabJNI.Call_ScilabOpen(Ljava/lang/String;ZLjava/lang/String;I)I+0
j  org.scilab.modules.javasci.Call_Scilab.Call_ScilabOpen(Ljava/lang/String;ZLjava/lang/String;I)I+4
j  org.scilab.modules.javasci.Scilab.open()Z+10
j  org.kilar.hybridIS.general.ScilabAdapter.initialize()V+20
j  org.kilar.hybridIS.neuralIS.NeuralISScilab.<init>(Lorg/kilar/hybridIS/neuralIS/ModuleConfigNeural;)V+5
j  org.kilar.hybridIS.neuralIS.NeuralISScilab.main([Ljava/lang/String;)V+93
v  ~StubRoutines::call_stub

---------------  P R O C E S S  ---------------

Java Threads: ( => current thread )
  0x00007f5924102800 JavaThread "Service Thread" daemon [_thread_blocked, id=3680, stack(0x00007f59191b5000,0x00007f59192b6000)]
  0x00007f5924100000 JavaThread "C2 CompilerThread1" daemon [_thread_blocked, id=3679, stack(0x00007f59192b6000,0x00007f59193b7000)]
  0x00007f59240fd000 JavaThread "C2 CompilerThread0" daemon [_thread_blocked, id=3678, stack(0x00007f59193b7000,0x00007f59194b8000)]
  0x00007f58f8001000 JavaThread "JDWP Command Reader" daemon [_thread_in_native, id=3674, stack(0x00007f59194b8000,0x00007f59195b9000)]
  0x00007f59240fb000 JavaThread "JDWP Event Helper Thread" daemon [_thread_blocked, id=3673, stack(0x00007f59195b9000,0x00007f59196ba000)]
  0x00007f59240f7800 JavaThread "JDWP Transport Listener: dt_socket" daemon [_thread_blocked, id=3670, stack(0x00007f59196ba000,0x00007f59197bb000)]
  0x00007f59240ea800 JavaThread "Signal Dispatcher" daemon [_thread_blocked, id=3668, stack(0x00007f59199bf000,0x00007f5919ac0000)]
  0x00007f592409e800 JavaThread "Finalizer" daemon [_thread_blocked, id=3667, stack(0x00007f5919ac0000,0x00007f5919bc1000)]
  0x00007f592409c000 JavaThread "Reference Handler" daemon [_thread_blocked, id=3666, stack(0x00007f5919bc1000,0x00007f5919cc2000)]
=>0x00007f592400b800 JavaThread "main" [_thread_in_native, id=3655, stack(0x00007f592aef7000,0x00007f592aff8000)]

Other Threads:
  0x00007f5924094800 VMThread [stack: 0x00007f5919cc2000,0x00007f5919dc3000] [id=3665]
  0x00007f592410d000 WatcherThread [stack: 0x00007f59190b4000,0x00007f59191b5000] [id=3681]

VM state:not at safepoint (normal execution)

VM Mutex/Monitor currently owned by a thread: None

Heap
 PSYoungGen      total 36864K, used 1897K [0x00000007d6d60000, 0x00000007d9680000, 0x0000000800000000)
  eden space 31616K, 6% used [0x00000007d6d60000,0x00000007d6f3a498,0x00000007d8c40000)
  from space 5248K, 0% used [0x00000007d9160000,0x00000007d9160000,0x00000007d9680000)
  to   space 5248K, 0% used [0x00000007d8c40000,0x00000007d8c40000,0x00000007d9160000)
 ParOldGen       total 84352K, used 0K [0x0000000784800000, 0x0000000789a60000, 0x00000007d6d60000)
  object space 84352K, 0% used [0x0000000784800000,0x0000000784800000,0x0000000789a60000)
 PSPermGen       total 21248K, used 2848K [0x000000077f600000, 0x0000000780ac0000, 0x0000000784800000)
  object space 21248K, 13% used [0x000000077f600000,0x000000077f8c81a0,0x0000000780ac0000)

Card table byte_map: [0x00007f59205c6000,0x00007f59209cc000] byte_map_base: 0x00007f591c9cb000

Polling page: 0x00007f592b017000

Code Cache  [0x00007f59209cc000, 0x00007f5920c3c000, 0x00007f59239cc000)
 total_blobs=178 nmethods=2 adapters=137 free_code_cache=48768Kb largest_free_block=49918336

Compilation events (4 events):
Event: 4,679 Thread 0x00007f59240fd000    1             java.lang.String::indexOf (70 bytes)
Event: 4,684 Thread 0x00007f5924100000    2             sun.nio.cs.UTF_8$Encoder::encode (361 bytes)
Event: 4,700 Thread 0x00007f59240fd000 nmethod 1 0x00007f5920a2b750 code [0x00007f5920a2b8a0, 0x00007f5920a2ba88]
Event: 4,704 Thread 0x00007f5924100000 nmethod 2 0x00007f5920a2aa90 code [0x00007f5920a2ac20, 0x00007f5920a2b308]

GC Heap History (0 events):
No events

Deoptimization events (0 events):
No events

Internal exceptions (10 events):
Event: 0,184 Thread 0x00007f592400b800 Threw 0x00000007d6dec628 at /HUDSON/workspace/jdk7u15-2-build-linux-amd64-product/jdk7u15/hotspot/src/share/vm/prims/jvm.cpp:1166
Event: 4,658 Thread 0x00007f592400b800 Threw 0x00000007d6df00d8 at /HUDSON/workspace/jdk7u15-2-build-linux-amd64-product/jdk7u15/hotspot/src/share/vm/prims/jvm.cpp:1166
Event: 4,667 Thread 0x00007f592400b800 Threw 0x00000007d6dfa538 at /HUDSON/workspace/jdk7u15-2-build-linux-amd64-product/jdk7u15/hotspot/src/share/vm/prims/jvm.cpp:1166
Event: 4,670 Thread 0x00007f592400b800 Threw 0x00000007d6dfe090 at /HUDSON/workspace/jdk7u15-2-build-linux-amd64-product/jdk7u15/hotspot/src/share/vm/prims/jvm.cpp:1166
Event: 4,675 Thread 0x00007f592400b800 Threw 0x00000007d6ea0268 at /HUDSON/workspace/jdk7u15-2-build-linux-amd64-product/jdk7u15/hotspot/src/share/vm/prims/jvm.cpp:1166
Event: 4,679 Thread 0x00007f592400b800 Threw 0x00000007d6ea3f38 at /HUDSON/workspace/jdk7u15-2-build-linux-amd64-product/jdk7u15/hotspot/src/share/vm/prims/jvm.cpp:1166
Event: 4,683 Thread 0x00007f592400b800 Threw 0x00000007d6ea79e8 at /HUDSON/workspace/jdk7u15-2-build-linux-amd64-product/jdk7u15/hotspot/src/share/vm/prims/jvm.cpp:1166
Event: 4,686 Thread 0x00007f592400b800 Threw 0x00000007d6eab578 at /HUDSON/workspace/jdk7u15-2-build-linux-amd64-product/jdk7u15/hotspot/src/share/vm/prims/jvm.cpp:1166
Event: 4,693 Thread 0x00007f592400b800 Threw 0x00000007d6eb2b18 at /HUDSON/workspace/jdk7u15-2-build-linux-amd64-product/jdk7u15/hotspot/src/share/vm/prims/jvm.cpp:1166
Event: 4,695 Thread 0x00007f592400b800 Threw 0x00000007d6eb76f0 at /HUDSON/workspace/jdk7u15-2-build-linux-amd64-product/jdk7u15/hotspot/src/share/vm/prims/jvm.cpp:1166

Events (10 events):
Event: 4,708 Executing VM operation: ChangeSingleStep
Event: 4,708 Executing VM operation: ChangeSingleStep done
Event: 7,999 Executing VM operation: EnterInterpOnlyMode
Event: 7,999 Executing VM operation: EnterInterpOnlyMode done
Event: 7,999 Executing VM operation: GetCurrentLocation
Event: 8,000 Executing VM operation: GetCurrentLocation done
Event: 8,000 Executing VM operation: ChangeSingleStep
Event: 8,000 Executing VM operation: ChangeSingleStep done
Event: 8,001 Executing VM operation: ChangeSingleStep
Event: 8,001 Executing VM operation: ChangeSingleStep done


Dynamic libraries:
00400000-00401000 r-xp 00000000 08:01 3935860                            /opt/java/jdk1.7.0_15/bin/java
00600000-00601000 rw-p 00000000 08:01 3935860                            /opt/java/jdk1.7.0_15/bin/java
01266000-01287000 rw-p 00000000 00:00 0                                  [heap]
77f600000-780ac0000 rw-p 00000000 00:00 0 
780ac0000-784800000 rw-p 00000000 00:00 0 
784800000-789a60000 rw-p 00000000 00:00 0 
789a60000-7d6d60000 rw-p 00000000 00:00 0 
7d6d60000-7d9680000 rw-p 00000000 00:00 0 
7d9680000-800000000 rw-p 00000000 00:00 0 
7f58d28e1000-7f58d28e6000 r-xp 00000000 08:01 2629492                    /usr/lib/x86_64-linux-gnu/libXdmcp.so.6.0.0
7f58d28e6000-7f58d2ae5000 ---p 00005000 08:01 2629492                    /usr/lib/x86_64-linux-gnu/libXdmcp.so.6.0.0
7f58d2ae5000-7f58d2ae6000 r--p 00004000 08:01 2629492                    /usr/lib/x86_64-linux-gnu/libXdmcp.so.6.0.0
7f58d2ae6000-7f58d2ae7000 rw-p 00005000 08:01 2629492                    /usr/lib/x86_64-linux-gnu/libXdmcp.so.6.0.0
7f58d2ae7000-7f58d2ae9000 r-xp 00000000 08:01 2629481                    /usr/lib/x86_64-linux-gnu/libXau.so.6.0.0
7f58d2ae9000-7f58d2ce9000 ---p 00002000 08:01 2629481                    /usr/lib/x86_64-linux-gnu/libXau.so.6.0.0
7f58d2ce9000-7f58d2cea000 r--p 00002000 08:01 2629481                    /usr/lib/x86_64-linux-gnu/libXau.so.6.0.0
7f58d2cea000-7f58d2ceb000 rw-p 00003000 08:01 2629481                    /usr/lib/x86_64-linux-gnu/libXau.so.6.0.0
7f58d2ceb000-7f58d2d11000 r-xp 00000000 08:01 6950399                    /lib/x86_64-linux-gnu/libexpat.so.1.6.0
7f58d2d11000-7f58d2f11000 ---p 00026000 08:01 6950399                    /lib/x86_64-linux-gnu/libexpat.so.1.6.0
7f58d2f11000-7f58d2f13000 r--p 00026000 08:01 6950399                    /lib/x86_64-linux-gnu/libexpat.so.1.6.0
7f58d2f13000-7f58d2f14000 rw-p 00028000 08:01 6950399                    /lib/x86_64-linux-gnu/libexpat.so.1.6.0
7f58d2f14000-7f58d2f31000 r-xp 00000000 08:01 2630093                    /usr/lib/x86_64-linux-gnu/libxcb.so.1.1.0
7f58d2f31000-7f58d3130000 ---p 0001d000 08:01 2630093                    /usr/lib/x86_64-linux-gnu/libxcb.so.1.1.0
7f58d3130000-7f58d3131000 r--p 0001c000 08:01 2630093                    /usr/lib/x86_64-linux-gnu/libxcb.so.1.1.0
7f58d3131000-7f58d3132000 rw-p 0001d000 08:01 2630093                    /usr/lib/x86_64-linux-gnu/libxcb.so.1.1.0
7f58d3132000-7f58d313b000 r-xp 00000000 08:01 2629514                    /usr/lib/x86_64-linux-gnu/libXrender.so.1.3.0
7f58d313b000-7f58d333a000 ---p 00009000 08:01 2629514                    /usr/lib/x86_64-linux-gnu/libXrender.so.1.3.0
7f58d333a000-7f58d333b000 r--p 00008000 08:01 2629514                    /usr/lib/x86_64-linux-gnu/libXrender.so.1.3.0
7f58d333b000-7f58d333c000 rw-p 00009000 08:01 2629514                    /usr/lib/x86_64-linux-gnu/libXrender.so.1.3.0
7f58d333c000-7f58d3373000 r-xp 00000000 08:01 2629674                    /usr/lib/x86_64-linux-gnu/libfontconfig.so.1.6.2
7f58d3373000-7f58d3573000 ---p 00037000 08:01 2629674                    /usr/lib/x86_64-linux-gnu/libfontconfig.so.1.6.2
7f58d3573000-7f58d3574000 r--p 00037000 08:01 2629674                    /usr/lib/x86_64-linux-gnu/libfontconfig.so.1.6.2
7f58d3574000-7f58d3575000 rw-p 00038000 08:01 2629674                    /usr/lib/x86_64-linux-gnu/libfontconfig.so.1.6.2
7f58d3575000-7f58d3576000 rw-p 00000000 00:00 0 
7f58d3576000-7f58d360c000 r-xp 00000000 08:01 2624235                    /usr/lib/x86_64-linux-gnu/libfreetype.so.6.9.0
7f58d360c000-7f58d380b000 ---p 00096000 08:01 2624235                    /usr/lib/x86_64-linux-gnu/libfreetype.so.6.9.0
7f58d380b000-7f58d3811000 r--p 00095000 08:01 2624235                    /usr/lib/x86_64-linux-gnu/libfreetype.so.6.9.0
7f58d3811000-7f58d3812000 rw-p 0009b000 08:01 2624235                    /usr/lib/x86_64-linux-gnu/libfreetype.so.6.9.0
7f58d3812000-7f58d3826000 r-xp 00000000 08:01 2629498                    /usr/lib/x86_64-linux-gnu/libXft.so.2.3.1
7f58d3826000-7f58d3a25000 ---p 00014000 08:01 2629498                    /usr/lib/x86_64-linux-gnu/libXft.so.2.3.1
7f58d3a25000-7f58d3a26000 r--p 00013000 08:01 2629498                    /usr/lib/x86_64-linux-gnu/libXft.so.2.3.1
7f58d3a26000-7f58d3a27000 rw-p 00014000 08:01 2629498                    /usr/lib/x86_64-linux-gnu/libXft.so.2.3.1
7f58d3a27000-7f58d3a37000 r-xp 00000000 08:01 2629494                    /usr/lib/x86_64-linux-gnu/libXext.so.6.4.0
7f58d3a37000-7f58d3c37000 ---p 00010000 08:01 2629494                    /usr/lib/x86_64-linux-gnu/libXext.so.6.4.0
7f58d3c37000-7f58d3c38000 r--p 00010000 08:01 2629494                    /usr/lib/x86_64-linux-gnu/libXext.so.6.4.0
7f58d3c38000-7f58d3c39000 rw-p 00011000 08:01 2629494                    /usr/lib/x86_64-linux-gnu/libXext.so.6.4.0
7f58d3c39000-7f58d3c3b000 r-xp 00000000 08:01 2629516                    /usr/lib/x86_64-linux-gnu/libXss.so.1.0.0
7f58d3c3b000-7f58d3e3b000 ---p 00002000 08:01 2629516                    /usr/lib/x86_64-linux-gnu/libXss.so.1.0.0
7f58d3e3b000-7f58d3e3c000 r--p 00002000 08:01 2629516                    /usr/lib/x86_64-linux-gnu/libXss.so.1.0.0
7f58d3e3c000-7f58d3e3d000 rw-p 00003000 08:01 2629516                    /usr/lib/x86_64-linux-gnu/libXss.so.1.0.0
7f58d3e3d000-7f58d3f71000 r-xp 00000000 08:01 2629479                    /usr/lib/x86_64-linux-gnu/libX11.so.6.3.0
7f58d3f71000-7f58d4171000 ---p 00134000 08:01 2629479                    /usr/lib/x86_64-linux-gnu/libX11.so.6.3.0
7f58d4171000-7f58d4172000 r--p 00134000 08:01 2629479                    /usr/lib/x86_64-linux-gnu/libX11.so.6.3.0
7f58d4172000-7f58d4177000 rw-p 00135000 08:01 2629479                    /usr/lib/x86_64-linux-gnu/libX11.so.6.3.0
7f58d4177000-7f58d418d000 r-xp 00000000 08:01 1316630                    /home/hkyten/information/scilab-5.4.1/lib/thirdparty/libgcc_s.so.1
7f58d418d000-7f58d438d000 ---p 00016000 08:01 1316630                    /home/hkyten/information/scilab-5.4.1/lib/thirdparty/libgcc_s.so.1
7f58d438d000-7f58d438e000 rw-p 00016000 08:01 1316630                    /home/hkyten/information/scilab-5.4.1/lib/thirdparty/libgcc_s.so.1
7f58d438e000-7f58d43c9000 r-xp 00000000 08:01 1316626                    /home/hkyten/information/scilab-5.4.1/lib/thirdparty/libncurses.so.5.7
7f58d43c9000-7f58d45c8000 ---p 0003b000 08:01 1316626                    /home/hkyten/information/scilab-5.4.1/lib/thirdparty/libncurses.so.5.7
7f58d45c8000-7f58d45cd000 rw-p 0003a000 08:01 1316626                    /home/hkyten/information/scilab-5.4.1/lib/thirdparty/libncurses.so.5.7
7f58d45cd000-7f58d46a6000 r-xp 00000000 08:01 1316631                    /home/hkyten/information/scilab-5.4.1/lib/thirdparty/libgfortran.so.3.0.0
7f58d46a6000-7f58d48a6000 ---p 000d9000 08:01 1316631                    /home/hkyten/information/scilab-5.4.1/lib/thirdparty/libgfortran.so.3.0.0
7f58d48a6000-7f58d48a8000 rw-p 000d9000 08:01 1316631                    /home/hkyten/information/scilab-5.4.1/lib/thirdparty/libgfortran.so.3.0.0
7f58d48a8000-7f58d499a000 r-xp 00000000 08:01 1316640                    /home/hkyten/information/scilab-5.4.1/lib/thirdparty/libstdc++.so.6.0.13
7f58d499a000-7f58d4b9a000 ---p 000f2000 08:01 1316640                    /home/hkyten/information/scilab-5.4.1/lib/thirdparty/libstdc++.so.6.0.13
7f58d4b9a000-7f58d4ba1000 r--p 000f2000 08:01 1316640                    /home/hkyten/information/scilab-5.4.1/lib/thirdparty/libstdc++.so.6.0.13
7f58d4ba1000-7f58d4ba3000 rw-p 000f9000 08:01 1316640                    /home/hkyten/information/scilab-5.4.1/lib/thirdparty/libstdc++.so.6.0.13
7f58d4ba3000-7f58d4bb8000 rw-p 00000000 00:00 0 
7f58d4bb8000-7f58d4bb9000 r-xp 00000000 08:01 1316505                    /home/hkyten/information/scilab-5.4.1/lib/scilab/libscicommons-disable.so.5.4.1
7f58d4bb9000-7f58d4db8000 ---p 00001000 08:01 1316505                    /home/hkyten/information/scilab-5.4.1/lib/scilab/libscicommons-disable.so.5.4.1
7f58d4db8000-7f58d4db9000 r--p 00000000 08:01 1316505                    /home/hkyten/information/scilab-5.4.1/lib/scilab/libscicommons-disable.so.5.4.1
7f58d4db9000-7f58d4dba000 rw-p 00001000 08:01 1316505                    /home/hkyten/information/scilab-5.4.1/lib/scilab/libscicommons-disable.so.5.4.1
7f58d4dba000-7f58d4dbb000 r-xp 00000000 08:01 1316560                    /home/hkyten/information/scilab-5.4.1/lib/scilab/libscihistory_browser-disable.so.5.4.1
7f58d4dbb000-7f58d4fba000 ---p 00001000 08:01 1316560                    /home/hkyten/information/scilab-5.4.1/lib/scilab/libscihistory_browser-disable.so.5.4.1
7f58d4fba000-7f58d4fbb000 r--p 00000000 08:01 1316560                    /home/hkyten/information/scilab-5.4.1/lib/scilab/libscihistory_browser-disable.so.5.4.1
7f58d4fbb000-7f58d4fbc000 rw-p 00001000 08:01 1316560                    /home/hkyten/information/scilab-5.4.1/lib/scilab/libscihistory_browser-disable.so.5.4.1
7f58d4fbc000-7f58d4fbd000 r-xp 00000000 08:01 1316508                    /home/hkyten/information/scilab-5.4.1/lib/scilab/libsciui_data-disable.so.5.4.1
7f58d4fbd000-7f58d51bc000 ---p 00001000 08:01 1316508                    /home/hkyten/information/scilab-5.4.1/lib/scilab/libsciui_data-disable.so.5.4.1
7f58d51bc000-7f58d51bd000 r--p 00000000 08:01 1316508                    /home/hkyten/information/scilab-5.4.1/lib/scilab/libsciui_data-disable.so.5.4.1
7f58d51bd000-7f58d51be000 rw-p 00001000 08:01 1316508                    /home/hkyten/information/scilab-5.4.1/lib/scilab/libsciui_data-disable.so.5.4.1
7f58d51be000-7f58d51bf000 r-xp 00000000 08:01 1316588                    /home/hkyten/information/scilab-5.4.1/lib/scilab/libsciscinotes-disable.so.5.4.1
7f58d51bf000-7f58d53be000 ---p 00001000 08:01 1316588                    /home/hkyten/information/scilab-5.4.1/lib/scilab/libsciscinotes-disable.so.5.4.1
7f58d53be000-7f58d53bf000 r--p 00000000 08:01 1316588                    /home/hkyten/information/scilab-5.4.1/lib/scilab/libsciscinotes-disable.so.5.4.1
7f58d53bf000-7f58d53c0000 rw-p 00001000 08:01 1316588                    /home/hkyten/information/scilab-5.4.1/lib/scilab/libsciscinotes-disable.so.5.4.1
7f58d53c0000-7f58d53c1000 r-xp 00000000 08:01 1316500                    /home/hkyten/information/scilab-5.4.1/lib/scilab/libscigraphic_objects-disable.so.5.4.1
7f58d53c1000-7f58d55c0000 ---p 00001000 08:01 1316500                    /home/hkyten/information/scilab-5.4.1/lib/scilab/libscigraphic_objects-disable.so.5.4.1
7f58d55c0000-7f58d55c1000 r--p 00000000 08:01 1316500                    /home/hkyten/information/scilab-5.4.1/lib/scilab/libscigraphic_objects-disable.so.5.4.1
7f58d55c1000-7f58d55c2000 rw-p 00001000 08:01 1316500                    /home/hkyten/information/scilab-5.4.1/lib/scilab/libscigraphic_objects-disable.so.5.4.1
7f58d55c2000-7f58d55c3000 r-xp 00000000 08:01 1316495                    /home/hkyten/information/scilab-5.4.1/lib/scilab/libscixcos-disable.so.5.4.1
7f58d55c3000-7f58d57c2000 ---p 00001000 08:01 1316495                    /home/hkyten/information/scilab-5.4.1/lib/scilab/libscixcos-disable.so.5.4.1
7f58d57c2000-7f58d57c3000 r--p 00000000 08:01 1316495                    /home/hkyten/information/scilab-5.4.1/lib/scilab/libscixcos-disable.so.5.4.1
7f58d57c3000-7f58d57c4000 rw-p 00001000 08:01 1316495                    /home/hkyten/information/scilab-5.4.1/lib/scilab/libscixcos-disable.so.5.4.1
7f58d57c4000-7f58d57c5000 r-xp 00000000 08:01 1316525                    /home/hkyten/information/scilab-5.4.1/lib/scilab/libscijvm-disable.so.5.4.1
7f58d57c5000-7f58d59c4000 ---p 00001000 08:01 1316525                    /home/hkyten/information/scilab-5.4.1/lib/scilab/libscijvm-disable.so.5.4.1
7f58d59c4000-7f58d59c5000 r--p 00000000 08:01 1316525                    /home/hkyten/information/scilab-5.4.1/lib/scilab/libscijvm-disable.so.5.4.1
7f58d59c5000-7f58d59c6000 rw-p 00001000 08:01 1316525                    /home/hkyten/information/scilab-5.4.1/lib/scilab/libscijvm-disable.so.5.4.1
7f58d59c6000-7f58d59c7000 r-xp 00000000 08:01 1316550                    /home/hkyten/information/scilab-5.4.1/lib/scilab/libsciaction_binding-disable.so.5.4.1
7f58d59c7000-7f58d5bc6000 ---p 00001000 08:01 1316550                    /home/hkyten/information/scilab-5.4.1/lib/scilab/libsciaction_binding-disable.so.5.4.1
7f58d5bc6000-7f58d5bc7000 r--p 00000000 08:01 1316550                    /home/hkyten/information/scilab-5.4.1/lib/scilab/libsciaction_binding-disable.so.5.4.1
7f58d5bc7000-7f58d5bc8000 rw-p 00001000 08:01 1316550                    /home/hkyten/information/scilab-5.4.1/lib/scilab/libsciaction_binding-disable.so.5.4.1
7f58d5bc8000-7f58d5bd2000 r-xp 00000000 08:01 1316600                    /home/hkyten/information/scilab-5.4.1/lib/scilab/libsciconsole-minimal.so.5.4.1
7f58d5bd2000-7f58d5dd1000 ---p 0000a000 08:01 1316600                    /home/hkyten/information/scilab-5.4.1/lib/scilab/libsciconsole-minimal.so.5.4.1
7f58d5dd1000-7f58d5dd2000 r--p 00009000 08:01 1316600                    /home/hkyten/information/scilab-5.4.1/lib/scilab/libsciconsole-minimal.so.5.4.1
7f58d5dd2000-7f58d5dd3000 rw-p 0000a000 08:01 1316600                    /home/hkyten/information/scilab-5.4.1/lib/scilab/libsciconsole-minimal.so.5.4.1
7f58d5dd3000-7f58d5dd4000 r-xp 00000000 08:01 1316491                    /home/hkyten/information/scilab-5.4.1/lib/scilab/libscigraphic_export-disable.so.5.4.1
7f58d5dd4000-7f58d5fd3000 ---p 00001000 08:01 1316491                    /home/hkyten/information/scilab-5.4.1/lib/scilab/libscigraphic_export-disable.so.5.4.1
7f58d5fd3000-7f58d5fd4000 r--p 00000000 08:01 1316491                    /home/hkyten/information/scilab-5.4.1/lib/scilab/libscigraphic_export-disable.so.5.4.1
7f58d5fd4000-7f58d5fd5000 rw-p 00001000 08:01 1316491                    /home/hkyten/information/scilab-5.4.1/lib/scilab/libscigraphic_export-disable.so.5.4.1
7f58d5fd5000-7f58d5fd7000 r-xp 00000000 08:01 1316462                    /home/hkyten/information/scilab-5.4.1/lib/scilab/libscigraphics-disable.so.5.4.1
7f58d5fd7000-7f58d61d7000 ---p 00002000 08:01 1316462                    /home/hkyten/information/scilab-5.4.1/lib/scilab/libscigraphics-disable.so.5.4.1
7f58d61d7000-7f58d61d8000 r--p 00002000 08:01 1316462                    /home/hkyten/information/scilab-5.4.1/lib/scilab/libscigraphics-disable.so.5.4.1
7f58d61d8000-7f58d61d9000 rw-p 00003000 08:01 1316462                    /home/hkyten/information/scilab-5.4.1/lib/scilab/libscigraphics-disable.so.5.4.1
7f58d61d9000-7f58d61db000 r-xp 00000000 08:01 1316486                    /home/hkyten/information/scilab-5.4.1/lib/scilab/libscigui-disable.so.5.4.1
7f58d61db000-7f58d63da000 ---p 00002000 08:01 1316486                    /home/hkyten/information/scilab-5.4.1/lib/scilab/libscigui-disable.so.5.4.1
7f58d63da000-7f58d63db000 r--p 00001000 08:01 1316486                    /home/hkyten/information/scilab-5.4.1/lib/scilab/libscigui-disable.so.5.4.1
7f58d63db000-7f58d63dc000 rw-p 00002000 08:01 1316486                    /home/hkyten/information/scilab-5.4.1/lib/scilab/libscigui-disable.so.5.4.1
7f58d63dc000-7f58d63de000 r-xp 00000000 08:01 1316557                    /home/hkyten/information/scilab-5.4.1/lib/scilab/libscipreferences-cli.so.5.4.1
7f58d63de000-7f58d65dd000 ---p 00002000 08:01 1316557                    /home/hkyten/information/scilab-5.4.1/lib/scilab/libscipreferences-cli.so.5.4.1
7f58d65dd000-7f58d65de000 r--p 00001000 08:01 1316557                    /home/hkyten/information/scilab-5.4.1/lib/scilab/libscipreferences-cli.so.5.4.1
7f58d65de000-7f58d65df000 rw-p 00002000 08:01 1316557                    /home/hkyten/information/scilab-5.4.1/lib/scilab/libscipreferences-cli.so.5.4.1
7f58d65df000-7f58d6607000 r-xp 00000000 08:01 1316530                    /home/hkyten/information/scilab-5.4.1/lib/scilab/libsciexternal_objects.so.5.4.1
7f58d6607000-7f58d6807000 ---p 00028000 08:01 1316530                    /home/hkyten/information/scilab-5.4.1/lib/scilab/libsciexternal_objects.so.5.4.1
7f58d6807000-7f58d6808000 r--p 00028000 08:01 1316530                    /home/hkyten/information/scilab-5.4.1/lib/scilab/libsciexternal_objects.so.5.4.1
7f58d6808000-7f58d680a000 rw-p 00029000 08:01 1316530                    /home/hkyten/information/scilab-5.4.1/lib/scilab/libsciexternal_objects.so.5.4.1
7f58d680a000-7f58d6840000 r-xp 00000000 08:01 1316539                    /home/hkyten/information/scilab-5.4.1/lib/scilab/libscixml.so.5.4.1
7f58d6840000-7f58d6a40000 ---p 00036000 08:01 1316539                    /home/hkyten/information/scilab-5.4.1/lib/scilab/libscixml.so.5.4.1
7f58d6a40000-7f58d6a41000 r--p 00036000 08:01 1316539                    /home/hkyten/information/scilab-5.4.1/lib/scilab/libscixml.so.5.4.1
7f58d6a41000-7f58d6a43000 rw-p 00037000 08:01 1316539                    /home/hkyten/information/scilab-5.4.1/lib/scilab/libscixml.so.5.4.1
7f58d6a43000-7f58d6a5d000 r-xp 00000000 08:01 1316593                    /home/hkyten/information/scilab-5.4.1/lib/scilab/libscistatistics.so.5.4.1
7f58d6a5d000-7f58d6c5c000 ---p 0001a000 08:01 1316593                    /home/hkyten/information/scilab-5.4.1/lib/scilab/libscistatistics.so.5.4.1
7f58d6c5c000-7f58d6c5d000 r--p 00019000 08:01 1316593                    /home/hkyten/information/scilab-5.4.1/lib/scilab/libscistatistics.so.5.4.1
7f58d6c5d000-7f58d6c5e000 rw-p 0001a000 08:01 1316593                    /home/hkyten/information/scilab-5.4.1/lib/scilab/libscistatistics.so.5.4.1
7f58d6c5e000-7f58d6d18000 rw-p 00000000 00:00 0 
7f58d6d18000-7f58d6e15000 r-xp 00000000 08:01 1316611                    /home/hkyten/information/scilab-5.4.1/lib/thirdparty/libfftw3.so.3.2.3
7f58d6e15000-7f58d7015000 ---p 000fd000 08:01 1316611                    /home/hkyten/information/scilab-5.4.1/lib/thirdparty/libfftw3.so.3.2.3
7f58d7015000-7f58d701c000 rw-p 000fd000 08:01 1316611                    /home/hkyten/information/scilab-5.4.1/lib/thirdparty/libfftw3.so.3.2.3
7f58d701c000-7f58d7032000 r-xp 00000000 08:01 1316632                    /home/hkyten/information/scilab-5.4.1/lib/thirdparty/libz.so.1.2.3.3
7f58d7032000-7f58d7232000 ---p 00016000 08:01 1316632                    /home/hkyten/information/scilab-5.4.1/lib/thirdparty/libz.so.1.2.3.3
7f58d7232000-7f58d7233000 rw-p 00016000 08:01 1316632                    /home/hkyten/information/scilab-5.4.1/lib/thirdparty/libz.so.1.2.3.3
7f58d7233000-7f58d75e5000 r-xp 00000000 08:01 1316642                    /home/hkyten/information/scilab-5.4.1/lib/thirdparty/libhdf5.so
7f58d75e5000-7f58d77e5000 ---p 003b2000 08:01 1316642                    /home/hkyten/information/scilab-5.4.1/lib/thirdparty/libhdf5.so
7f58d77e5000-7f58d77ef000 rw-p 003b2000 08:01 1316642                    /home/hkyten/information/scilab-5.4.1/lib/thirdparty/libhdf5.so
7f58d77ef000-7f58d77f1000 rw-p 00000000 00:00 0 
7f58d77f1000-7f58d7808000 r-xp 00000000 08:01 1316482                    /home/hkyten/information/scilab-5.4.1/lib/scilab/libscihdf5.so.5.4.1
7f58d7808000-7f58d7a07000 ---p 00017000 08:01 1316482                    /home/hkyten/information/scilab-5.4.1/lib/scilab/libscihdf5.so.5.4.1
7f58d7a07000-7f58d7a08000 r--p 00016000 08:01 1316482                    /home/hkyten/information/scilab-5.4.1/lib/scilab/libscihdf5.so.5.4.1
7f58d7a08000-7f58d7a09000 rw-p 00017000 08:01 1316482                    /home/hkyten/information/scilab-5.4.1/lib/scilab/libscihdf5.so.5.4.1
7f58d7a09000-7f58d7a38000 r-xp 00000000 08:01 1316634                    /home/hkyten/information/scilab-5.4.1/lib/thirdparty/libpcre.so.7.8.0
7f58d7a38000-7f58d7c37000 ---p 0002f000 08:01 1316634                    /home/hkyten/information/scilab-5.4.1/lib/thirdparty/libpcre.so.7.8.0
7f58d7c37000-7f58d7c38000 rw-p 0002e000 08:01 1316634                    /home/hkyten/information/scilab-5.4.1/lib/thirdparty/libpcre.so.7.8.0
7f58d7c38000-7f58d7c3a000 r-xp 00000000 08:01 1316649                    /home/hkyten/information/scilab-5.4.1/lib/thirdparty/libpcreposix.so.7.8.0
7f58d7c3a000-7f58d7e39000 ---p 00002000 08:01 1316649                    /home/hkyten/information/scilab-5.4.1/lib/thirdparty/libpcreposix.so.7.8.0
7f58d7e39000-7f58d7e3a000 rw-p 00001000 08:01 1316649                    /home/hkyten/information/scilab-5.4.1/lib/thirdparty/libpcreposix.so.7.8.0
7f58d7e3a000-7f58d7e49000 r-xp 00000000 08:01 1316553                    /home/hkyten/information/scilab-5.4.1/lib/scilab/libscihistory_manager.so.5.4.1
7f58d7e49000-7f58d8048000 ---p 0000f000 08:01 1316553                    /home/hkyten/information/scilab-5.4.1/lib/scilab/libscihistory_manager.so.5.4.1
7f58d8048000-7f58d8049000 r--p 0000e000 08:01 1316553                    /home/hkyten/information/scilab-5.4.1/lib/scilab/libscihistory_manager.so.5.4.1
7f58d8049000-7f58d804a000 rw-p 0000f000 08:01 1316553                    /home/hkyten/information/scilab-5.4.1/lib/scilab/libscihistory_manager.so.5.4.1
7f58d804a000-7f58d8054000 r-xp 00000000 08:01 1316451                    /home/hkyten/information/scilab-5.4.1/lib/scilab/libscicompletion.so.5.4.1
7f58d8054000-7f58d8254000 ---p 0000a000 08:01 1316451                    /home/hkyten/information/scilab-5.4.1/lib/scilab/libscicompletion.so.5.4.1
7f58d8254000-7f58d8255000 r--p 0000a000 08:01 1316451                    /home/hkyten/information/scilab-5.4.1/lib/scilab/libscicompletion.so.5.4.1
7f58d8255000-7f58d8256000 rw-p 0000b000 08:01 1316451                    /home/hkyten/information/scilab-5.4.1/lib/scilab/libscicompletion.so.5.4.1
7f58d8256000-7f58d8267000 r-xp 00000000 08:01 1316568                    /home/hkyten/information/scilab-5.4.1/lib/scilab/libscispecial_functions.so.5.4.1
7f58d8267000-7f58d8466000 ---p 00011000 08:01 1316568                    /home/hkyten/information/scilab-5.4.1/lib/scilab/libscispecial_functions.so.5.4.1
7f58d8466000-7f58d8467000 r--p 00010000 08:01 1316568                    /home/hkyten/information/scilab-5.4.1/lib/scilab/libscispecial_functions.so.5.4.1
7f58d8467000-7f58d8468000 rw-p 00011000 08:01 1316568                    /home/hkyten/information/scilab-5.4.1/lib/scilab/libscispecial_functions.so.5.4.1
7f58d8468000-7f58d8522000 rw-p 00000000 00:00 0 
7f58d8522000-7f58d8528000 r-xp 00000000 08:01 1316504                    /home/hkyten/information/scilab-5.4.1/lib/scilab/libscilocalization.so.5.4.1
7f58d8528000-7f58d8727000 ---p 00006000 08:01 1316504                    /home/hkyten/information/scilab-5.4.1/lib/scilab/libscilocalization.so.5.4.1
7f58d8727000-7f58d8728000 r--p 00005000 08:01 1316504                    /home/hkyten/information/scilab-5.4.1/lib/scilab/libscilocalization.so.5.4.1
7f58d8728000-7f58d872f000 rw-p 00006000 08:01 1316504                    /home/hkyten/information/scilab-5.4.1/lib/scilab/libscilocalization.so.5.4.1
7f58d872f000-7f58d8733000 r-xp 00000000 08:01 1316449                    /home/hkyten/information/scilab-5.4.1/lib/scilab/libscicall_scilab.so.5.4.1
7f58d8733000-7f58d8932000 ---p 00004000 08:01 1316449                    /home/hkyten/information/scilab-5.4.1/lib/scilab/libscicall_scilab.so.5.4.1
7f58d8932000-7f58d8933000 r--p 00003000 08:01 1316449                    /home/hkyten/information/scilab-5.4.1/lib/scilab/libscicall_scilab.so.5.4.1
7f58d8933000-7f58d8934000 rw-p 00004000 08:01 1316449                    /home/hkyten/information/scilab-5.4.1/lib/scilab/libscicall_scilab.so.5.4.1
7f58d8934000-7f58d8a85000 r-xp 00000000 08:01 1316621                    /home/hkyten/information/scilab-5.4.1/lib/thirdparty/libxml2.so.2.7.6
7f58d8a85000-7f58d8c84000 ---p 00151000 08:01 1316621                    /home/hkyten/information/scilab-5.4.1/lib/thirdparty/libxml2.so.2.7.6
7f58d8c84000-7f58d8c8e000 rw-p 00150000 08:01 1316621                    /home/hkyten/information/scilab-5.4.1/lib/thirdparty/libxml2.so.2.7.6
7f58d8c8e000-7f58d8c8f000 rw-p 00000000 00:00 0 
7f58d8c8f000-7f58d8c98000 r-xp 00000000 08:01 1316452                    /home/hkyten/information/scilab-5.4.1/lib/scilab/libscifunctions.so.5.4.1
7f58d8c98000-7f58d8e97000 ---p 00009000 08:01 1316452                    /home/hkyten/information/scilab-5.4.1/lib/scilab/libscifunctions.so.5.4.1
7f58d8e97000-7f58d8e98000 r--p 00008000 08:01 1316452                    /home/hkyten/information/scilab-5.4.1/lib/scilab/libscifunctions.so.5.4.1
7f58d8e98000-7f58d8e99000 rw-p 00009000 08:01 1316452                    /home/hkyten/information/scilab-5.4.1/lib/scilab/libscifunctions.so.5.4.1
7f58d8e99000-7f58d8f53000 rw-p 00000000 00:00 0 
7f58d8f53000-7f58d8fe1000 r-xp 00000000 08:01 1316633                    /home/hkyten/information/scilab-5.4.1/lib/thirdparty/libblas.so.3gf.0
7f58d8fe1000-7f58d91e1000 ---p 0008e000 08:01 1316633                    /home/hkyten/information/scilab-5.4.1/lib/thirdparty/libblas.so.3gf.0
7f58d91e1000-7f58d91e2000 rw-p 0008e000 08:01 1316633                    /home/hkyten/information/scilab-5.4.1/lib/thirdparty/libblas.so.3gf.0
7f58d91e2000-7f58d9993000 r-xp 00000000 08:01 1316647                    /home/hkyten/information/scilab-5.4.1/lib/thirdparty/liblapack.so.3gf.0
7f58d9993000-7f58d9b92000 ---p 007b1000 08:01 1316647                    /home/hkyten/information/scilab-5.4.1/lib/thirdparty/liblapack.so.3gf.0
7f58d9b92000-7f58d9b93000 r--p 007b0000 08:01 1316647                    /home/hkyten/information/scilab-5.4.1/lib/thirdparty/liblapack.so.3gf.0
7f58d9b93000-7f58d9b97000 rw-p 007b1000 08:01 1316647                    /home/hkyten/information/scilab-5.4.1/lib/thirdparty/liblapack.so.3gf.0
7f58d9b97000-7f58d9ca4000 rw-p 00000000 00:00 0 
7f58d9ca4000-7f58da0b0000 r-xp 00000000 08:01 1316533                    /home/hkyten/information/scilab-5.4.1/lib/scilab/libscilab-cli.so.0.0.0
7f58da0b0000-7f58da2b0000 ---p 0040c000 08:01 1316533                    /home/hkyten/information/scilab-5.4.1/lib/scilab/libscilab-cli.so.0.0.0
7f58da2b0000-7f58da2b3000 r--p 0040c000 08:01 1316533                    /home/hkyten/information/scilab-5.4.1/lib/scilab/libscilab-cli.so.0.0.0
7f58da2b3000-7f58da2bf000 rw-p 0040f000 08:01 1316533                    /home/hkyten/information/scilab-5.4.1/lib/scilab/libscilab-cli.so.0.0.0
7f58da2bf000-7f58da410000 rw-p 00000000 00:00 0 
7f58da410000-7f58da418000 r-xp 00000000 08:01 1316487                    /home/hkyten/information/scilab-5.4.1/lib/scilab/libscijvm.so.5.4.1
7f58da418000-7f58da617000 ---p 00008000 08:01 1316487                    /home/hkyten/information/scilab-5.4.1/lib/scilab/libscijvm.so.5.4.1
7f58da617000-7f58da618000 r--p 00007000 08:01 1316487                    /home/hkyten/information/scilab-5.4.1/lib/scilab/libscijvm.so.5.4.1
7f58da618000-7f58da619000 rw-p 00008000 08:01 1316487                    /home/hkyten/information/scilab-5.4.1/lib/scilab/libscijvm.so.5.4.1
7f58da619000-7f58da622000 r-xp 00000000 08:01 1316527                    /home/hkyten/information/scilab-5.4.1/lib/scilab/libscicommons.so.5.4.1
7f58da622000-7f58da821000 ---p 00009000 08:01 1316527                    /home/hkyten/information/scilab-5.4.1/lib/scilab/libscicommons.so.5.4.1
7f58da821000-7f58da822000 r--p 00008000 08:01 1316527                    /home/hkyten/information/scilab-5.4.1/lib/scilab/libscicommons.so.5.4.1
7f58da822000-7f58da823000 rw-p 00009000 08:01 1316527                    /home/hkyten/information/scilab-5.4.1/lib/scilab/libscicommons.so.5.4.1
7f58da823000-7f58da834000 r-xp 00000000 08:01 1316590                    /home/hkyten/information/scilab-5.4.1/lib/scilab/libscitypes.so.5.4.1
7f58da834000-7f58daa33000 ---p 00011000 08:01 1316590                    /home/hkyten/information/scilab-5.4.1/lib/scilab/libscitypes.so.5.4.1
7f58daa33000-7f58daa34000 r--p 00010000 08:01 1316590                    /home/hkyten/information/scilab-5.4.1/lib/scilab/libscitypes.so.5.4.1
7f58daa34000-7f58daa35000 rw-p 00011000 08:01 1316590                    /home/hkyten/information/scilab-5.4.1/lib/scilab/libscitypes.so.5.4.1
7f58daa35000-7f58daa3c000 r-xp 00000000 08:01 1316577                    /home/hkyten/information/scilab-5.4.1/lib/scilab/libscipreferences.so.5.4.1
7f58daa3c000-7f58dac3b000 ---p 00007000 08:01 1316577                    /home/hkyten/information/scilab-5.4.1/lib/scilab/libscipreferences.so.5.4.1
7f58dac3b000-7f58dac3c000 r--p 00006000 08:01 1316577                    /home/hkyten/information/scilab-5.4.1/lib/scilab/libscipreferences.so.5.4.1
7f58dac3c000-7f58dac3d000 rw-p 00007000 08:01 1316577                    /home/hkyten/information/scilab-5.4.1/lib/scilab/libscipreferences.so.5.4.1
7f58dac3d000-7f58dad4a000 r-xp 00000000 08:01 1316624                    /home/hkyten/information/scilab-5.4.1/lib/thirdparty/libtcl8.5.3.so
7f58dad4a000-7f58daf4a000 ---p 0010d000 08:01 1316624                    /home/hkyten/information/scilab-5.4.1/lib/thirdparty/libtcl8.5.3.so
7f58daf4a000-7f58daf59000 rw-p 0010d000 08:01 1316624                    /home/hkyten/information/scilab-5.4.1/lib/thirdparty/libtcl8.5.3.so
7f58daf59000-7f58daf5a000 rw-p 00000000 00:00 0 
7f58daf5a000-7f58db083000 r-xp 00000000 08:01 1316612                    /home/hkyten/information/scilab-5.4.1/lib/thirdparty/libtk8.5.3.so
7f58db083000-7f58db283000 ---p 00129000 08:01 1316612                    /home/hkyten/information/scilab-5.4.1/lib/thirdparty/libtk8.5.3.so
7f58db283000-7f58db2a0000 rw-p 00129000 08:01 1316612                    /home/hkyten/information/scilab-5.4.1/lib/thirdparty/libtk8.5.3.so
7f58db2a0000-7f58db2a1000 rw-p 00000000 00:00 0 
7f58db2a1000-7f58db2ab000 r-xp 00000000 08:01 1316540                    /home/hkyten/information/scilab-5.4.1/lib/scilab/libscitclsci.so.5.4.1
7f58db2ab000-7f58db4aa000 ---p 0000a000 08:01 1316540                    /home/hkyten/information/scilab-5.4.1/lib/scilab/libscitclsci.so.5.4.1
7f58db4aa000-7f58db4ab000 r--p 00009000 08:01 1316540                    /home/hkyten/information/scilab-5.4.1/lib/scilab/libscitclsci.so.5.4.1
7f58db4ab000-7f58db4ac000 rw-p 0000a000 08:01 1316540                    /home/hkyten/information/scilab-5.4.1/lib/scilab/libscitclsci.so.5.4.1
7f58db4ac000-7f58db4b2000 r-xp 00000000 08:01 1316503                    /home/hkyten/information/scilab-5.4.1/lib/scilab/libscihistory_browser.so.5.4.1
7f58db4b2000-7f58db6b1000 ---p 00006000 08:01 1316503                    /home/hkyten/information/scilab-5.4.1/lib/scilab/libscihistory_browser.so.5.4.1
7f58db6b1000-7f58db6b2000 r--p 00005000 08:01 1316503                    /home/hkyten/information/scilab-5.4.1/lib/scilab/libscihistory_browser.so.5.4.1
7f58db6b2000-7f58db6b3000 rw-p 00006000 08:01 1316503                    /home/hkyten/information/scilab-5.4.1/lib/scilab/libscihistory_browser.so.5.4.1
7f58db6b3000-7f58db6cb000 r-xp 00000000 08:01 1316603                    /home/hkyten/information/scilab-5.4.1/lib/scilab/libsciui_data.so.5.4.1
7f58db6cb000-7f58db8ca000 ---p 00018000 08:01 1316603                    /home/hkyten/information/scilab-5.4.1/lib/scilab/libsciui_data.so.5.4.1
7f58db8ca000-7f58db8cb000 r--p 00017000 08:01 1316603                    /home/hkyten/information/scilab-5.4.1/lib/scilab/libsciui_data.so.5.4.1
7f58db8cb000-7f58db8cc000 rw-p 00018000 08:01 1316603                    /home/hkyten/information/scilab-5.4.1/lib/scilab/libsciui_data.so.5.4.1
7f58db8cc000-7f58db8d5000 r-xp 00000000 08:01 1316583                    /home/hkyten/information/scilab-5.4.1/lib/scilab/libsciscinotes.so.5.4.1
7f58db8d5000-7f58dbad4000 ---p 00009000 08:01 1316583                    /home/hkyten/information/scilab-5.4.1/lib/scilab/libsciscinotes.so.5.4.1
7f58dbad4000-7f58dbad5000 r--p 00008000 08:01 1316583                    /home/hkyten/information/scilab-5.4.1/lib/scilab/libsciscinotes.so.5.4.1
7f58dbad5000-7f58dbad6000 rw-p 00009000 08:01 1316583                    /home/hkyten/information/scilab-5.4.1/lib/scilab/libsciscinotes.so.5.4.1
7f58dbad6000-7f58dbb3b000 r-xp 00000000 08:01 1316576                    /home/hkyten/information/scilab-5.4.1/lib/scilab/libscigraphic_objects.so.5.4.1
7f58dbb3b000-7f58dbd3b000 ---p 00065000 08:01 1316576                    /home/hkyten/information/scilab-5.4.1/lib/scilab/libscigraphic_objects.so.5.4.1
7f58dbd3b000-7f58dbd3c000 r--p 00065000 08:01 1316576                    /home/hkyten/information/scilab-5.4.1/lib/scilab/libscigraphic_objects.so.5.4.1
7f58dbd3c000-7f58dbd3e000 rw-p 00066000 08:01 1316576                    /home/hkyten/information/scilab-5.4.1/lib/scilab/libscigraphic_objects.so.5.4.1
7f58dbd3e000-7f58dbdfa000 rw-p 00000000 00:00 0 
7f58dbdfa000-7f58dbdff000 r-xp 00000000 08:01 1316476                    /home/hkyten/information/scilab-5.4.1/lib/scilab/libsciaction_binding.so.5.4.1
7f58dbdff000-7f58dbffe000 ---p 00005000 08:01 1316476                    /home/hkyten/information/scilab-5.4.1/lib/scilab/libsciaction_binding.so.5.4.1
7f58dbffe000-7f58dbfff000 r--p 00004000 08:01 1316476                    /home/hkyten/information/scilab-5.4.1/lib/scilab/libsciaction_binding.so.5.4.1
7f58dbfff000-7f58dc000000 rw-p 00005000 08:01 1316476                    /home/hkyten/information/scilab-5.4.1/lib/scilab/libsciaction_binding.so.5.4.1
7f58dc000000-7f58dc021000 rw-p 00000000 00:00 0 
7f58dc021000-7f58e0000000 ---p 00000000 00:00 0 
7f58e0000000-7f58e0021000 rw-p 00000000 00:00 0 
7f58e0021000-7f58e4000000 ---p 00000000 00:00 0 
7f58e4000000-7f58e4087000 rw-p 00000000 00:00 0 
7f58e4087000-7f58e8000000 ---p 00000000 00:00 0 
7f58e8000000-7f58e807f000 rw-p 00000000 00:00 0 
7f58e807f000-7f58ec000000 ---p 00000000 00:00 0 
7f58ec000000-7f58ec021000 rw-p 00000000 00:00 0 
7f58ec021000-7f58f0000000 ---p 00000000 00:00 0 
7f58f0000000-7f58f0021000 rw-p 00000000 00:00 0 
7f58f0021000-7f58f4000000 ---p 00000000 00:00 0 
7f58f4000000-7f58f4021000 rw-p 00000000 00:00 0 
7f58f4021000-7f58f8000000 ---p 00000000 00:00 0 
7f58f8000000-7f58f8021000 rw-p 00000000 00:00 0 
7f58f8021000-7f58fc000000 ---p 00000000 00:00 0 
7f58fc000000-7f58fc021000 rw-p 00000000 00:00 0 
7f58fc021000-7f5900000000 ---p 00000000 00:00 0 
7f5900000000-7f5900021000 rw-p 00000000 00:00 0 
7f5900021000-7f5904000000 ---p 00000000 00:00 0 
7f5904000000-7f5904021000 rw-p 00000000 00:00 0 
7f5904021000-7f5908000000 ---p 00000000 00:00 0 
7f5908000000-7f5908021000 rw-p 00000000 00:00 0 
7f5908021000-7f590c000000 ---p 00000000 00:00 0 
7f590c000000-7f590c021000 rw-p 00000000 00:00 0 
7f590c021000-7f5910000000 ---p 00000000 00:00 0 
7f5910000000-7f5910021000 rw-p 00000000 00:00 0 
7f5910021000-7f5914000000 ---p 00000000 00:00 0 
7f5914000000-7f5914021000 rw-p 00000000 00:00 0 
7f5914021000-7f5918000000 ---p 00000000 00:00 0 
7f59181a2000-7f59181ac000 r-xp 00000000 08:01 1316534                    /home/hkyten/information/scilab-5.4.1/lib/scilab/libsciconsole.so.5.4.1
7f59181ac000-7f59183ab000 ---p 0000a000 08:01 1316534                    /home/hkyten/information/scilab-5.4.1/lib/scilab/libsciconsole.so.5.4.1
7f59183ab000-7f59183ac000 r--p 00009000 08:01 1316534                    /home/hkyten/information/scilab-5.4.1/lib/scilab/libsciconsole.so.5.4.1
7f59183ac000-7f59183ad000 rw-p 0000a000 08:01 1316534                    /home/hkyten/information/scilab-5.4.1/lib/scilab/libsciconsole.so.5.4.1
7f59183ad000-7f59183bf000 r-xp 00000000 08:01 1316558                    /home/hkyten/information/scilab-5.4.1/lib/scilab/libscigraphic_export.so.5.4.1
7f59183bf000-7f59185be000 ---p 00012000 08:01 1316558                    /home/hkyten/information/scilab-5.4.1/lib/scilab/libscigraphic_export.so.5.4.1
7f59185be000-7f59185bf000 r--p 00011000 08:01 1316558                    /home/hkyten/information/scilab-5.4.1/lib/scilab/libscigraphic_export.so.5.4.1
7f59185bf000-7f59185c0000 rw-p 00012000 08:01 1316558                    /home/hkyten/information/scilab-5.4.1/lib/scilab/libscigraphic_export.so.5.4.1
7f59185c0000-7f591861b000 r-xp 00000000 08:01 1316607                    /home/hkyten/information/scilab-5.4.1/lib/scilab/libscigraphics.so.5.4.1
7f591861b000-7f591881b000 ---p 0005b000 08:01 1316607                    /home/hkyten/information/scilab-5.4.1/lib/scilab/libscigraphics.so.5.4.1
7f591881b000-7f591881d000 r--p 0005b000 08:01 1316607                    /home/hkyten/information/scilab-5.4.1/lib/scilab/libscigraphics.so.5.4.1
7f591881d000-7f591881f000 rw-p 0005d000 08:01 1316607                    /home/hkyten/information/scilab-5.4.1/lib/scilab/libscigraphics.so.5.4.1
7f591881f000-7f5918820000 rw-p 00000000 00:00 0 
7f5918820000-7f591882c000 r-xp 00000000 08:01 1316445                    /home/hkyten/information/scilab-5.4.1/lib/scilab/libscirenderer.so.5.4.1
7f591882c000-7f5918a2b000 ---p 0000c000 08:01 1316445                    /home/hkyten/information/scilab-5.4.1/lib/scilab/libscirenderer.so.5.4.1
7f5918a2b000-7f5918a2c000 r--p 0000b000 08:01 1316445                    /home/hkyten/information/scilab-5.4.1/lib/scilab/libscirenderer.so.5.4.1
7f5918a2c000-7f5918a2d000 rw-p 0000c000 08:01 1316445                    /home/hkyten/information/scilab-5.4.1/lib/scilab/libscirenderer.so.5.4.1
7f5918a2d000-7f5918a75000 r-xp 00000000 08:01 1316587                    /home/hkyten/information/scilab-5.4.1/lib/scilab/libscigui.so.5.4.1
7f5918a75000-7f5918c75000 ---p 00048000 08:01 1316587                    /home/hkyten/information/scilab-5.4.1/lib/scilab/libscigui.so.5.4.1
7f5918c75000-7f5918c76000 r--p 00048000 08:01 1316587                    /home/hkyten/information/scilab-5.4.1/lib/scilab/libscigui.so.5.4.1
7f5918c76000-7f5918c77000 rw-p 00049000 08:01 1316587                    /home/hkyten/information/scilab-5.4.1/lib/scilab/libscigui.so.5.4.1
7f5918c77000-7f5918c78000 r-xp 00000000 08:01 1316565                    /home/hkyten/information/scilab-5.4.1/lib/scilab/libscilab.so.0.0.0
7f5918c78000-7f5918e78000 ---p 00001000 08:01 1316565                    /home/hkyten/information/scilab-5.4.1/lib/scilab/libscilab.so.0.0.0
7f5918e78000-7f5918e79000 r--p 00001000 08:01 1316565                    /home/hkyten/information/scilab-5.4.1/lib/scilab/libscilab.so.0.0.0
7f5918e79000-7f5918e7a000 rw-p 00002000 08:01 1316565                    /home/hkyten/information/scilab-5.4.1/lib/scilab/libscilab.so.0.0.0
7f5918e7a000-7f5918eb2000 r-xp 00000000 08:01 1316513                    /home/hkyten/information/scilab-5.4.1/lib/scilab/libjavasci2.so.5.4.1
7f5918eb2000-7f59190b2000 ---p 00038000 08:01 1316513                    /home/hkyten/information/scilab-5.4.1/lib/scilab/libjavasci2.so.5.4.1
7f59190b2000-7f59190b3000 r--p 00038000 08:01 1316513                    /home/hkyten/information/scilab-5.4.1/lib/scilab/libjavasci2.so.5.4.1
7f59190b3000-7f59190b4000 rw-p 00039000 08:01 1316513                    /home/hkyten/information/scilab-5.4.1/lib/scilab/libjavasci2.so.5.4.1
7f59190b4000-7f59190b5000 ---p 00000000 00:00 0 
7f59190b5000-7f59191b5000 rw-p 00000000 00:00 0                          [stack:3681]
7f59191b5000-7f59191b8000 ---p 00000000 00:00 0 
7f59191b8000-7f59192b6000 rw-p 00000000 00:00 0                          [stack:3680]
7f59192b6000-7f59192b9000 ---p 00000000 00:00 0 
7f59192b9000-7f59193b7000 rw-p 00000000 00:00 0                          [stack:3679]
7f59193b7000-7f59193ba000 ---p 00000000 00:00 0 
7f59193ba000-7f59194b8000 rw-p 00000000 00:00 0                          [stack:3678]
7f59194b8000-7f59194bb000 ---p 00000000 00:00 0 
7f59194bb000-7f59195b9000 rw-p 00000000 00:00 0                          [stack:3674]
7f59195b9000-7f59195bc000 ---p 00000000 00:00 0 
7f59195bc000-7f59196ba000 rw-p 00000000 00:00 0                          [stack:3673]
7f59196ba000-7f59196bd000 ---p 00000000 00:00 0 
7f59196bd000-7f59197bb000 rw-p 00000000 00:00 0                          [stack:3670]
7f59197bb000-7f59197bf000 r-xp 00000000 08:01 4205529                    /opt/java/jdk1.7.0_15/jre/lib/amd64/libdt_socket.so
7f59197bf000-7f59199be000 ---p 00004000 08:01 4205529                    /opt/java/jdk1.7.0_15/jre/lib/amd64/libdt_socket.so
7f59199be000-7f59199bf000 rw-p 00003000 08:01 4205529                    /opt/java/jdk1.7.0_15/jre/lib/amd64/libdt_socket.so
7f59199bf000-7f59199c2000 ---p 00000000 00:00 0 
7f59199c2000-7f5919ac0000 rw-p 00000000 00:00 0                          [stack:3668]
7f5919ac0000-7f5919ac3000 ---p 00000000 00:00 0 
7f5919ac3000-7f5919bc1000 rw-p 00000000 00:00 0                          [stack:3667]
7f5919bc1000-7f5919bc4000 ---p 00000000 00:00 0 
7f5919bc4000-7f5919cc2000 rw-p 00000000 00:00 0                          [stack:3666]
7f5919cc2000-7f5919cc3000 ---p 00000000 00:00 0 
7f5919cc3000-7f591ade7000 rw-p 00000000 00:00 0                          [stack:3665]
7f591ade7000-7f591afa4000 r--s 039da000 08:01 3936385                    /opt/java/jdk1.7.0_15/jre/lib/rt.jar
7f591afa4000-7f5920030000 rw-p 00000000 00:00 0 
7f5920030000-7f5920031000 ---p 00000000 00:00 0 
7f5920031000-7f5920131000 rw-p 00000000 00:00 0                          [stack:3660]
7f5920131000-7f5920132000 ---p 00000000 00:00 0 
7f5920132000-7f5920232000 rw-p 00000000 00:00 0                          [stack:3659]
7f5920232000-7f5920233000 ---p 00000000 00:00 0 
7f5920233000-7f592035d000 rw-p 00000000 00:00 0                          [stack:3658]
7f592035d000-7f59205c6000 rw-p 00000000 00:00 0 
7f59205c6000-7f59205d1000 rw-p 00000000 00:00 0 
7f59205d1000-7f59205ef000 rw-p 00000000 00:00 0 
7f59205ef000-7f5920619000 rw-p 00000000 00:00 0 
7f5920619000-7f5920881000 rw-p 00000000 00:00 0 
7f5920881000-7f5920897000 rw-p 00000000 00:00 0 
7f5920897000-7f59209cb000 rw-p 00000000 00:00 0 
7f59209cb000-7f59209cc000 rw-p 00000000 00:00 0 
7f59209cc000-7f5920c3c000 rwxp 00000000 00:00 0 
7f5920c3c000-7f59239cc000 rw-p 00000000 00:00 0 
7f59239cc000-7f59239e6000 r-xp 00000000 08:01 4205543                    /opt/java/jdk1.7.0_15/jre/lib/amd64/libzip.so
7f59239e6000-7f5923be6000 ---p 0001a000 08:01 4205543                    /opt/java/jdk1.7.0_15/jre/lib/amd64/libzip.so
7f5923be6000-7f5923be7000 rw-p 0001a000 08:01 4205543                    /opt/java/jdk1.7.0_15/jre/lib/amd64/libzip.so
7f5923be7000-7f5923bf3000 r-xp 00000000 08:01 6950444                    /lib/x86_64-linux-gnu/libnss_files-2.15.so
7f5923bf3000-7f5923df2000 ---p 0000c000 08:01 6950444                    /lib/x86_64-linux-gnu/libnss_files-2.15.so
7f5923df2000-7f5923df3000 r--p 0000b000 08:01 6950444                    /lib/x86_64-linux-gnu/libnss_files-2.15.so
7f5923df3000-7f5923df4000 rw-p 0000c000 08:01 6950444                    /lib/x86_64-linux-gnu/libnss_files-2.15.so
7f5923df4000-7f5923dfe000 r-xp 00000000 08:01 6950448                    /lib/x86_64-linux-gnu/libnss_nis-2.15.so
7f5923dfe000-7f5923ffe000 ---p 0000a000 08:01 6950448                    /lib/x86_64-linux-gnu/libnss_nis-2.15.so
7f5923ffe000-7f5923fff000 r--p 0000a000 08:01 6950448                    /lib/x86_64-linux-gnu/libnss_nis-2.15.so
7f5923fff000-7f5924000000 rw-p 0000b000 08:01 6950448                    /lib/x86_64-linux-gnu/libnss_nis-2.15.so
7f5924000000-7f59241cb000 rw-p 00000000 00:00 0 
7f59241cb000-7f5928000000 ---p 00000000 00:00 0 
7f5928019000-7f592801a000 ---p 00000000 00:00 0 
7f592801a000-7f5928125000 rw-p 00000000 00:00 0                          [stack:3656]
7f5928125000-7f5928143000 rw-p 00000000 00:00 0 
7f5928143000-7f592815a000 r-xp 00000000 08:01 6950438                    /lib/x86_64-linux-gnu/libnsl-2.15.so
7f592815a000-7f5928359000 ---p 00017000 08:01 6950438                    /lib/x86_64-linux-gnu/libnsl-2.15.so
7f5928359000-7f592835a000 r--p 00016000 08:01 6950438                    /lib/x86_64-linux-gnu/libnsl-2.15.so
7f592835a000-7f592835b000 rw-p 00017000 08:01 6950438                    /lib/x86_64-linux-gnu/libnsl-2.15.so
7f592835b000-7f592835d000 rw-p 00000000 00:00 0 
7f592835d000-7f5928365000 r-xp 00000000 08:01 6950440                    /lib/x86_64-linux-gnu/libnss_compat-2.15.so
7f5928365000-7f5928564000 ---p 00008000 08:01 6950440                    /lib/x86_64-linux-gnu/libnss_compat-2.15.so
7f5928564000-7f5928565000 r--p 00007000 08:01 6950440                    /lib/x86_64-linux-gnu/libnss_compat-2.15.so
7f5928565000-7f5928566000 rw-p 00008000 08:01 6950440                    /lib/x86_64-linux-gnu/libnss_compat-2.15.so
7f5928566000-7f5928961000 r--p 00000000 08:01 2628141                    /usr/lib/locale/locale-archive
7f5928961000-7f5928964000 r-xp 00000000 08:01 4205550                    /opt/java/jdk1.7.0_15/jre/lib/amd64/libnpt.so
7f5928964000-7f5928b63000 ---p 00003000 08:01 4205550                    /opt/java/jdk1.7.0_15/jre/lib/amd64/libnpt.so
7f5928b63000-7f5928b64000 rw-p 00002000 08:01 4205550                    /opt/java/jdk1.7.0_15/jre/lib/amd64/libnpt.so
7f5928b64000-7f5928b9d000 r-xp 00000000 08:01 4205527                    /opt/java/jdk1.7.0_15/jre/lib/amd64/libjdwp.so
7f5928b9d000-7f5928d9c000 ---p 00039000 08:01 4205527                    /opt/java/jdk1.7.0_15/jre/lib/amd64/libjdwp.so
7f5928d9c000-7f5928d9e000 rw-p 00038000 08:01 4205527                    /opt/java/jdk1.7.0_15/jre/lib/amd64/libjdwp.so
7f5928d9e000-7f5928dc7000 r-xp 00000000 08:01 4205533                    /opt/java/jdk1.7.0_15/jre/lib/amd64/libjava.so
7f5928dc7000-7f5928fc7000 ---p 00029000 08:01 4205533                    /opt/java/jdk1.7.0_15/jre/lib/amd64/libjava.so
7f5928fc7000-7f5928fc9000 rw-p 00029000 08:01 4205533                    /opt/java/jdk1.7.0_15/jre/lib/amd64/libjava.so
7f5928fc9000-7f5928fd6000 r-xp 00000000 08:01 4205518                    /opt/java/jdk1.7.0_15/jre/lib/amd64/libverify.so
7f5928fd6000-7f59291d5000 ---p 0000d000 08:01 4205518                    /opt/java/jdk1.7.0_15/jre/lib/amd64/libverify.so
7f59291d5000-7f59291d7000 rw-p 0000c000 08:01 4205518                    /opt/java/jdk1.7.0_15/jre/lib/amd64/libverify.so
7f59291d7000-7f59291de000 r-xp 00000000 08:01 6950483                    /lib/x86_64-linux-gnu/librt-2.15.so
7f59291de000-7f59293dd000 ---p 00007000 08:01 6950483                    /lib/x86_64-linux-gnu/librt-2.15.so
7f59293dd000-7f59293de000 r--p 00006000 08:01 6950483                    /lib/x86_64-linux-gnu/librt-2.15.so
7f59293de000-7f59293df000 rw-p 00007000 08:01 6950483                    /lib/x86_64-linux-gnu/librt-2.15.so
7f59293df000-7f59294da000 r-xp 00000000 08:01 6950421                    /lib/x86_64-linux-gnu/libm-2.15.so
7f59294da000-7f59296d9000 ---p 000fb000 08:01 6950421                    /lib/x86_64-linux-gnu/libm-2.15.so
7f59296d9000-7f59296da000 r--p 000fa000 08:01 6950421                    /lib/x86_64-linux-gnu/libm-2.15.so
7f59296da000-7f59296db000 rw-p 000fb000 08:01 6950421                    /lib/x86_64-linux-gnu/libm-2.15.so
7f59296db000-7f592a122000 r-xp 00000000 08:01 4205541                    /opt/java/jdk1.7.0_15/jre/lib/amd64/server/libjvm.so
7f592a122000-7f592a322000 ---p 00a47000 08:01 4205541                    /opt/java/jdk1.7.0_15/jre/lib/amd64/server/libjvm.so
7f592a322000-7f592a3c5000 rw-p 00a47000 08:01 4205541                    /opt/java/jdk1.7.0_15/jre/lib/amd64/server/libjvm.so
7f592a3c5000-7f592a401000 rw-p 00000000 00:00 0 
7f592a401000-7f592a5b6000 r-xp 00000000 08:01 6950379                    /lib/x86_64-linux-gnu/libc-2.15.so
7f592a5b6000-7f592a7b5000 ---p 001b5000 08:01 6950379                    /lib/x86_64-linux-gnu/libc-2.15.so
7f592a7b5000-7f592a7b9000 r--p 001b4000 08:01 6950379                    /lib/x86_64-linux-gnu/libc-2.15.so
7f592a7b9000-7f592a7bb000 rw-p 001b8000 08:01 6950379                    /lib/x86_64-linux-gnu/libc-2.15.so
7f592a7bb000-7f592a7c0000 rw-p 00000000 00:00 0 
7f592a7c0000-7f592a7c2000 r-xp 00000000 08:01 6950394                    /lib/x86_64-linux-gnu/libdl-2.15.so
7f592a7c2000-7f592a9c2000 ---p 00002000 08:01 6950394                    /lib/x86_64-linux-gnu/libdl-2.15.so
7f592a9c2000-7f592a9c3000 r--p 00002000 08:01 6950394                    /lib/x86_64-linux-gnu/libdl-2.15.so
7f592a9c3000-7f592a9c4000 rw-p 00003000 08:01 6950394                    /lib/x86_64-linux-gnu/libdl-2.15.so
7f592a9c4000-7f592a9da000 r-xp 00000000 08:01 4330388                    /opt/java/jdk1.7.0_15/jre/lib/amd64/jli/libjli.so
7f592a9da000-7f592abda000 ---p 00016000 08:01 4330388                    /opt/java/jdk1.7.0_15/jre/lib/amd64/jli/libjli.so
7f592abda000-7f592abdb000 rw-p 00016000 08:01 4330388                    /opt/java/jdk1.7.0_15/jre/lib/amd64/jli/libjli.so
7f592abdb000-7f592abf3000 r-xp 00000000 08:01 6950475                    /lib/x86_64-linux-gnu/libpthread-2.15.so
7f592abf3000-7f592adf2000 ---p 00018000 08:01 6950475                    /lib/x86_64-linux-gnu/libpthread-2.15.so
7f592adf2000-7f592adf3000 r--p 00017000 08:01 6950475                    /lib/x86_64-linux-gnu/libpthread-2.15.so
7f592adf3000-7f592adf4000 rw-p 00018000 08:01 6950475                    /lib/x86_64-linux-gnu/libpthread-2.15.so
7f592adf4000-7f592adf8000 rw-p 00000000 00:00 0 
7f592adf8000-7f592ae1a000 r-xp 00000000 08:01 6950355                    /lib/x86_64-linux-gnu/ld-2.15.so
7f592ae2f000-7f592ae30000 rw-p 00000000 00:00 0 
7f592ae30000-7f592ae37000 r--s 00000000 08:01 2756674                    /usr/lib/x86_64-linux-gnu/gconv/gconv-modules.cache
7f592ae37000-7f592ae41000 rw-p 00000000 00:00 0 
7f592ae41000-7f592aef7000 rw-p 00000000 00:00 0 
7f592aef7000-7f592aefa000 ---p 00000000 00:00 0 
7f592aefa000-7f592affc000 rw-p 00000000 00:00 0                          [stack:3655]
7f592b000000-7f592b001000 rw-p 00000000 00:00 0 
7f592b001000-7f592b002000 rw-s 00000000 00:04 69299                      /dev/zero (deleted)
7f592b002000-7f592b004000 r--s 00002000 08:01 1188915                    /home/hkyten/information/scilab-5.4.1/share/scilab/modules/javasci/jar/org.scilab.modules.javasci.jar
7f592b004000-7f592b005000 r--s 00001000 08:01 1184608                    /home/hkyten/information/scilab-5.4.1/share/scilab/modules/jvm/jar/org.scilab.modules.jvm.jar
7f592b005000-7f592b006000 r--s 00008000 08:01 1181178                    /home/hkyten/information/scilab-5.4.1/share/scilab/modules/types/jar/org.scilab.modules.types.jar
7f592b006000-7f592b00b000 r--s 0002b000 08:01 2229524                    /home/hkyten/workspace/gintshell/java/libs/gson-2.2.3.jar
7f592b00b000-7f592b00e000 r--s 0003c000 08:01 2229526                    /home/hkyten/workspace/gintshell/java/libs/gson-2.2.3-javadoc.jar
7f592b00e000-7f592b016000 rw-s 00000000 08:01 5246601                    /tmp/hsperfdata_hkyten/3654
7f592b016000-7f592b017000 rw-p 00000000 00:00 0 
7f592b017000-7f592b018000 r--p 00000000 00:00 0 
7f592b018000-7f592b01a000 rw-p 00000000 00:00 0 
7f592b01a000-7f592b01b000 r--p 00022000 08:01 6950355                    /lib/x86_64-linux-gnu/ld-2.15.so
7f592b01b000-7f592b01d000 rw-p 00023000 08:01 6950355                    /lib/x86_64-linux-gnu/ld-2.15.so
7fff79d0e000-7fff79d2f000 rw-p 00000000 00:00 0                          [stack]
7fff79dac000-7fff79dad000 r-xp 00000000 00:00 0                          [vdso]
ffffffffff600000-ffffffffff601000 r-xp 00000000 00:00 0                  [vsyscall]

VM Arguments:
jvm_args: -agentlib:jdwp=transport=dt_socket,suspend=y,address=localhost:34548 -Djava.library.path=/home/hkyten/information/scilab-5.4.1/lib/scilab:/home/hkyten/information/scilab-5.4.1/lib/scilab -Dfile.encoding=UTF-8 
java_command: org.kilar.hybridIS.neuralIS.NeuralISScilab
Launcher Type: SUN_STANDARD

Environment Variables:
PATH=/usr/lib/lightdm/lightdm:/usr/local/sbin:/usr/local/bin:/usr/sbin:/usr/bin:/sbin:/bin:/usr/games:/usr/local/games
LD_LIBRARY_PATH=/home/hkyten/information/scilab-5.4.1/lib/scilab:/home/hkyten/information/scilab-5.4.1/lib/thirdparty
SHELL=/bin/bash
DISPLAY=:0

Signal Handlers:
SIGSEGV: [libjvm.so+0x8a5d70], sa_mask[0]=0x7ffbfeff, sa_flags=0x10000004
SIGBUS: [libjvm.so+0x8a5d70], sa_mask[0]=0x7ffbfeff, sa_flags=0x10000004
SIGFPE: [libjvm.so+0x741e50], sa_mask[0]=0x7ffbfeff, sa_flags=0x10000004
SIGPIPE: [libjvm.so+0x741e50], sa_mask[0]=0x7ffbfeff, sa_flags=0x10000004
SIGXFSZ: [libjvm.so+0x741e50], sa_mask[0]=0x7ffbfeff, sa_flags=0x10000004
SIGILL: [libjvm.so+0x741e50], sa_mask[0]=0x7ffbfeff, sa_flags=0x10000004
SIGUSR1: SIG_DFL, sa_mask[0]=0x00000000, sa_flags=0x00000000
SIGUSR2: [libjvm.so+0x7417a0], sa_mask[0]=0x00000004, sa_flags=0x10000004
SIGHUP: [libjvm.so+0x743b30], sa_mask[0]=0x7ffbfeff, sa_flags=0x10000004
SIGINT: [libjvm.so+0x743b30], sa_mask[0]=0x7ffbfeff, sa_flags=0x10000004
SIGTERM: [libjvm.so+0x743b30], sa_mask[0]=0x7ffbfeff, sa_flags=0x10000004
SIGQUIT: [libjvm.so+0x743b30], sa_mask[0]=0x7ffbfeff, sa_flags=0x10000004


---------------  S Y S T E M  ---------------

OS:wheezy/sid

uname:Linux 3.5.0-26-generic #42-Ubuntu SMP Fri Mar 8 23:18:20 UTC 2013 x86_64
libc:glibc 2.15 NPTL 2.15 
rlimit: STACK 8192k, CORE 0k, NPROC 62598, NOFILE 4096, AS infinity
load average:0,86 0,40 0,19

/proc/meminfo:
MemTotal:        8089792 kB
MemFree:         4490324 kB
Buffers:           78964 kB
Cached:          1903460 kB
SwapCached:            0 kB
Active:          1999308 kB
Inactive:        1309484 kB
Active(anon):    1334304 kB
Inactive(anon):   107748 kB
Active(file):     665004 kB
Inactive(file):  1201736 kB
Unevictable:       31416 kB
Mlocked:           31424 kB
SwapTotal:       7595004 kB
SwapFree:        7595004 kB
Dirty:                56 kB
Writeback:             0 kB
AnonPages:       1357680 kB
Mapped:           221572 kB
Shmem:            109852 kB
Slab:             112752 kB
SReclaimable:      74408 kB
SUnreclaim:        38344 kB
KernelStack:        4680 kB
PageTables:        51272 kB
NFS_Unstable:          0 kB
Bounce:                0 kB
WritebackTmp:          0 kB
CommitLimit:    11639900 kB
Committed_AS:    4772496 kB
VmallocTotal:   34359738367 kB
VmallocUsed:      367812 kB
VmallocChunk:   34359365272 kB
HardwareCorrupted:     0 kB
AnonHugePages:         0 kB
HugePages_Total:       0
HugePages_Free:        0
HugePages_Rsvd:        0
HugePages_Surp:        0
Hugepagesize:       2048 kB
DirectMap4k:       59392 kB
DirectMap2M:     8245248 kB


CPU:total 4 (2 cores per cpu, 2 threads per core) family 6 model 42 stepping 7, cmov, cx8, fxsr, mmx, sse, sse2, sse3, ssse3, sse4.1, sse4.2, popcnt, avx, ht, tsc, tscinvbit

/proc/cpuinfo:
processor	: 0
vendor_id	: GenuineIntel
cpu family	: 6
model		: 42
model name	: Intel(R) Core(TM) i3-2350M CPU @ 2.30GHz
stepping	: 7
microcode	: 0x25
cpu MHz		: 2300.000
cache size	: 3072 KB
physical id	: 0
siblings	: 4
core id		: 0
cpu cores	: 2
apicid		: 0
initial apicid	: 0
fpu		: yes
fpu_exception	: yes
cpuid level	: 13
wp		: yes
flags		: fpu vme de pse tsc msr pae mce cx8 apic sep mtrr pge mca cmov pat pse36 clflush dts acpi mmx fxsr sse sse2 ss ht tm pbe syscall nx rdtscp lm constant_tsc arch_perfmon pebs bts nopl xtopology nonstop_tsc aperfmperf pni pclmulqdq dtes64 monitor ds_cpl vmx est tm2 ssse3 cx16 xtpr pdcm pcid sse4_1 sse4_2 x2apic popcnt tsc_deadline_timer xsave avx lahf_lm arat epb xsaveopt pln pts dtherm tpr_shadow vnmi flexpriority ept vpid
bogomips	: 4589.71
clflush size	: 64
cache_alignment	: 64
address sizes	: 36 bits physical, 48 bits virtual
power management:

processor	: 1
vendor_id	: GenuineIntel
cpu family	: 6
model		: 42
model name	: Intel(R) Core(TM) i3-2350M CPU @ 2.30GHz
stepping	: 7
microcode	: 0x25
cpu MHz		: 800.000
cache size	: 3072 KB
physical id	: 0
siblings	: 4
core id		: 0
cpu cores	: 2
apicid		: 1
initial apicid	: 1
fpu		: yes
fpu_exception	: yes
cpuid level	: 13
wp		: yes
flags		: fpu vme de pse tsc msr pae mce cx8 apic sep mtrr pge mca cmov pat pse36 clflush dts acpi mmx fxsr sse sse2 ss ht tm pbe syscall nx rdtscp lm constant_tsc arch_perfmon pebs bts nopl xtopology nonstop_tsc aperfmperf pni pclmulqdq dtes64 monitor ds_cpl vmx est tm2 ssse3 cx16 xtpr pdcm pcid sse4_1 sse4_2 x2apic popcnt tsc_deadline_timer xsave avx lahf_lm arat epb xsaveopt pln pts dtherm tpr_shadow vnmi flexpriority ept vpid
bogomips	: 4589.71
clflush size	: 64
cache_alignment	: 64
address sizes	: 36 bits physical, 48 bits virtual
power management:

processor	: 2
vendor_id	: GenuineIntel
cpu family	: 6
model		: 42
model name	: Intel(R) Core(TM) i3-2350M CPU @ 2.30GHz
stepping	: 7
microcode	: 0x25
cpu MHz		: 800.000
cache size	: 3072 KB
physical id	: 0
siblings	: 4
core id		: 1
cpu cores	: 2
apicid		: 2
initial apicid	: 2
fpu		: yes
fpu_exception	: yes
cpuid level	: 13
wp		: yes
flags		: fpu vme de pse tsc msr pae mce cx8 apic sep mtrr pge mca cmov pat pse36 clflush dts acpi mmx fxsr sse sse2 ss ht tm pbe syscall nx rdtscp lm constant_tsc arch_perfmon pebs bts nopl xtopology nonstop_tsc aperfmperf pni pclmulqdq dtes64 monitor ds_cpl vmx est tm2 ssse3 cx16 xtpr pdcm pcid sse4_1 sse4_2 x2apic popcnt tsc_deadline_timer xsave avx lahf_lm arat epb xsaveopt pln pts dtherm tpr_shadow vnmi flexpriority ept vpid
bogomips	: 4589.71
clflush size	: 64
cache_alignment	: 64
address sizes	: 36 bits physical, 48 bits virtual
power management:

processor	: 3
vendor_id	: GenuineIntel
cpu family	: 6
model		: 42
model name	: Intel(R) Core(TM) i3-2350M CPU @ 2.30GHz
stepping	: 7
microcode	: 0x25
cpu MHz		: 2300.000
cache size	: 3072 KB
physical id	: 0
siblings	: 4
core id		: 1
cpu cores	: 2
apicid		: 3
initial apicid	: 3
fpu		: yes
fpu_exception	: yes
cpuid level	: 13
wp		: yes
flags		: fpu vme de pse tsc msr pae mce cx8 apic sep mtrr pge mca cmov pat pse36 clflush dts acpi mmx fxsr sse sse2 ss ht tm pbe syscall nx rdtscp lm constant_tsc arch_perfmon pebs bts nopl xtopology nonstop_tsc aperfmperf pni pclmulqdq dtes64 monitor ds_cpl vmx est tm2 ssse3 cx16 xtpr pdcm pcid sse4_1 sse4_2 x2apic popcnt tsc_deadline_timer xsave avx lahf_lm arat epb xsaveopt pln pts dtherm tpr_shadow vnmi flexpriority ept vpid
bogomips	: 4589.71
clflush size	: 64
cache_alignment	: 64
address sizes	: 36 bits physical, 48 bits virtual
power management:



Memory: 4k page, physical 8089792k(4490324k free), swap 7595004k(7595004k free)

vm_info: Java HotSpot(TM) 64-Bit Server VM (23.7-b01) for linux-amd64 JRE (1.7.0_15-b03), built on Feb 15 2013 13:03:43 by "java_re" with gcc 4.3.0 20080428 (Red Hat 4.3.0-8)

time: Sun Apr 21 10:07:11 2013
elapsed time: 8 seconds

