#
# A fatal error has been detected by the Java Runtime Environment:
#
#  SIGSEGV (0xb) at pc=0x00007f7c58971c25, pid=3593, tid=140172050061056
#
# JRE version: 7.0_15-b03
# Java VM: Java HotSpot(TM) 64-Bit Server VM (23.7-b01 mixed mode linux-amd64 compressed oops)
# Problematic frame:
# C  [libc.so.6+0x162c25]  __nss_hosts_lookup+0x312c5
#
# Failed to write core dump. Core dumps have been disabled. To enable core dumping, try "ulimit -c unlimited" before starting Java again
#
# If you would like to submit a bug report, please visit:
#   http://bugreport.sun.com/bugreport/crash.jsp
# The crash happened outside the Java Virtual Machine in native code.
# See problematic frame for where to report the bug.
#

---------------  T H R E A D  ---------------

Current thread (0x00007f7c5000b800):  JavaThread "main" [_thread_in_native, id=3594, stack(0x00007f7c59305000,0x00007f7c59406000)]

siginfo:si_signo=SIGSEGV: si_errno=0, si_code=1 (SEGV_MAPERR), si_addr=0x0000000000000030

Registers:
RAX=0x0000000000000030, RBX=0x000000000000003c, RCX=0x000000000000003c, RDX=0x0000000000000005
RSP=0x00007f7c594013d8, RBP=0x00007f7c501a2ea0, RSI=0x00007f7c447a1006, RDI=0x000000000000003c
R8 =0x666e692f6e657479, R9 =0x6e6f6974616d726f, R10=0x2d62616c6963732f, R11=0x0000000000000000
R12=0x0000000000000025, R13=0x00007f7c3ec8f1c0, R14=0x00007f7c501a15a0, R15=0x00000000ffffffff
RIP=0x00007f7c58971c25, EFLAGS=0x0000000000010206, CSGSFS=0x0000000000000033, ERR=0x0000000000000004
  TRAPNO=0x000000000000000e

Top of Stack: (sp=0x00007f7c594013d8)
0x00007f7c594013d8:   00007f7c4431a59e 00007f7c50000858
0x00007f7c594013e8:   0000000000000000 00007f7c441a1f90
0x00007f7c594013f8:   00007f7c50185340 00007f7c501a2ea0
0x00007f7c59401408:   00007f7c501a15d0 00007f7c501b0360
0x00007f7c59401418:   00007f7c501a2ea0 00007f7c3ec8f1c0
0x00007f7c59401428:   00007f7c00000000 00007f7c501a2ea0
0x00007f7c59401438:   00007f7c50000030 00007f7c50000020
0x00007f7c59401448:   00007f7c501a15d0 00007f7c3ec8f1f4
0x00007f7c59401458:   00007f7c501a2ea0 00007f7c3ec8f1c0
0x00007f7c59401468:   00007f7c501a15a0 00000000ffffffff
0x00007f7c59401478:   00007f7c4430cff7 00007f7c594014b0
0x00007f7c59401488:   00007f7c594014c8 00007f7c594014cc
0x00007f7c59401498:   00000000000007f0 000000fe3ec8f1f4
0x00007f7c594014a8:   00007f7c500ae5d0 00007f7c3ec8f1c0
0x00007f7c594014b8:   00007f7c5921b245 0000000000000001
0x00007f7c594014c8:   0000000000000000 0000000000000000
0x00007f7c594014d8:   00007f7c501a15d0 00007f7c3ec8f1f4
0x00007f7c594014e8:   00007f7c5940466c 00007f7c3ec8f1c0
0x00007f7c594014f8:   00007f7c501a15a0 00000000ffffffff
0x00007f7c59401508:   00007f7c442fd627 676175676e616c20
0x00007f7c59401518:   0000000050185340 00000000000003c8
0x00007f7c59401528:   00007f7c442e50d8 0000000000000445
0x00007f7c59401538:   00007f7c442e3d14 000000007f8be318
0x00007f7c59401548:   00007f7c7f8ae660 00007f7c00000000
0x00007f7c59401558:   00007f7c00000000 6e6f697400000000
0x00007f7c59401568:   2d62616c6963732f 696c2f312e342e35
0x00007f7c59401578:   7064726968742f62 62696c2f79747261
0x00007f7c59401588:   6f732e7000000000 6e6f697400000000
0x00007f7c59401598:   2d62616c6963732f 00007f7c34d130e0
0x00007f7c594015a8:   00007f7c00000000 00007f7c00000000
0x00007f7c594015b8:   002e6f732e756158 00007f7c59401560
0x00007f7c594015c8:   00007f7c50196ac0 00007f7c3514950d 

Instructions: (pc=0x00007f7c58971c25)
0x00007f7c58971c05:   66 0f 74 c1 66 0f d7 d0 85 d2 0f 85 4e 02 00 00
0x00007f7c58971c15:   48 89 f8 48 83 e0 f0 eb 24 48 89 f8 48 83 e0 f0
0x00007f7c58971c25:   66 0f 74 00 41 ba ff ff ff ff 48 29 c1 41 d3 e2
0x00007f7c58971c35:   66 0f d7 d0 44 21 d2 0f 85 1e 02 00 00 66 0f ef 

Register to memory mapping:

RAX=0x0000000000000030 is an unknown value
RBX=0x000000000000003c is an unknown value
RCX=0x000000000000003c is an unknown value
RDX=0x0000000000000005 is an unknown value
RSP=0x00007f7c594013d8 is pointing into the stack for thread: 0x00007f7c5000b800
RBP=0x00007f7c501a2ea0 is an unknown value
RSI=0x00007f7c447a1006: <offset 0x61d006> in /home/hkyten/information/scilab-5.4.1/lib/scilab/libscilab-cli.so.0 at 0x00007f7c44184000
RDI=0x000000000000003c is an unknown value
R8 =0x666e692f6e657479 is an unknown value
R9 =0x6e6f6974616d726f is an unknown value
R10=0x2d62616c6963732f is an unknown value
R11=0x0000000000000000 is an unknown value
R12=0x0000000000000025 is an unknown value
R13=0x00007f7c3ec8f1c0: <offset 0x2041c0> in /home/hkyten/information/scilab-5.4.1/lib/scilab/libscicall_scilab.so.5 at 0x00007f7c3ea8b000
R14=0x00007f7c501a15a0 is an unknown value
R15=0x00000000ffffffff is an unknown value


Stack: [0x00007f7c59305000,0x00007f7c59406000],  sp=0x00007f7c594013d8,  free space=1008k
Native frames: (J=compiled Java code, j=interpreted, Vv=VM code, C=native code)
C  [libc.so.6+0x162c25]  __nss_hosts_lookup+0x312c5

Java frames: (J=compiled Java code, j=interpreted, Vv=VM code)
j  org.scilab.modules.javasci.Call_ScilabJNI.Call_ScilabOpen(Ljava/lang/String;ZLjava/lang/String;I)I+0
j  org.scilab.modules.javasci.Call_Scilab.Call_ScilabOpen(Ljava/lang/String;ZLjava/lang/String;I)I+4
j  org.scilab.modules.javasci.Scilab.open()Z+10
j  org.kilar.hybridIS.general.ScilabAdapter.initialize()V+20
j  org.kilar.hybridIS.neuralIS.NeuralISScilab.<init>(Lorg/kilar/hybridIS/neuralIS/ModuleConfigNeural;)V+5
j  org.kilar.hybridIS.neuralIS.NeuralISScilab.main([Ljava/lang/String;)V+93
v  ~StubRoutines::call_stub

---------------  P R O C E S S  ---------------

Java Threads: ( => current thread )
  0x00007f7c50102800 JavaThread "Service Thread" daemon [_thread_blocked, id=3621, stack(0x00007f7c474f3000,0x00007f7c475f4000)]
  0x00007f7c50100000 JavaThread "C2 CompilerThread1" daemon [_thread_blocked, id=3620, stack(0x00007f7c475f4000,0x00007f7c476f5000)]
  0x00007f7c500fd000 JavaThread "C2 CompilerThread0" daemon [_thread_blocked, id=3619, stack(0x00007f7c476f5000,0x00007f7c477f6000)]
  0x00007f7c0c001000 JavaThread "JDWP Command Reader" daemon [_thread_in_native, id=3612, stack(0x00007f7c477f6000,0x00007f7c478f7000)]
  0x00007f7c500fb000 JavaThread "JDWP Event Helper Thread" daemon [_thread_blocked, id=3611, stack(0x00007f7c478f7000,0x00007f7c479f8000)]
  0x00007f7c500f7800 JavaThread "JDWP Transport Listener: dt_socket" daemon [_thread_blocked, id=3610, stack(0x00007f7c479f8000,0x00007f7c47af9000)]
  0x00007f7c500ea800 JavaThread "Signal Dispatcher" daemon [_thread_blocked, id=3608, stack(0x00007f7c47cfd000,0x00007f7c47dfe000)]
  0x00007f7c5009e800 JavaThread "Finalizer" daemon [_thread_blocked, id=3606, stack(0x00007f7c47dfe000,0x00007f7c47eff000)]
  0x00007f7c5009c000 JavaThread "Reference Handler" daemon [_thread_blocked, id=3605, stack(0x00007f7c47eff000,0x00007f7c48000000)]
=>0x00007f7c5000b800 JavaThread "main" [_thread_in_native, id=3594, stack(0x00007f7c59305000,0x00007f7c59406000)]

Other Threads:
  0x00007f7c50094800 VMThread [stack: 0x00007f7c4c04c000,0x00007f7c4c14d000] [id=3604]
  0x00007f7c5010d000 WatcherThread [stack: 0x00007f7c473f2000,0x00007f7c474f3000] [id=3622]

VM state:not at safepoint (normal execution)

VM Mutex/Monitor currently owned by a thread: None

Heap
 PSYoungGen      total 36864K, used 1897K [0x00000007d6d60000, 0x00000007d9680000, 0x0000000800000000)
  eden space 31616K, 6% used [0x00000007d6d60000,0x00000007d6f3a498,0x00000007d8c40000)
  from space 5248K, 0% used [0x00000007d9160000,0x00000007d9160000,0x00000007d9680000)
  to   space 5248K, 0% used [0x00000007d8c40000,0x00000007d8c40000,0x00000007d9160000)
 ParOldGen       total 84352K, used 0K [0x0000000784800000, 0x0000000789a60000, 0x00000007d6d60000)
  object space 84352K, 0% used [0x0000000784800000,0x0000000784800000,0x0000000789a60000)
 PSPermGen       total 21248K, used 2848K [0x000000077f600000, 0x0000000780ac0000, 0x0000000784800000)
  object space 21248K, 13% used [0x000000077f600000,0x000000077f8c81a0,0x0000000780ac0000)

Card table byte_map: [0x00007f7c55b17000,0x00007f7c55f1d000] byte_map_base: 0x00007f7c51f1c000

Polling page: 0x00007f7c59425000

Code Cache  [0x00007f7c4d000000, 0x00007f7c4d270000, 0x00007f7c50000000)
 total_blobs=178 nmethods=2 adapters=137 free_code_cache=48768Kb largest_free_block=49918336

Compilation events (4 events):
Event: 7,813 Thread 0x00007f7c50100000    1             java.lang.String::indexOf (70 bytes)
Event: 7,815 Thread 0x00007f7c500fd000    2             sun.nio.cs.UTF_8$Encoder::encode (361 bytes)
Event: 7,822 Thread 0x00007f7c50100000 nmethod 1 0x00007f7c4d05fb50 code [0x00007f7c4d05fca0, 0x00007f7c4d05fe88]
Event: 7,832 Thread 0x00007f7c500fd000 nmethod 2 0x00007f7c4d05ea90 code [0x00007f7c4d05ec20, 0x00007f7c4d05f308]

GC Heap History (0 events):
No events

Deoptimization events (0 events):
No events

Internal exceptions (10 events):
Event: 0,393 Thread 0x00007f7c5000b800 Threw 0x00000007d6dec628 at /HUDSON/workspace/jdk7u15-2-build-linux-amd64-product/jdk7u15/hotspot/src/share/vm/prims/jvm.cpp:1166
Event: 7,804 Thread 0x00007f7c5000b800 Threw 0x00000007d6df00d8 at /HUDSON/workspace/jdk7u15-2-build-linux-amd64-product/jdk7u15/hotspot/src/share/vm/prims/jvm.cpp:1166
Event: 7,808 Thread 0x00007f7c5000b800 Threw 0x00000007d6dfa538 at /HUDSON/workspace/jdk7u15-2-build-linux-amd64-product/jdk7u15/hotspot/src/share/vm/prims/jvm.cpp:1166
Event: 7,809 Thread 0x00007f7c5000b800 Threw 0x00000007d6dfe090 at /HUDSON/workspace/jdk7u15-2-build-linux-amd64-product/jdk7u15/hotspot/src/share/vm/prims/jvm.cpp:1166
Event: 7,811 Thread 0x00007f7c5000b800 Threw 0x00000007d6ea0268 at /HUDSON/workspace/jdk7u15-2-build-linux-amd64-product/jdk7u15/hotspot/src/share/vm/prims/jvm.cpp:1166
Event: 7,813 Thread 0x00007f7c5000b800 Threw 0x00000007d6ea3f38 at /HUDSON/workspace/jdk7u15-2-build-linux-amd64-product/jdk7u15/hotspot/src/share/vm/prims/jvm.cpp:1166
Event: 7,815 Thread 0x00007f7c5000b800 Threw 0x00000007d6ea79e8 at /HUDSON/workspace/jdk7u15-2-build-linux-amd64-product/jdk7u15/hotspot/src/share/vm/prims/jvm.cpp:1166
Event: 7,816 Thread 0x00007f7c5000b800 Threw 0x00000007d6eab578 at /HUDSON/workspace/jdk7u15-2-build-linux-amd64-product/jdk7u15/hotspot/src/share/vm/prims/jvm.cpp:1166
Event: 7,822 Thread 0x00007f7c5000b800 Threw 0x00000007d6eb2b18 at /HUDSON/workspace/jdk7u15-2-build-linux-amd64-product/jdk7u15/hotspot/src/share/vm/prims/jvm.cpp:1166
Event: 7,825 Thread 0x00007f7c5000b800 Threw 0x00000007d6eb76f0 at /HUDSON/workspace/jdk7u15-2-build-linux-amd64-product/jdk7u15/hotspot/src/share/vm/prims/jvm.cpp:1166

Events (10 events):
Event: 7,840 Executing VM operation: ChangeSingleStep
Event: 7,840 Executing VM operation: ChangeSingleStep done
Event: 9,789 Executing VM operation: EnterInterpOnlyMode
Event: 9,789 Executing VM operation: EnterInterpOnlyMode done
Event: 9,789 Executing VM operation: GetCurrentLocation
Event: 9,789 Executing VM operation: GetCurrentLocation done
Event: 9,789 Executing VM operation: ChangeSingleStep
Event: 9,789 Executing VM operation: ChangeSingleStep done
Event: 9,790 Executing VM operation: ChangeSingleStep
Event: 9,790 Executing VM operation: ChangeSingleStep done


Dynamic libraries:
00400000-00401000 r-xp 00000000 08:01 3935860                            /opt/java/jdk1.7.0_15/bin/java
00600000-00601000 rw-p 00000000 08:01 3935860                            /opt/java/jdk1.7.0_15/bin/java
0211a000-0213b000 rw-p 00000000 00:00 0                                  [heap]
77f600000-780ac0000 rw-p 00000000 00:00 0 
780ac0000-784800000 rw-p 00000000 00:00 0 
784800000-789a60000 rw-p 00000000 00:00 0 
789a60000-7d6d60000 rw-p 00000000 00:00 0 
7d6d60000-7d9680000 rw-p 00000000 00:00 0 
7d9680000-800000000 rw-p 00000000 00:00 0 
7f7bfc000000-7f7bfc021000 rw-p 00000000 00:00 0 
7f7bfc021000-7f7c00000000 ---p 00000000 00:00 0 
7f7c00000000-7f7c00021000 rw-p 00000000 00:00 0 
7f7c00021000-7f7c04000000 ---p 00000000 00:00 0 
7f7c04000000-7f7c04099000 rw-p 00000000 00:00 0 
7f7c04099000-7f7c08000000 ---p 00000000 00:00 0 
7f7c08000000-7f7c08076000 rw-p 00000000 00:00 0 
7f7c08076000-7f7c0c000000 ---p 00000000 00:00 0 
7f7c0c000000-7f7c0c021000 rw-p 00000000 00:00 0 
7f7c0c021000-7f7c10000000 ---p 00000000 00:00 0 
7f7c10000000-7f7c10021000 rw-p 00000000 00:00 0 
7f7c10021000-7f7c14000000 ---p 00000000 00:00 0 
7f7c14000000-7f7c14021000 rw-p 00000000 00:00 0 
7f7c14021000-7f7c18000000 ---p 00000000 00:00 0 
7f7c18000000-7f7c18021000 rw-p 00000000 00:00 0 
7f7c18021000-7f7c1c000000 ---p 00000000 00:00 0 
7f7c1c000000-7f7c1c021000 rw-p 00000000 00:00 0 
7f7c1c021000-7f7c20000000 ---p 00000000 00:00 0 
7f7c20000000-7f7c20021000 rw-p 00000000 00:00 0 
7f7c20021000-7f7c24000000 ---p 00000000 00:00 0 
7f7c24000000-7f7c24021000 rw-p 00000000 00:00 0 
7f7c24021000-7f7c28000000 ---p 00000000 00:00 0 
7f7c2bfb0000-7f7c30000000 rw-p 00000000 00:00 0 
7f7c30000000-7f7c30021000 rw-p 00000000 00:00 0 
7f7c30021000-7f7c34000000 ---p 00000000 00:00 0 
7f7c34b0e000-7f7c34b13000 r-xp 00000000 08:01 2629492                    /usr/lib/x86_64-linux-gnu/libXdmcp.so.6.0.0
7f7c34b13000-7f7c34d12000 ---p 00005000 08:01 2629492                    /usr/lib/x86_64-linux-gnu/libXdmcp.so.6.0.0
7f7c34d12000-7f7c34d13000 r--p 00004000 08:01 2629492                    /usr/lib/x86_64-linux-gnu/libXdmcp.so.6.0.0
7f7c34d13000-7f7c34d14000 rw-p 00005000 08:01 2629492                    /usr/lib/x86_64-linux-gnu/libXdmcp.so.6.0.0
7f7c34d14000-7f7c34d16000 r-xp 00000000 08:01 2629481                    /usr/lib/x86_64-linux-gnu/libXau.so.6.0.0
7f7c34d16000-7f7c34f16000 ---p 00002000 08:01 2629481                    /usr/lib/x86_64-linux-gnu/libXau.so.6.0.0
7f7c34f16000-7f7c34f17000 r--p 00002000 08:01 2629481                    /usr/lib/x86_64-linux-gnu/libXau.so.6.0.0
7f7c34f17000-7f7c34f18000 rw-p 00003000 08:01 2629481                    /usr/lib/x86_64-linux-gnu/libXau.so.6.0.0
7f7c34f18000-7f7c34f3e000 r-xp 00000000 08:01 6950399                    /lib/x86_64-linux-gnu/libexpat.so.1.6.0
7f7c34f3e000-7f7c3513e000 ---p 00026000 08:01 6950399                    /lib/x86_64-linux-gnu/libexpat.so.1.6.0
7f7c3513e000-7f7c35140000 r--p 00026000 08:01 6950399                    /lib/x86_64-linux-gnu/libexpat.so.1.6.0
7f7c35140000-7f7c35141000 rw-p 00028000 08:01 6950399                    /lib/x86_64-linux-gnu/libexpat.so.1.6.0
7f7c35141000-7f7c3515e000 r-xp 00000000 08:01 2630093                    /usr/lib/x86_64-linux-gnu/libxcb.so.1.1.0
7f7c3515e000-7f7c3535d000 ---p 0001d000 08:01 2630093                    /usr/lib/x86_64-linux-gnu/libxcb.so.1.1.0
7f7c3535d000-7f7c3535e000 r--p 0001c000 08:01 2630093                    /usr/lib/x86_64-linux-gnu/libxcb.so.1.1.0
7f7c3535e000-7f7c3535f000 rw-p 0001d000 08:01 2630093                    /usr/lib/x86_64-linux-gnu/libxcb.so.1.1.0
7f7c3535f000-7f7c35368000 r-xp 00000000 08:01 2629514                    /usr/lib/x86_64-linux-gnu/libXrender.so.1.3.0
7f7c35368000-7f7c35567000 ---p 00009000 08:01 2629514                    /usr/lib/x86_64-linux-gnu/libXrender.so.1.3.0
7f7c35567000-7f7c35568000 r--p 00008000 08:01 2629514                    /usr/lib/x86_64-linux-gnu/libXrender.so.1.3.0
7f7c35568000-7f7c35569000 rw-p 00009000 08:01 2629514                    /usr/lib/x86_64-linux-gnu/libXrender.so.1.3.0
7f7c35569000-7f7c355a0000 r-xp 00000000 08:01 2629674                    /usr/lib/x86_64-linux-gnu/libfontconfig.so.1.6.2
7f7c355a0000-7f7c357a0000 ---p 00037000 08:01 2629674                    /usr/lib/x86_64-linux-gnu/libfontconfig.so.1.6.2
7f7c357a0000-7f7c357a1000 r--p 00037000 08:01 2629674                    /usr/lib/x86_64-linux-gnu/libfontconfig.so.1.6.2
7f7c357a1000-7f7c357a2000 rw-p 00038000 08:01 2629674                    /usr/lib/x86_64-linux-gnu/libfontconfig.so.1.6.2
7f7c357a2000-7f7c357a3000 rw-p 00000000 00:00 0 
7f7c357a3000-7f7c35839000 r-xp 00000000 08:01 2624235                    /usr/lib/x86_64-linux-gnu/libfreetype.so.6.9.0
7f7c35839000-7f7c35a38000 ---p 00096000 08:01 2624235                    /usr/lib/x86_64-linux-gnu/libfreetype.so.6.9.0
7f7c35a38000-7f7c35a3e000 r--p 00095000 08:01 2624235                    /usr/lib/x86_64-linux-gnu/libfreetype.so.6.9.0
7f7c35a3e000-7f7c35a3f000 rw-p 0009b000 08:01 2624235                    /usr/lib/x86_64-linux-gnu/libfreetype.so.6.9.0
7f7c35a3f000-7f7c35a53000 r-xp 00000000 08:01 2629498                    /usr/lib/x86_64-linux-gnu/libXft.so.2.3.1
7f7c35a53000-7f7c35c52000 ---p 00014000 08:01 2629498                    /usr/lib/x86_64-linux-gnu/libXft.so.2.3.1
7f7c35c52000-7f7c35c53000 r--p 00013000 08:01 2629498                    /usr/lib/x86_64-linux-gnu/libXft.so.2.3.1
7f7c35c53000-7f7c35c54000 rw-p 00014000 08:01 2629498                    /usr/lib/x86_64-linux-gnu/libXft.so.2.3.1
7f7c35c54000-7f7c35c64000 r-xp 00000000 08:01 2629494                    /usr/lib/x86_64-linux-gnu/libXext.so.6.4.0
7f7c35c64000-7f7c35e64000 ---p 00010000 08:01 2629494                    /usr/lib/x86_64-linux-gnu/libXext.so.6.4.0
7f7c35e64000-7f7c35e65000 r--p 00010000 08:01 2629494                    /usr/lib/x86_64-linux-gnu/libXext.so.6.4.0
7f7c35e65000-7f7c35e66000 rw-p 00011000 08:01 2629494                    /usr/lib/x86_64-linux-gnu/libXext.so.6.4.0
7f7c35e66000-7f7c35e68000 r-xp 00000000 08:01 2629516                    /usr/lib/x86_64-linux-gnu/libXss.so.1.0.0
7f7c35e68000-7f7c36068000 ---p 00002000 08:01 2629516                    /usr/lib/x86_64-linux-gnu/libXss.so.1.0.0
7f7c36068000-7f7c36069000 r--p 00002000 08:01 2629516                    /usr/lib/x86_64-linux-gnu/libXss.so.1.0.0
7f7c36069000-7f7c3606a000 rw-p 00003000 08:01 2629516                    /usr/lib/x86_64-linux-gnu/libXss.so.1.0.0
7f7c3606a000-7f7c3619e000 r-xp 00000000 08:01 2629479                    /usr/lib/x86_64-linux-gnu/libX11.so.6.3.0
7f7c3619e000-7f7c3639e000 ---p 00134000 08:01 2629479                    /usr/lib/x86_64-linux-gnu/libX11.so.6.3.0
7f7c3639e000-7f7c3639f000 r--p 00134000 08:01 2629479                    /usr/lib/x86_64-linux-gnu/libX11.so.6.3.0
7f7c3639f000-7f7c363a4000 rw-p 00135000 08:01 2629479                    /usr/lib/x86_64-linux-gnu/libX11.so.6.3.0
7f7c363a4000-7f7c363ba000 r-xp 00000000 08:01 1316630                    /home/hkyten/information/scilab-5.4.1/lib/thirdparty/libgcc_s.so.1
7f7c363ba000-7f7c365ba000 ---p 00016000 08:01 1316630                    /home/hkyten/information/scilab-5.4.1/lib/thirdparty/libgcc_s.so.1
7f7c365ba000-7f7c365bb000 rw-p 00016000 08:01 1316630                    /home/hkyten/information/scilab-5.4.1/lib/thirdparty/libgcc_s.so.1
7f7c365bb000-7f7c365f6000 r-xp 00000000 08:01 1316626                    /home/hkyten/information/scilab-5.4.1/lib/thirdparty/libncurses.so.5.7
7f7c365f6000-7f7c367f5000 ---p 0003b000 08:01 1316626                    /home/hkyten/information/scilab-5.4.1/lib/thirdparty/libncurses.so.5.7
7f7c367f5000-7f7c367fa000 rw-p 0003a000 08:01 1316626                    /home/hkyten/information/scilab-5.4.1/lib/thirdparty/libncurses.so.5.7
7f7c367fa000-7f7c368d3000 r-xp 00000000 08:01 1316631                    /home/hkyten/information/scilab-5.4.1/lib/thirdparty/libgfortran.so.3.0.0
7f7c368d3000-7f7c36ad3000 ---p 000d9000 08:01 1316631                    /home/hkyten/information/scilab-5.4.1/lib/thirdparty/libgfortran.so.3.0.0
7f7c36ad3000-7f7c36ad5000 rw-p 000d9000 08:01 1316631                    /home/hkyten/information/scilab-5.4.1/lib/thirdparty/libgfortran.so.3.0.0
7f7c36ad5000-7f7c36bc7000 r-xp 00000000 08:01 1316640                    /home/hkyten/information/scilab-5.4.1/lib/thirdparty/libstdc++.so.6.0.13
7f7c36bc7000-7f7c36dc7000 ---p 000f2000 08:01 1316640                    /home/hkyten/information/scilab-5.4.1/lib/thirdparty/libstdc++.so.6.0.13
7f7c36dc7000-7f7c36dce000 r--p 000f2000 08:01 1316640                    /home/hkyten/information/scilab-5.4.1/lib/thirdparty/libstdc++.so.6.0.13
7f7c36dce000-7f7c36dd0000 rw-p 000f9000 08:01 1316640                    /home/hkyten/information/scilab-5.4.1/lib/thirdparty/libstdc++.so.6.0.13
7f7c36dd0000-7f7c36de5000 rw-p 00000000 00:00 0 
7f7c36de5000-7f7c36de6000 r-xp 00000000 08:01 1316505                    /home/hkyten/information/scilab-5.4.1/lib/scilab/libscicommons-disable.so.5.4.1
7f7c36de6000-7f7c36fe5000 ---p 00001000 08:01 1316505                    /home/hkyten/information/scilab-5.4.1/lib/scilab/libscicommons-disable.so.5.4.1
7f7c36fe5000-7f7c36fe6000 r--p 00000000 08:01 1316505                    /home/hkyten/information/scilab-5.4.1/lib/scilab/libscicommons-disable.so.5.4.1
7f7c36fe6000-7f7c36fe7000 rw-p 00001000 08:01 1316505                    /home/hkyten/information/scilab-5.4.1/lib/scilab/libscicommons-disable.so.5.4.1
7f7c36fe7000-7f7c36fe8000 r-xp 00000000 08:01 1316560                    /home/hkyten/information/scilab-5.4.1/lib/scilab/libscihistory_browser-disable.so.5.4.1
7f7c36fe8000-7f7c371e7000 ---p 00001000 08:01 1316560                    /home/hkyten/information/scilab-5.4.1/lib/scilab/libscihistory_browser-disable.so.5.4.1
7f7c371e7000-7f7c371e8000 r--p 00000000 08:01 1316560                    /home/hkyten/information/scilab-5.4.1/lib/scilab/libscihistory_browser-disable.so.5.4.1
7f7c371e8000-7f7c371e9000 rw-p 00001000 08:01 1316560                    /home/hkyten/information/scilab-5.4.1/lib/scilab/libscihistory_browser-disable.so.5.4.1
7f7c371e9000-7f7c371ea000 r-xp 00000000 08:01 1316508                    /home/hkyten/information/scilab-5.4.1/lib/scilab/libsciui_data-disable.so.5.4.1
7f7c371ea000-7f7c373e9000 ---p 00001000 08:01 1316508                    /home/hkyten/information/scilab-5.4.1/lib/scilab/libsciui_data-disable.so.5.4.1
7f7c373e9000-7f7c373ea000 r--p 00000000 08:01 1316508                    /home/hkyten/information/scilab-5.4.1/lib/scilab/libsciui_data-disable.so.5.4.1
7f7c373ea000-7f7c373eb000 rw-p 00001000 08:01 1316508                    /home/hkyten/information/scilab-5.4.1/lib/scilab/libsciui_data-disable.so.5.4.1
7f7c373eb000-7f7c373ec000 r-xp 00000000 08:01 1316588                    /home/hkyten/information/scilab-5.4.1/lib/scilab/libsciscinotes-disable.so.5.4.1
7f7c373ec000-7f7c375eb000 ---p 00001000 08:01 1316588                    /home/hkyten/information/scilab-5.4.1/lib/scilab/libsciscinotes-disable.so.5.4.1
7f7c375eb000-7f7c375ec000 r--p 00000000 08:01 1316588                    /home/hkyten/information/scilab-5.4.1/lib/scilab/libsciscinotes-disable.so.5.4.1
7f7c375ec000-7f7c375ed000 rw-p 00001000 08:01 1316588                    /home/hkyten/information/scilab-5.4.1/lib/scilab/libsciscinotes-disable.so.5.4.1
7f7c375ed000-7f7c375ee000 r-xp 00000000 08:01 1316500                    /home/hkyten/information/scilab-5.4.1/lib/scilab/libscigraphic_objects-disable.so.5.4.1
7f7c375ee000-7f7c377ed000 ---p 00001000 08:01 1316500                    /home/hkyten/information/scilab-5.4.1/lib/scilab/libscigraphic_objects-disable.so.5.4.1
7f7c377ed000-7f7c377ee000 r--p 00000000 08:01 1316500                    /home/hkyten/information/scilab-5.4.1/lib/scilab/libscigraphic_objects-disable.so.5.4.1
7f7c377ee000-7f7c377ef000 rw-p 00001000 08:01 1316500                    /home/hkyten/information/scilab-5.4.1/lib/scilab/libscigraphic_objects-disable.so.5.4.1
7f7c377ef000-7f7c377f0000 r-xp 00000000 08:01 1316495                    /home/hkyten/information/scilab-5.4.1/lib/scilab/libscixcos-disable.so.5.4.1
7f7c377f0000-7f7c379ef000 ---p 00001000 08:01 1316495                    /home/hkyten/information/scilab-5.4.1/lib/scilab/libscixcos-disable.so.5.4.1
7f7c379ef000-7f7c379f0000 r--p 00000000 08:01 1316495                    /home/hkyten/information/scilab-5.4.1/lib/scilab/libscixcos-disable.so.5.4.1
7f7c379f0000-7f7c379f1000 rw-p 00001000 08:01 1316495                    /home/hkyten/information/scilab-5.4.1/lib/scilab/libscixcos-disable.so.5.4.1
7f7c379f1000-7f7c379f2000 r-xp 00000000 08:01 1316525                    /home/hkyten/information/scilab-5.4.1/lib/scilab/libscijvm-disable.so.5.4.1
7f7c379f2000-7f7c37bf1000 ---p 00001000 08:01 1316525                    /home/hkyten/information/scilab-5.4.1/lib/scilab/libscijvm-disable.so.5.4.1
7f7c37bf1000-7f7c37bf2000 r--p 00000000 08:01 1316525                    /home/hkyten/information/scilab-5.4.1/lib/scilab/libscijvm-disable.so.5.4.1
7f7c37bf2000-7f7c37bf3000 rw-p 00001000 08:01 1316525                    /home/hkyten/information/scilab-5.4.1/lib/scilab/libscijvm-disable.so.5.4.1
7f7c37bf3000-7f7c37bf4000 r-xp 00000000 08:01 1316550                    /home/hkyten/information/scilab-5.4.1/lib/scilab/libsciaction_binding-disable.so.5.4.1
7f7c37bf4000-7f7c37df3000 ---p 00001000 08:01 1316550                    /home/hkyten/information/scilab-5.4.1/lib/scilab/libsciaction_binding-disable.so.5.4.1
7f7c37df3000-7f7c37df4000 r--p 00000000 08:01 1316550                    /home/hkyten/information/scilab-5.4.1/lib/scilab/libsciaction_binding-disable.so.5.4.1
7f7c37df4000-7f7c37df5000 rw-p 00001000 08:01 1316550                    /home/hkyten/information/scilab-5.4.1/lib/scilab/libsciaction_binding-disable.so.5.4.1
7f7c37df5000-7f7c37dff000 r-xp 00000000 08:01 1316600                    /home/hkyten/information/scilab-5.4.1/lib/scilab/libsciconsole-minimal.so.5.4.1
7f7c37dff000-7f7c37ffe000 ---p 0000a000 08:01 1316600                    /home/hkyten/information/scilab-5.4.1/lib/scilab/libsciconsole-minimal.so.5.4.1
7f7c37ffe000-7f7c37fff000 r--p 00009000 08:01 1316600                    /home/hkyten/information/scilab-5.4.1/lib/scilab/libsciconsole-minimal.so.5.4.1
7f7c37fff000-7f7c38000000 rw-p 0000a000 08:01 1316600                    /home/hkyten/information/scilab-5.4.1/lib/scilab/libsciconsole-minimal.so.5.4.1
7f7c38000000-7f7c38021000 rw-p 00000000 00:00 0 
7f7c38021000-7f7c3c000000 ---p 00000000 00:00 0 
7f7c3c12f000-7f7c3c130000 r-xp 00000000 08:01 1316491                    /home/hkyten/information/scilab-5.4.1/lib/scilab/libscigraphic_export-disable.so.5.4.1
7f7c3c130000-7f7c3c32f000 ---p 00001000 08:01 1316491                    /home/hkyten/information/scilab-5.4.1/lib/scilab/libscigraphic_export-disable.so.5.4.1
7f7c3c32f000-7f7c3c330000 r--p 00000000 08:01 1316491                    /home/hkyten/information/scilab-5.4.1/lib/scilab/libscigraphic_export-disable.so.5.4.1
7f7c3c330000-7f7c3c331000 rw-p 00001000 08:01 1316491                    /home/hkyten/information/scilab-5.4.1/lib/scilab/libscigraphic_export-disable.so.5.4.1
7f7c3c331000-7f7c3c333000 r-xp 00000000 08:01 1316462                    /home/hkyten/information/scilab-5.4.1/lib/scilab/libscigraphics-disable.so.5.4.1
7f7c3c333000-7f7c3c533000 ---p 00002000 08:01 1316462                    /home/hkyten/information/scilab-5.4.1/lib/scilab/libscigraphics-disable.so.5.4.1
7f7c3c533000-7f7c3c534000 r--p 00002000 08:01 1316462                    /home/hkyten/information/scilab-5.4.1/lib/scilab/libscigraphics-disable.so.5.4.1
7f7c3c534000-7f7c3c535000 rw-p 00003000 08:01 1316462                    /home/hkyten/information/scilab-5.4.1/lib/scilab/libscigraphics-disable.so.5.4.1
7f7c3c535000-7f7c3c537000 r-xp 00000000 08:01 1316486                    /home/hkyten/information/scilab-5.4.1/lib/scilab/libscigui-disable.so.5.4.1
7f7c3c537000-7f7c3c736000 ---p 00002000 08:01 1316486                    /home/hkyten/information/scilab-5.4.1/lib/scilab/libscigui-disable.so.5.4.1
7f7c3c736000-7f7c3c737000 r--p 00001000 08:01 1316486                    /home/hkyten/information/scilab-5.4.1/lib/scilab/libscigui-disable.so.5.4.1
7f7c3c737000-7f7c3c738000 rw-p 00002000 08:01 1316486                    /home/hkyten/information/scilab-5.4.1/lib/scilab/libscigui-disable.so.5.4.1
7f7c3c738000-7f7c3c73a000 r-xp 00000000 08:01 1316557                    /home/hkyten/information/scilab-5.4.1/lib/scilab/libscipreferences-cli.so.5.4.1
7f7c3c73a000-7f7c3c939000 ---p 00002000 08:01 1316557                    /home/hkyten/information/scilab-5.4.1/lib/scilab/libscipreferences-cli.so.5.4.1
7f7c3c939000-7f7c3c93a000 r--p 00001000 08:01 1316557                    /home/hkyten/information/scilab-5.4.1/lib/scilab/libscipreferences-cli.so.5.4.1
7f7c3c93a000-7f7c3c93b000 rw-p 00002000 08:01 1316557                    /home/hkyten/information/scilab-5.4.1/lib/scilab/libscipreferences-cli.so.5.4.1
7f7c3c93b000-7f7c3c963000 r-xp 00000000 08:01 1316530                    /home/hkyten/information/scilab-5.4.1/lib/scilab/libsciexternal_objects.so.5.4.1
7f7c3c963000-7f7c3cb63000 ---p 00028000 08:01 1316530                    /home/hkyten/information/scilab-5.4.1/lib/scilab/libsciexternal_objects.so.5.4.1
7f7c3cb63000-7f7c3cb64000 r--p 00028000 08:01 1316530                    /home/hkyten/information/scilab-5.4.1/lib/scilab/libsciexternal_objects.so.5.4.1
7f7c3cb64000-7f7c3cb66000 rw-p 00029000 08:01 1316530                    /home/hkyten/information/scilab-5.4.1/lib/scilab/libsciexternal_objects.so.5.4.1
7f7c3cb66000-7f7c3cb9c000 r-xp 00000000 08:01 1316539                    /home/hkyten/information/scilab-5.4.1/lib/scilab/libscixml.so.5.4.1
7f7c3cb9c000-7f7c3cd9c000 ---p 00036000 08:01 1316539                    /home/hkyten/information/scilab-5.4.1/lib/scilab/libscixml.so.5.4.1
7f7c3cd9c000-7f7c3cd9d000 r--p 00036000 08:01 1316539                    /home/hkyten/information/scilab-5.4.1/lib/scilab/libscixml.so.5.4.1
7f7c3cd9d000-7f7c3cd9f000 rw-p 00037000 08:01 1316539                    /home/hkyten/information/scilab-5.4.1/lib/scilab/libscixml.so.5.4.1
7f7c3cd9f000-7f7c3cdb9000 r-xp 00000000 08:01 1316593                    /home/hkyten/information/scilab-5.4.1/lib/scilab/libscistatistics.so.5.4.1
7f7c3cdb9000-7f7c3cfb8000 ---p 0001a000 08:01 1316593                    /home/hkyten/information/scilab-5.4.1/lib/scilab/libscistatistics.so.5.4.1
7f7c3cfb8000-7f7c3cfb9000 r--p 00019000 08:01 1316593                    /home/hkyten/information/scilab-5.4.1/lib/scilab/libscistatistics.so.5.4.1
7f7c3cfb9000-7f7c3cfba000 rw-p 0001a000 08:01 1316593                    /home/hkyten/information/scilab-5.4.1/lib/scilab/libscistatistics.so.5.4.1
7f7c3cfba000-7f7c3d074000 rw-p 00000000 00:00 0 
7f7c3d074000-7f7c3d171000 r-xp 00000000 08:01 1316611                    /home/hkyten/information/scilab-5.4.1/lib/thirdparty/libfftw3.so.3.2.3
7f7c3d171000-7f7c3d371000 ---p 000fd000 08:01 1316611                    /home/hkyten/information/scilab-5.4.1/lib/thirdparty/libfftw3.so.3.2.3
7f7c3d371000-7f7c3d378000 rw-p 000fd000 08:01 1316611                    /home/hkyten/information/scilab-5.4.1/lib/thirdparty/libfftw3.so.3.2.3
7f7c3d378000-7f7c3d38e000 r-xp 00000000 08:01 1316632                    /home/hkyten/information/scilab-5.4.1/lib/thirdparty/libz.so.1.2.3.3
7f7c3d38e000-7f7c3d58e000 ---p 00016000 08:01 1316632                    /home/hkyten/information/scilab-5.4.1/lib/thirdparty/libz.so.1.2.3.3
7f7c3d58e000-7f7c3d58f000 rw-p 00016000 08:01 1316632                    /home/hkyten/information/scilab-5.4.1/lib/thirdparty/libz.so.1.2.3.3
7f7c3d58f000-7f7c3d941000 r-xp 00000000 08:01 1316642                    /home/hkyten/information/scilab-5.4.1/lib/thirdparty/libhdf5.so
7f7c3d941000-7f7c3db41000 ---p 003b2000 08:01 1316642                    /home/hkyten/information/scilab-5.4.1/lib/thirdparty/libhdf5.so
7f7c3db41000-7f7c3db4b000 rw-p 003b2000 08:01 1316642                    /home/hkyten/information/scilab-5.4.1/lib/thirdparty/libhdf5.so
7f7c3db4b000-7f7c3db4d000 rw-p 00000000 00:00 0 
7f7c3db4d000-7f7c3db64000 r-xp 00000000 08:01 1316482                    /home/hkyten/information/scilab-5.4.1/lib/scilab/libscihdf5.so.5.4.1
7f7c3db64000-7f7c3dd63000 ---p 00017000 08:01 1316482                    /home/hkyten/information/scilab-5.4.1/lib/scilab/libscihdf5.so.5.4.1
7f7c3dd63000-7f7c3dd64000 r--p 00016000 08:01 1316482                    /home/hkyten/information/scilab-5.4.1/lib/scilab/libscihdf5.so.5.4.1
7f7c3dd64000-7f7c3dd65000 rw-p 00017000 08:01 1316482                    /home/hkyten/information/scilab-5.4.1/lib/scilab/libscihdf5.so.5.4.1
7f7c3dd65000-7f7c3dd94000 r-xp 00000000 08:01 1316634                    /home/hkyten/information/scilab-5.4.1/lib/thirdparty/libpcre.so.7.8.0
7f7c3dd94000-7f7c3df93000 ---p 0002f000 08:01 1316634                    /home/hkyten/information/scilab-5.4.1/lib/thirdparty/libpcre.so.7.8.0
7f7c3df93000-7f7c3df94000 rw-p 0002e000 08:01 1316634                    /home/hkyten/information/scilab-5.4.1/lib/thirdparty/libpcre.so.7.8.0
7f7c3df94000-7f7c3df96000 r-xp 00000000 08:01 1316649                    /home/hkyten/information/scilab-5.4.1/lib/thirdparty/libpcreposix.so.7.8.0
7f7c3df96000-7f7c3e195000 ---p 00002000 08:01 1316649                    /home/hkyten/information/scilab-5.4.1/lib/thirdparty/libpcreposix.so.7.8.0
7f7c3e195000-7f7c3e196000 rw-p 00001000 08:01 1316649                    /home/hkyten/information/scilab-5.4.1/lib/thirdparty/libpcreposix.so.7.8.0
7f7c3e196000-7f7c3e1a5000 r-xp 00000000 08:01 1316553                    /home/hkyten/information/scilab-5.4.1/lib/scilab/libscihistory_manager.so.5.4.1
7f7c3e1a5000-7f7c3e3a4000 ---p 0000f000 08:01 1316553                    /home/hkyten/information/scilab-5.4.1/lib/scilab/libscihistory_manager.so.5.4.1
7f7c3e3a4000-7f7c3e3a5000 r--p 0000e000 08:01 1316553                    /home/hkyten/information/scilab-5.4.1/lib/scilab/libscihistory_manager.so.5.4.1
7f7c3e3a5000-7f7c3e3a6000 rw-p 0000f000 08:01 1316553                    /home/hkyten/information/scilab-5.4.1/lib/scilab/libscihistory_manager.so.5.4.1
7f7c3e3a6000-7f7c3e3b0000 r-xp 00000000 08:01 1316451                    /home/hkyten/information/scilab-5.4.1/lib/scilab/libscicompletion.so.5.4.1
7f7c3e3b0000-7f7c3e5b0000 ---p 0000a000 08:01 1316451                    /home/hkyten/information/scilab-5.4.1/lib/scilab/libscicompletion.so.5.4.1
7f7c3e5b0000-7f7c3e5b1000 r--p 0000a000 08:01 1316451                    /home/hkyten/information/scilab-5.4.1/lib/scilab/libscicompletion.so.5.4.1
7f7c3e5b1000-7f7c3e5b2000 rw-p 0000b000 08:01 1316451                    /home/hkyten/information/scilab-5.4.1/lib/scilab/libscicompletion.so.5.4.1
7f7c3e5b2000-7f7c3e5c3000 r-xp 00000000 08:01 1316568                    /home/hkyten/information/scilab-5.4.1/lib/scilab/libscispecial_functions.so.5.4.1
7f7c3e5c3000-7f7c3e7c2000 ---p 00011000 08:01 1316568                    /home/hkyten/information/scilab-5.4.1/lib/scilab/libscispecial_functions.so.5.4.1
7f7c3e7c2000-7f7c3e7c3000 r--p 00010000 08:01 1316568                    /home/hkyten/information/scilab-5.4.1/lib/scilab/libscispecial_functions.so.5.4.1
7f7c3e7c3000-7f7c3e7c4000 rw-p 00011000 08:01 1316568                    /home/hkyten/information/scilab-5.4.1/lib/scilab/libscispecial_functions.so.5.4.1
7f7c3e7c4000-7f7c3e87e000 rw-p 00000000 00:00 0 
7f7c3e87e000-7f7c3e884000 r-xp 00000000 08:01 1316504                    /home/hkyten/information/scilab-5.4.1/lib/scilab/libscilocalization.so.5.4.1
7f7c3e884000-7f7c3ea83000 ---p 00006000 08:01 1316504                    /home/hkyten/information/scilab-5.4.1/lib/scilab/libscilocalization.so.5.4.1
7f7c3ea83000-7f7c3ea84000 r--p 00005000 08:01 1316504                    /home/hkyten/information/scilab-5.4.1/lib/scilab/libscilocalization.so.5.4.1
7f7c3ea84000-7f7c3ea8b000 rw-p 00006000 08:01 1316504                    /home/hkyten/information/scilab-5.4.1/lib/scilab/libscilocalization.so.5.4.1
7f7c3ea8b000-7f7c3ea8f000 r-xp 00000000 08:01 1316449                    /home/hkyten/information/scilab-5.4.1/lib/scilab/libscicall_scilab.so.5.4.1
7f7c3ea8f000-7f7c3ec8e000 ---p 00004000 08:01 1316449                    /home/hkyten/information/scilab-5.4.1/lib/scilab/libscicall_scilab.so.5.4.1
7f7c3ec8e000-7f7c3ec8f000 r--p 00003000 08:01 1316449                    /home/hkyten/information/scilab-5.4.1/lib/scilab/libscicall_scilab.so.5.4.1
7f7c3ec8f000-7f7c3ec90000 rw-p 00004000 08:01 1316449                    /home/hkyten/information/scilab-5.4.1/lib/scilab/libscicall_scilab.so.5.4.1
7f7c3ec90000-7f7c3ede1000 r-xp 00000000 08:01 1316621                    /home/hkyten/information/scilab-5.4.1/lib/thirdparty/libxml2.so.2.7.6
7f7c3ede1000-7f7c3efe0000 ---p 00151000 08:01 1316621                    /home/hkyten/information/scilab-5.4.1/lib/thirdparty/libxml2.so.2.7.6
7f7c3efe0000-7f7c3efea000 rw-p 00150000 08:01 1316621                    /home/hkyten/information/scilab-5.4.1/lib/thirdparty/libxml2.so.2.7.6
7f7c3efea000-7f7c3efeb000 rw-p 00000000 00:00 0 
7f7c3efeb000-7f7c3eff4000 r-xp 00000000 08:01 1316452                    /home/hkyten/information/scilab-5.4.1/lib/scilab/libscifunctions.so.5.4.1
7f7c3eff4000-7f7c3f1f3000 ---p 00009000 08:01 1316452                    /home/hkyten/information/scilab-5.4.1/lib/scilab/libscifunctions.so.5.4.1
7f7c3f1f3000-7f7c3f1f4000 r--p 00008000 08:01 1316452                    /home/hkyten/information/scilab-5.4.1/lib/scilab/libscifunctions.so.5.4.1
7f7c3f1f4000-7f7c3f1f5000 rw-p 00009000 08:01 1316452                    /home/hkyten/information/scilab-5.4.1/lib/scilab/libscifunctions.so.5.4.1
7f7c3f1f5000-7f7c3f2af000 rw-p 00000000 00:00 0 
7f7c3f2af000-7f7c3f33d000 r-xp 00000000 08:01 1316633                    /home/hkyten/information/scilab-5.4.1/lib/thirdparty/libblas.so.3gf.0
7f7c3f33d000-7f7c3f53d000 ---p 0008e000 08:01 1316633                    /home/hkyten/information/scilab-5.4.1/lib/thirdparty/libblas.so.3gf.0
7f7c3f53d000-7f7c3f53e000 rw-p 0008e000 08:01 1316633                    /home/hkyten/information/scilab-5.4.1/lib/thirdparty/libblas.so.3gf.0
7f7c3f53e000-7f7c3fcef000 r-xp 00000000 08:01 1316647                    /home/hkyten/information/scilab-5.4.1/lib/thirdparty/liblapack.so.3gf.0
7f7c3fcef000-7f7c3feee000 ---p 007b1000 08:01 1316647                    /home/hkyten/information/scilab-5.4.1/lib/thirdparty/liblapack.so.3gf.0
7f7c3feee000-7f7c3feef000 r--p 007b0000 08:01 1316647                    /home/hkyten/information/scilab-5.4.1/lib/thirdparty/liblapack.so.3gf.0
7f7c3feef000-7f7c3fef3000 rw-p 007b1000 08:01 1316647                    /home/hkyten/information/scilab-5.4.1/lib/thirdparty/liblapack.so.3gf.0
7f7c3fef3000-7f7c40000000 rw-p 00000000 00:00 0 
7f7c40000000-7f7c40021000 rw-p 00000000 00:00 0 
7f7c40021000-7f7c44000000 ---p 00000000 00:00 0 
7f7c44184000-7f7c44590000 r-xp 00000000 08:01 1316533                    /home/hkyten/information/scilab-5.4.1/lib/scilab/libscilab-cli.so.0.0.0
7f7c44590000-7f7c44790000 ---p 0040c000 08:01 1316533                    /home/hkyten/information/scilab-5.4.1/lib/scilab/libscilab-cli.so.0.0.0
7f7c44790000-7f7c44793000 r--p 0040c000 08:01 1316533                    /home/hkyten/information/scilab-5.4.1/lib/scilab/libscilab-cli.so.0.0.0
7f7c44793000-7f7c4479f000 rw-p 0040f000 08:01 1316533                    /home/hkyten/information/scilab-5.4.1/lib/scilab/libscilab-cli.so.0.0.0
7f7c4479f000-7f7c448f0000 rw-p 00000000 00:00 0 
7f7c448f0000-7f7c448f8000 r-xp 00000000 08:01 1316487                    /home/hkyten/information/scilab-5.4.1/lib/scilab/libscijvm.so.5.4.1
7f7c448f8000-7f7c44af7000 ---p 00008000 08:01 1316487                    /home/hkyten/information/scilab-5.4.1/lib/scilab/libscijvm.so.5.4.1
7f7c44af7000-7f7c44af8000 r--p 00007000 08:01 1316487                    /home/hkyten/information/scilab-5.4.1/lib/scilab/libscijvm.so.5.4.1
7f7c44af8000-7f7c44af9000 rw-p 00008000 08:01 1316487                    /home/hkyten/information/scilab-5.4.1/lib/scilab/libscijvm.so.5.4.1
7f7c44af9000-7f7c44b02000 r-xp 00000000 08:01 1316527                    /home/hkyten/information/scilab-5.4.1/lib/scilab/libscicommons.so.5.4.1
7f7c44b02000-7f7c44d01000 ---p 00009000 08:01 1316527                    /home/hkyten/information/scilab-5.4.1/lib/scilab/libscicommons.so.5.4.1
7f7c44d01000-7f7c44d02000 r--p 00008000 08:01 1316527                    /home/hkyten/information/scilab-5.4.1/lib/scilab/libscicommons.so.5.4.1
7f7c44d02000-7f7c44d03000 rw-p 00009000 08:01 1316527                    /home/hkyten/information/scilab-5.4.1/lib/scilab/libscicommons.so.5.4.1
7f7c44d03000-7f7c44d14000 r-xp 00000000 08:01 1316590                    /home/hkyten/information/scilab-5.4.1/lib/scilab/libscitypes.so.5.4.1
7f7c44d14000-7f7c44f13000 ---p 00011000 08:01 1316590                    /home/hkyten/information/scilab-5.4.1/lib/scilab/libscitypes.so.5.4.1
7f7c44f13000-7f7c44f14000 r--p 00010000 08:01 1316590                    /home/hkyten/information/scilab-5.4.1/lib/scilab/libscitypes.so.5.4.1
7f7c44f14000-7f7c44f15000 rw-p 00011000 08:01 1316590                    /home/hkyten/information/scilab-5.4.1/lib/scilab/libscitypes.so.5.4.1
7f7c44f15000-7f7c44f1c000 r-xp 00000000 08:01 1316577                    /home/hkyten/information/scilab-5.4.1/lib/scilab/libscipreferences.so.5.4.1
7f7c44f1c000-7f7c4511b000 ---p 00007000 08:01 1316577                    /home/hkyten/information/scilab-5.4.1/lib/scilab/libscipreferences.so.5.4.1
7f7c4511b000-7f7c4511c000 r--p 00006000 08:01 1316577                    /home/hkyten/information/scilab-5.4.1/lib/scilab/libscipreferences.so.5.4.1
7f7c4511c000-7f7c4511d000 rw-p 00007000 08:01 1316577                    /home/hkyten/information/scilab-5.4.1/lib/scilab/libscipreferences.so.5.4.1
7f7c4511d000-7f7c4522a000 r-xp 00000000 08:01 1316624                    /home/hkyten/information/scilab-5.4.1/lib/thirdparty/libtcl8.5.3.so
7f7c4522a000-7f7c4542a000 ---p 0010d000 08:01 1316624                    /home/hkyten/information/scilab-5.4.1/lib/thirdparty/libtcl8.5.3.so
7f7c4542a000-7f7c45439000 rw-p 0010d000 08:01 1316624                    /home/hkyten/information/scilab-5.4.1/lib/thirdparty/libtcl8.5.3.so
7f7c45439000-7f7c4543a000 rw-p 00000000 00:00 0 
7f7c4543a000-7f7c45563000 r-xp 00000000 08:01 1316612                    /home/hkyten/information/scilab-5.4.1/lib/thirdparty/libtk8.5.3.so
7f7c45563000-7f7c45763000 ---p 00129000 08:01 1316612                    /home/hkyten/information/scilab-5.4.1/lib/thirdparty/libtk8.5.3.so
7f7c45763000-7f7c45780000 rw-p 00129000 08:01 1316612                    /home/hkyten/information/scilab-5.4.1/lib/thirdparty/libtk8.5.3.so
7f7c45780000-7f7c45781000 rw-p 00000000 00:00 0 
7f7c45781000-7f7c4578b000 r-xp 00000000 08:01 1316540                    /home/hkyten/information/scilab-5.4.1/lib/scilab/libscitclsci.so.5.4.1
7f7c4578b000-7f7c4598a000 ---p 0000a000 08:01 1316540                    /home/hkyten/information/scilab-5.4.1/lib/scilab/libscitclsci.so.5.4.1
7f7c4598a000-7f7c4598b000 r--p 00009000 08:01 1316540                    /home/hkyten/information/scilab-5.4.1/lib/scilab/libscitclsci.so.5.4.1
7f7c4598b000-7f7c4598c000 rw-p 0000a000 08:01 1316540                    /home/hkyten/information/scilab-5.4.1/lib/scilab/libscitclsci.so.5.4.1
7f7c4598c000-7f7c45992000 r-xp 00000000 08:01 1316503                    /home/hkyten/information/scilab-5.4.1/lib/scilab/libscihistory_browser.so.5.4.1
7f7c45992000-7f7c45b91000 ---p 00006000 08:01 1316503                    /home/hkyten/information/scilab-5.4.1/lib/scilab/libscihistory_browser.so.5.4.1
7f7c45b91000-7f7c45b92000 r--p 00005000 08:01 1316503                    /home/hkyten/information/scilab-5.4.1/lib/scilab/libscihistory_browser.so.5.4.1
7f7c45b92000-7f7c45b93000 rw-p 00006000 08:01 1316503                    /home/hkyten/information/scilab-5.4.1/lib/scilab/libscihistory_browser.so.5.4.1
7f7c45b93000-7f7c45bab000 r-xp 00000000 08:01 1316603                    /home/hkyten/information/scilab-5.4.1/lib/scilab/libsciui_data.so.5.4.1
7f7c45bab000-7f7c45daa000 ---p 00018000 08:01 1316603                    /home/hkyten/information/scilab-5.4.1/lib/scilab/libsciui_data.so.5.4.1
7f7c45daa000-7f7c45dab000 r--p 00017000 08:01 1316603                    /home/hkyten/information/scilab-5.4.1/lib/scilab/libsciui_data.so.5.4.1
7f7c45dab000-7f7c45dac000 rw-p 00018000 08:01 1316603                    /home/hkyten/information/scilab-5.4.1/lib/scilab/libsciui_data.so.5.4.1
7f7c45dac000-7f7c45db5000 r-xp 00000000 08:01 1316583                    /home/hkyten/information/scilab-5.4.1/lib/scilab/libsciscinotes.so.5.4.1
7f7c45db5000-7f7c45fb4000 ---p 00009000 08:01 1316583                    /home/hkyten/information/scilab-5.4.1/lib/scilab/libsciscinotes.so.5.4.1
7f7c45fb4000-7f7c45fb5000 r--p 00008000 08:01 1316583                    /home/hkyten/information/scilab-5.4.1/lib/scilab/libsciscinotes.so.5.4.1
7f7c45fb5000-7f7c45fb6000 rw-p 00009000 08:01 1316583                    /home/hkyten/information/scilab-5.4.1/lib/scilab/libsciscinotes.so.5.4.1
7f7c45fb6000-7f7c4601b000 r-xp 00000000 08:01 1316576                    /home/hkyten/information/scilab-5.4.1/lib/scilab/libscigraphic_objects.so.5.4.1
7f7c4601b000-7f7c4621b000 ---p 00065000 08:01 1316576                    /home/hkyten/information/scilab-5.4.1/lib/scilab/libscigraphic_objects.so.5.4.1
7f7c4621b000-7f7c4621c000 r--p 00065000 08:01 1316576                    /home/hkyten/information/scilab-5.4.1/lib/scilab/libscigraphic_objects.so.5.4.1
7f7c4621c000-7f7c4621e000 rw-p 00066000 08:01 1316576                    /home/hkyten/information/scilab-5.4.1/lib/scilab/libscigraphic_objects.so.5.4.1
7f7c4621e000-7f7c462da000 rw-p 00000000 00:00 0 
7f7c462da000-7f7c462df000 r-xp 00000000 08:01 1316476                    /home/hkyten/information/scilab-5.4.1/lib/scilab/libsciaction_binding.so.5.4.1
7f7c462df000-7f7c464de000 ---p 00005000 08:01 1316476                    /home/hkyten/information/scilab-5.4.1/lib/scilab/libsciaction_binding.so.5.4.1
7f7c464de000-7f7c464df000 r--p 00004000 08:01 1316476                    /home/hkyten/information/scilab-5.4.1/lib/scilab/libsciaction_binding.so.5.4.1
7f7c464df000-7f7c464e0000 rw-p 00005000 08:01 1316476                    /home/hkyten/information/scilab-5.4.1/lib/scilab/libsciaction_binding.so.5.4.1
7f7c464e0000-7f7c464ea000 r-xp 00000000 08:01 1316534                    /home/hkyten/information/scilab-5.4.1/lib/scilab/libsciconsole.so.5.4.1
7f7c464ea000-7f7c466e9000 ---p 0000a000 08:01 1316534                    /home/hkyten/information/scilab-5.4.1/lib/scilab/libsciconsole.so.5.4.1
7f7c466e9000-7f7c466ea000 r--p 00009000 08:01 1316534                    /home/hkyten/information/scilab-5.4.1/lib/scilab/libsciconsole.so.5.4.1
7f7c466ea000-7f7c466eb000 rw-p 0000a000 08:01 1316534                    /home/hkyten/information/scilab-5.4.1/lib/scilab/libsciconsole.so.5.4.1
7f7c466eb000-7f7c466fd000 r-xp 00000000 08:01 1316558                    /home/hkyten/information/scilab-5.4.1/lib/scilab/libscigraphic_export.so.5.4.1
7f7c466fd000-7f7c468fc000 ---p 00012000 08:01 1316558                    /home/hkyten/information/scilab-5.4.1/lib/scilab/libscigraphic_export.so.5.4.1
7f7c468fc000-7f7c468fd000 r--p 00011000 08:01 1316558                    /home/hkyten/information/scilab-5.4.1/lib/scilab/libscigraphic_export.so.5.4.1
7f7c468fd000-7f7c468fe000 rw-p 00012000 08:01 1316558                    /home/hkyten/information/scilab-5.4.1/lib/scilab/libscigraphic_export.so.5.4.1
7f7c468fe000-7f7c46959000 r-xp 00000000 08:01 1316607                    /home/hkyten/information/scilab-5.4.1/lib/scilab/libscigraphics.so.5.4.1
7f7c46959000-7f7c46b59000 ---p 0005b000 08:01 1316607                    /home/hkyten/information/scilab-5.4.1/lib/scilab/libscigraphics.so.5.4.1
7f7c46b59000-7f7c46b5b000 r--p 0005b000 08:01 1316607                    /home/hkyten/information/scilab-5.4.1/lib/scilab/libscigraphics.so.5.4.1
7f7c46b5b000-7f7c46b5d000 rw-p 0005d000 08:01 1316607                    /home/hkyten/information/scilab-5.4.1/lib/scilab/libscigraphics.so.5.4.1
7f7c46b5d000-7f7c46b5e000 rw-p 00000000 00:00 0 
7f7c46b5e000-7f7c46b6a000 r-xp 00000000 08:01 1316445                    /home/hkyten/information/scilab-5.4.1/lib/scilab/libscirenderer.so.5.4.1
7f7c46b6a000-7f7c46d69000 ---p 0000c000 08:01 1316445                    /home/hkyten/information/scilab-5.4.1/lib/scilab/libscirenderer.so.5.4.1
7f7c46d69000-7f7c46d6a000 r--p 0000b000 08:01 1316445                    /home/hkyten/information/scilab-5.4.1/lib/scilab/libscirenderer.so.5.4.1
7f7c46d6a000-7f7c46d6b000 rw-p 0000c000 08:01 1316445                    /home/hkyten/information/scilab-5.4.1/lib/scilab/libscirenderer.so.5.4.1
7f7c46d6b000-7f7c46db3000 r-xp 00000000 08:01 1316587                    /home/hkyten/information/scilab-5.4.1/lib/scilab/libscigui.so.5.4.1
7f7c46db3000-7f7c46fb3000 ---p 00048000 08:01 1316587                    /home/hkyten/information/scilab-5.4.1/lib/scilab/libscigui.so.5.4.1
7f7c46fb3000-7f7c46fb4000 r--p 00048000 08:01 1316587                    /home/hkyten/information/scilab-5.4.1/lib/scilab/libscigui.so.5.4.1
7f7c46fb4000-7f7c46fb5000 rw-p 00049000 08:01 1316587                    /home/hkyten/information/scilab-5.4.1/lib/scilab/libscigui.so.5.4.1
7f7c46fb5000-7f7c46fb6000 r-xp 00000000 08:01 1316565                    /home/hkyten/information/scilab-5.4.1/lib/scilab/libscilab.so.0.0.0
7f7c46fb6000-7f7c471b6000 ---p 00001000 08:01 1316565                    /home/hkyten/information/scilab-5.4.1/lib/scilab/libscilab.so.0.0.0
7f7c471b6000-7f7c471b7000 r--p 00001000 08:01 1316565                    /home/hkyten/information/scilab-5.4.1/lib/scilab/libscilab.so.0.0.0
7f7c471b7000-7f7c471b8000 rw-p 00002000 08:01 1316565                    /home/hkyten/information/scilab-5.4.1/lib/scilab/libscilab.so.0.0.0
7f7c471b8000-7f7c471f0000 r-xp 00000000 08:01 1316513                    /home/hkyten/information/scilab-5.4.1/lib/scilab/libjavasci2.so.5.4.1
7f7c471f0000-7f7c473f0000 ---p 00038000 08:01 1316513                    /home/hkyten/information/scilab-5.4.1/lib/scilab/libjavasci2.so.5.4.1
7f7c473f0000-7f7c473f1000 r--p 00038000 08:01 1316513                    /home/hkyten/information/scilab-5.4.1/lib/scilab/libjavasci2.so.5.4.1
7f7c473f1000-7f7c473f2000 rw-p 00039000 08:01 1316513                    /home/hkyten/information/scilab-5.4.1/lib/scilab/libjavasci2.so.5.4.1
7f7c473f2000-7f7c473f3000 ---p 00000000 00:00 0 
7f7c473f3000-7f7c474f3000 rw-p 00000000 00:00 0                          [stack:3622]
7f7c474f3000-7f7c474f6000 ---p 00000000 00:00 0 
7f7c474f6000-7f7c475f4000 rw-p 00000000 00:00 0                          [stack:3621]
7f7c475f4000-7f7c475f7000 ---p 00000000 00:00 0 
7f7c475f7000-7f7c476f5000 rw-p 00000000 00:00 0                          [stack:3620]
7f7c476f5000-7f7c476f8000 ---p 00000000 00:00 0 
7f7c476f8000-7f7c477f6000 rw-p 00000000 00:00 0                          [stack:3619]
7f7c477f6000-7f7c477f9000 ---p 00000000 00:00 0 
7f7c477f9000-7f7c478f7000 rw-p 00000000 00:00 0                          [stack:3612]
7f7c478f7000-7f7c478fa000 ---p 00000000 00:00 0 
7f7c478fa000-7f7c479f8000 rw-p 00000000 00:00 0                          [stack:3611]
7f7c479f8000-7f7c479fb000 ---p 00000000 00:00 0 
7f7c479fb000-7f7c47af9000 rw-p 00000000 00:00 0                          [stack:3610]
7f7c47af9000-7f7c47afd000 r-xp 00000000 08:01 4205529                    /opt/java/jdk1.7.0_15/jre/lib/amd64/libdt_socket.so
7f7c47afd000-7f7c47cfc000 ---p 00004000 08:01 4205529                    /opt/java/jdk1.7.0_15/jre/lib/amd64/libdt_socket.so
7f7c47cfc000-7f7c47cfd000 rw-p 00003000 08:01 4205529                    /opt/java/jdk1.7.0_15/jre/lib/amd64/libdt_socket.so
7f7c47cfd000-7f7c47d00000 ---p 00000000 00:00 0 
7f7c47d00000-7f7c47dfe000 rw-p 00000000 00:00 0                          [stack:3608]
7f7c47dfe000-7f7c47e01000 ---p 00000000 00:00 0 
7f7c47e01000-7f7c47eff000 rw-p 00000000 00:00 0                          [stack:3606]
7f7c47eff000-7f7c47f02000 ---p 00000000 00:00 0 
7f7c47f02000-7f7c48000000 rw-p 00000000 00:00 0                          [stack:3605]
7f7c48000000-7f7c48021000 rw-p 00000000 00:00 0 
7f7c48021000-7f7c4c000000 ---p 00000000 00:00 0 
7f7c4c04c000-7f7c4c04d000 ---p 00000000 00:00 0 
7f7c4c04d000-7f7c4d000000 rw-p 00000000 00:00 0                          [stack:3604]
7f7c4d000000-7f7c4d270000 rwxp 00000000 00:00 0 
7f7c4d270000-7f7c501c3000 rw-p 00000000 00:00 0 
7f7c501c3000-7f7c54000000 ---p 00000000 00:00 0 
7f7c540ed000-7f7c5425e000 rw-p 00000000 00:00 0 
7f7c5425e000-7f7c5441b000 r--s 039da000 08:01 3936385                    /opt/java/jdk1.7.0_15/jre/lib/rt.jar
7f7c5441b000-7f7c55457000 rw-p 00000000 00:00 0 
7f7c55457000-7f7c55458000 ---p 00000000 00:00 0 
7f7c55458000-7f7c55558000 rw-p 00000000 00:00 0                          [stack:3602]
7f7c55558000-7f7c55559000 ---p 00000000 00:00 0 
7f7c55559000-7f7c55659000 rw-p 00000000 00:00 0                          [stack:3601]
7f7c55659000-7f7c5565a000 ---p 00000000 00:00 0 
7f7c5565a000-7f7c5575a000 rw-p 00000000 00:00 0                          [stack:3600]
7f7c5575a000-7f7c5575b000 ---p 00000000 00:00 0 
7f7c5575b000-7f7c55866000 rw-p 00000000 00:00 0                          [stack:3599]
7f7c55866000-7f7c55884000 rw-p 00000000 00:00 0 
7f7c55884000-7f7c558ae000 rw-p 00000000 00:00 0 
7f7c558ae000-7f7c55b17000 rw-p 00000000 00:00 0 
7f7c55b17000-7f7c55b22000 rw-p 00000000 00:00 0 
7f7c55b22000-7f7c55b40000 rw-p 00000000 00:00 0 
7f7c55b40000-7f7c55b6a000 rw-p 00000000 00:00 0 
7f7c55b6a000-7f7c55dd2000 rw-p 00000000 00:00 0 
7f7c55dd2000-7f7c55de8000 rw-p 00000000 00:00 0 
7f7c55de8000-7f7c55f1c000 rw-p 00000000 00:00 0 
7f7c55f1c000-7f7c55f1d000 rw-p 00000000 00:00 0 
7f7c55f1d000-7f7c55f37000 r-xp 00000000 08:01 4205543                    /opt/java/jdk1.7.0_15/jre/lib/amd64/libzip.so
7f7c55f37000-7f7c56137000 ---p 0001a000 08:01 4205543                    /opt/java/jdk1.7.0_15/jre/lib/amd64/libzip.so
7f7c56137000-7f7c56138000 rw-p 0001a000 08:01 4205543                    /opt/java/jdk1.7.0_15/jre/lib/amd64/libzip.so
7f7c56138000-7f7c56144000 r-xp 00000000 08:01 6950444                    /lib/x86_64-linux-gnu/libnss_files-2.15.so
7f7c56144000-7f7c56343000 ---p 0000c000 08:01 6950444                    /lib/x86_64-linux-gnu/libnss_files-2.15.so
7f7c56343000-7f7c56344000 r--p 0000b000 08:01 6950444                    /lib/x86_64-linux-gnu/libnss_files-2.15.so
7f7c56344000-7f7c56345000 rw-p 0000c000 08:01 6950444                    /lib/x86_64-linux-gnu/libnss_files-2.15.so
7f7c56345000-7f7c5634f000 r-xp 00000000 08:01 6950448                    /lib/x86_64-linux-gnu/libnss_nis-2.15.so
7f7c5634f000-7f7c5654f000 ---p 0000a000 08:01 6950448                    /lib/x86_64-linux-gnu/libnss_nis-2.15.so
7f7c5654f000-7f7c56550000 r--p 0000a000 08:01 6950448                    /lib/x86_64-linux-gnu/libnss_nis-2.15.so
7f7c56550000-7f7c56551000 rw-p 0000b000 08:01 6950448                    /lib/x86_64-linux-gnu/libnss_nis-2.15.so
7f7c56551000-7f7c56568000 r-xp 00000000 08:01 6950438                    /lib/x86_64-linux-gnu/libnsl-2.15.so
7f7c56568000-7f7c56767000 ---p 00017000 08:01 6950438                    /lib/x86_64-linux-gnu/libnsl-2.15.so
7f7c56767000-7f7c56768000 r--p 00016000 08:01 6950438                    /lib/x86_64-linux-gnu/libnsl-2.15.so
7f7c56768000-7f7c56769000 rw-p 00017000 08:01 6950438                    /lib/x86_64-linux-gnu/libnsl-2.15.so
7f7c56769000-7f7c5676b000 rw-p 00000000 00:00 0 
7f7c5676b000-7f7c56773000 r-xp 00000000 08:01 6950440                    /lib/x86_64-linux-gnu/libnss_compat-2.15.so
7f7c56773000-7f7c56972000 ---p 00008000 08:01 6950440                    /lib/x86_64-linux-gnu/libnss_compat-2.15.so
7f7c56972000-7f7c56973000 r--p 00007000 08:01 6950440                    /lib/x86_64-linux-gnu/libnss_compat-2.15.so
7f7c56973000-7f7c56974000 rw-p 00008000 08:01 6950440                    /lib/x86_64-linux-gnu/libnss_compat-2.15.so
7f7c56974000-7f7c56d6f000 r--p 00000000 08:01 2628141                    /usr/lib/locale/locale-archive
7f7c56d6f000-7f7c56d72000 r-xp 00000000 08:01 4205550                    /opt/java/jdk1.7.0_15/jre/lib/amd64/libnpt.so
7f7c56d72000-7f7c56f71000 ---p 00003000 08:01 4205550                    /opt/java/jdk1.7.0_15/jre/lib/amd64/libnpt.so
7f7c56f71000-7f7c56f72000 rw-p 00002000 08:01 4205550                    /opt/java/jdk1.7.0_15/jre/lib/amd64/libnpt.so
7f7c56f72000-7f7c56fab000 r-xp 00000000 08:01 4205527                    /opt/java/jdk1.7.0_15/jre/lib/amd64/libjdwp.so
7f7c56fab000-7f7c571aa000 ---p 00039000 08:01 4205527                    /opt/java/jdk1.7.0_15/jre/lib/amd64/libjdwp.so
7f7c571aa000-7f7c571ac000 rw-p 00038000 08:01 4205527                    /opt/java/jdk1.7.0_15/jre/lib/amd64/libjdwp.so
7f7c571ac000-7f7c571d5000 r-xp 00000000 08:01 4205533                    /opt/java/jdk1.7.0_15/jre/lib/amd64/libjava.so
7f7c571d5000-7f7c573d5000 ---p 00029000 08:01 4205533                    /opt/java/jdk1.7.0_15/jre/lib/amd64/libjava.so
7f7c573d5000-7f7c573d7000 rw-p 00029000 08:01 4205533                    /opt/java/jdk1.7.0_15/jre/lib/amd64/libjava.so
7f7c573d7000-7f7c573e4000 r-xp 00000000 08:01 4205518                    /opt/java/jdk1.7.0_15/jre/lib/amd64/libverify.so
7f7c573e4000-7f7c575e3000 ---p 0000d000 08:01 4205518                    /opt/java/jdk1.7.0_15/jre/lib/amd64/libverify.so
7f7c575e3000-7f7c575e5000 rw-p 0000c000 08:01 4205518                    /opt/java/jdk1.7.0_15/jre/lib/amd64/libverify.so
7f7c575e5000-7f7c575ec000 r-xp 00000000 08:01 6950483                    /lib/x86_64-linux-gnu/librt-2.15.so
7f7c575ec000-7f7c577eb000 ---p 00007000 08:01 6950483                    /lib/x86_64-linux-gnu/librt-2.15.so
7f7c577eb000-7f7c577ec000 r--p 00006000 08:01 6950483                    /lib/x86_64-linux-gnu/librt-2.15.so
7f7c577ec000-7f7c577ed000 rw-p 00007000 08:01 6950483                    /lib/x86_64-linux-gnu/librt-2.15.so
7f7c577ed000-7f7c578e8000 r-xp 00000000 08:01 6950421                    /lib/x86_64-linux-gnu/libm-2.15.so
7f7c578e8000-7f7c57ae7000 ---p 000fb000 08:01 6950421                    /lib/x86_64-linux-gnu/libm-2.15.so
7f7c57ae7000-7f7c57ae8000 r--p 000fa000 08:01 6950421                    /lib/x86_64-linux-gnu/libm-2.15.so
7f7c57ae8000-7f7c57ae9000 rw-p 000fb000 08:01 6950421                    /lib/x86_64-linux-gnu/libm-2.15.so
7f7c57ae9000-7f7c58530000 r-xp 00000000 08:01 4205541                    /opt/java/jdk1.7.0_15/jre/lib/amd64/server/libjvm.so
7f7c58530000-7f7c58730000 ---p 00a47000 08:01 4205541                    /opt/java/jdk1.7.0_15/jre/lib/amd64/server/libjvm.so
7f7c58730000-7f7c587d3000 rw-p 00a47000 08:01 4205541                    /opt/java/jdk1.7.0_15/jre/lib/amd64/server/libjvm.so
7f7c587d3000-7f7c5880f000 rw-p 00000000 00:00 0 
7f7c5880f000-7f7c589c4000 r-xp 00000000 08:01 6950379                    /lib/x86_64-linux-gnu/libc-2.15.so
7f7c589c4000-7f7c58bc3000 ---p 001b5000 08:01 6950379                    /lib/x86_64-linux-gnu/libc-2.15.so
7f7c58bc3000-7f7c58bc7000 r--p 001b4000 08:01 6950379                    /lib/x86_64-linux-gnu/libc-2.15.so
7f7c58bc7000-7f7c58bc9000 rw-p 001b8000 08:01 6950379                    /lib/x86_64-linux-gnu/libc-2.15.so
7f7c58bc9000-7f7c58bce000 rw-p 00000000 00:00 0 
7f7c58bce000-7f7c58bd0000 r-xp 00000000 08:01 6950394                    /lib/x86_64-linux-gnu/libdl-2.15.so
7f7c58bd0000-7f7c58dd0000 ---p 00002000 08:01 6950394                    /lib/x86_64-linux-gnu/libdl-2.15.so
7f7c58dd0000-7f7c58dd1000 r--p 00002000 08:01 6950394                    /lib/x86_64-linux-gnu/libdl-2.15.so
7f7c58dd1000-7f7c58dd2000 rw-p 00003000 08:01 6950394                    /lib/x86_64-linux-gnu/libdl-2.15.so
7f7c58dd2000-7f7c58de8000 r-xp 00000000 08:01 4330388                    /opt/java/jdk1.7.0_15/jre/lib/amd64/jli/libjli.so
7f7c58de8000-7f7c58fe8000 ---p 00016000 08:01 4330388                    /opt/java/jdk1.7.0_15/jre/lib/amd64/jli/libjli.so
7f7c58fe8000-7f7c58fe9000 rw-p 00016000 08:01 4330388                    /opt/java/jdk1.7.0_15/jre/lib/amd64/jli/libjli.so
7f7c58fe9000-7f7c59001000 r-xp 00000000 08:01 6950475                    /lib/x86_64-linux-gnu/libpthread-2.15.so
7f7c59001000-7f7c59200000 ---p 00018000 08:01 6950475                    /lib/x86_64-linux-gnu/libpthread-2.15.so
7f7c59200000-7f7c59201000 r--p 00017000 08:01 6950475                    /lib/x86_64-linux-gnu/libpthread-2.15.so
7f7c59201000-7f7c59202000 rw-p 00018000 08:01 6950475                    /lib/x86_64-linux-gnu/libpthread-2.15.so
7f7c59202000-7f7c59206000 rw-p 00000000 00:00 0 
7f7c59206000-7f7c59228000 r-xp 00000000 08:01 6950355                    /lib/x86_64-linux-gnu/ld-2.15.so
7f7c5923d000-7f7c5923e000 rw-p 00000000 00:00 0 
7f7c5923e000-7f7c59245000 r--s 00000000 08:01 2756674                    /usr/lib/x86_64-linux-gnu/gconv/gconv-modules.cache
7f7c59245000-7f7c5924f000 rw-p 00000000 00:00 0 
7f7c5924f000-7f7c59305000 rw-p 00000000 00:00 0 
7f7c59305000-7f7c59308000 ---p 00000000 00:00 0 
7f7c59308000-7f7c5940a000 rw-p 00000000 00:00 0                          [stack:3594]
7f7c5940e000-7f7c5940f000 rw-p 00000000 00:00 0 
7f7c5940f000-7f7c59410000 rw-s 00000000 00:04 67628                      /dev/zero (deleted)
7f7c59410000-7f7c59412000 r--s 00002000 08:01 1188915                    /home/hkyten/information/scilab-5.4.1/share/scilab/modules/javasci/jar/org.scilab.modules.javasci.jar
7f7c59412000-7f7c59413000 r--s 00001000 08:01 1184608                    /home/hkyten/information/scilab-5.4.1/share/scilab/modules/jvm/jar/org.scilab.modules.jvm.jar
7f7c59413000-7f7c59414000 r--s 00008000 08:01 1181178                    /home/hkyten/information/scilab-5.4.1/share/scilab/modules/types/jar/org.scilab.modules.types.jar
7f7c59414000-7f7c59419000 r--s 0002b000 08:01 2229524                    /home/hkyten/workspace/gintshell/java/libs/gson-2.2.3.jar
7f7c59419000-7f7c5941c000 r--s 0003c000 08:01 2229526                    /home/hkyten/workspace/gintshell/java/libs/gson-2.2.3-javadoc.jar
7f7c5941c000-7f7c59424000 rw-s 00000000 08:01 5246601                    /tmp/hsperfdata_hkyten/3593
7f7c59424000-7f7c59425000 rw-p 00000000 00:00 0 
7f7c59425000-7f7c59426000 r--p 00000000 00:00 0 
7f7c59426000-7f7c59428000 rw-p 00000000 00:00 0 
7f7c59428000-7f7c59429000 r--p 00022000 08:01 6950355                    /lib/x86_64-linux-gnu/ld-2.15.so
7f7c59429000-7f7c5942b000 rw-p 00023000 08:01 6950355                    /lib/x86_64-linux-gnu/ld-2.15.so
7fff91785000-7fff917a6000 rw-p 00000000 00:00 0                          [stack]
7fff917ff000-7fff91800000 r-xp 00000000 00:00 0                          [vdso]
ffffffffff600000-ffffffffff601000 r-xp 00000000 00:00 0                  [vsyscall]

VM Arguments:
jvm_args: -agentlib:jdwp=transport=dt_socket,suspend=y,address=localhost:43091 -Djava.library.path=/home/hkyten/information/scilab-5.4.1/lib/scilab:/home/hkyten/information/scilab-5.4.1/lib/scilab -Dfile.encoding=UTF-8 
java_command: org.kilar.hybridIS.neuralIS.NeuralISScilab
Launcher Type: SUN_STANDARD

Environment Variables:
PATH=/usr/lib/lightdm/lightdm:/usr/local/sbin:/usr/local/bin:/usr/sbin:/usr/bin:/sbin:/bin:/usr/games:/usr/local/games
LD_LIBRARY_PATH=/home/hkyten/information/scilab-5.4.1/lib/scilab:/home/hkyten/information/scilab-5.4.1/lib/thirdparty
SHELL=/bin/bash
DISPLAY=:0

Signal Handlers:
SIGSEGV: [libjvm.so+0x8a5d70], sa_mask[0]=0x7ffbfeff, sa_flags=0x10000004
SIGBUS: [libjvm.so+0x8a5d70], sa_mask[0]=0x7ffbfeff, sa_flags=0x10000004
SIGFPE: [libjvm.so+0x741e50], sa_mask[0]=0x7ffbfeff, sa_flags=0x10000004
SIGPIPE: [libjvm.so+0x741e50], sa_mask[0]=0x7ffbfeff, sa_flags=0x10000004
SIGXFSZ: [libjvm.so+0x741e50], sa_mask[0]=0x7ffbfeff, sa_flags=0x10000004
SIGILL: [libjvm.so+0x741e50], sa_mask[0]=0x7ffbfeff, sa_flags=0x10000004
SIGUSR1: SIG_DFL, sa_mask[0]=0x00000000, sa_flags=0x00000000
SIGUSR2: [libjvm.so+0x7417a0], sa_mask[0]=0x00000004, sa_flags=0x10000004
SIGHUP: [libjvm.so+0x743b30], sa_mask[0]=0x7ffbfeff, sa_flags=0x10000004
SIGINT: [libjvm.so+0x743b30], sa_mask[0]=0x7ffbfeff, sa_flags=0x10000004
SIGTERM: [libjvm.so+0x743b30], sa_mask[0]=0x7ffbfeff, sa_flags=0x10000004
SIGQUIT: [libjvm.so+0x743b30], sa_mask[0]=0x7ffbfeff, sa_flags=0x10000004


---------------  S Y S T E M  ---------------

OS:wheezy/sid

uname:Linux 3.5.0-26-generic #42-Ubuntu SMP Fri Mar 8 23:18:20 UTC 2013 x86_64
libc:glibc 2.15 NPTL 2.15 
rlimit: STACK 8192k, CORE 0k, NPROC 62598, NOFILE 4096, AS infinity
load average:0,19 0,17 0,11

/proc/meminfo:
MemTotal:        8089792 kB
MemFree:         4523600 kB
Buffers:           78700 kB
Cached:          1887512 kB
SwapCached:            0 kB
Active:          1975064 kB
Inactive:        1304492 kB
Active(anon):    1321192 kB
Inactive(anon):    96388 kB
Active(file):     653872 kB
Inactive(file):  1208104 kB
Unevictable:       31416 kB
Mlocked:           31424 kB
SwapTotal:       7595004 kB
SwapFree:        7595004 kB
Dirty:                84 kB
Writeback:             0 kB
AnonPages:       1344648 kB
Mapped:           221024 kB
Shmem:             98412 kB
Slab:             109336 kB
SReclaimable:      73216 kB
SUnreclaim:        36120 kB
KernelStack:        4672 kB
PageTables:        51296 kB
NFS_Unstable:          0 kB
Bounce:                0 kB
WritebackTmp:          0 kB
CommitLimit:    11639900 kB
Committed_AS:    4707040 kB
VmallocTotal:   34359738367 kB
VmallocUsed:      367812 kB
VmallocChunk:   34359365272 kB
HardwareCorrupted:     0 kB
AnonHugePages:         0 kB
HugePages_Total:       0
HugePages_Free:        0
HugePages_Rsvd:        0
HugePages_Surp:        0
Hugepagesize:       2048 kB
DirectMap4k:       59392 kB
DirectMap2M:     8245248 kB


CPU:total 4 (2 cores per cpu, 2 threads per core) family 6 model 42 stepping 7, cmov, cx8, fxsr, mmx, sse, sse2, sse3, ssse3, sse4.1, sse4.2, popcnt, avx, ht, tsc, tscinvbit

/proc/cpuinfo:
processor	: 0
vendor_id	: GenuineIntel
cpu family	: 6
model		: 42
model name	: Intel(R) Core(TM) i3-2350M CPU @ 2.30GHz
stepping	: 7
microcode	: 0x25
cpu MHz		: 800.000
cache size	: 3072 KB
physical id	: 0
siblings	: 4
core id		: 0
cpu cores	: 2
apicid		: 0
initial apicid	: 0
fpu		: yes
fpu_exception	: yes
cpuid level	: 13
wp		: yes
flags		: fpu vme de pse tsc msr pae mce cx8 apic sep mtrr pge mca cmov pat pse36 clflush dts acpi mmx fxsr sse sse2 ss ht tm pbe syscall nx rdtscp lm constant_tsc arch_perfmon pebs bts nopl xtopology nonstop_tsc aperfmperf pni pclmulqdq dtes64 monitor ds_cpl vmx est tm2 ssse3 cx16 xtpr pdcm pcid sse4_1 sse4_2 x2apic popcnt tsc_deadline_timer xsave avx lahf_lm arat epb xsaveopt pln pts dtherm tpr_shadow vnmi flexpriority ept vpid
bogomips	: 4589.71
clflush size	: 64
cache_alignment	: 64
address sizes	: 36 bits physical, 48 bits virtual
power management:

processor	: 1
vendor_id	: GenuineIntel
cpu family	: 6
model		: 42
model name	: Intel(R) Core(TM) i3-2350M CPU @ 2.30GHz
stepping	: 7
microcode	: 0x25
cpu MHz		: 800.000
cache size	: 3072 KB
physical id	: 0
siblings	: 4
core id		: 0
cpu cores	: 2
apicid		: 1
initial apicid	: 1
fpu		: yes
fpu_exception	: yes
cpuid level	: 13
wp		: yes
flags		: fpu vme de pse tsc msr pae mce cx8 apic sep mtrr pge mca cmov pat pse36 clflush dts acpi mmx fxsr sse sse2 ss ht tm pbe syscall nx rdtscp lm constant_tsc arch_perfmon pebs bts nopl xtopology nonstop_tsc aperfmperf pni pclmulqdq dtes64 monitor ds_cpl vmx est tm2 ssse3 cx16 xtpr pdcm pcid sse4_1 sse4_2 x2apic popcnt tsc_deadline_timer xsave avx lahf_lm arat epb xsaveopt pln pts dtherm tpr_shadow vnmi flexpriority ept vpid
bogomips	: 4589.71
clflush size	: 64
cache_alignment	: 64
address sizes	: 36 bits physical, 48 bits virtual
power management:

processor	: 2
vendor_id	: GenuineIntel
cpu family	: 6
model		: 42
model name	: Intel(R) Core(TM) i3-2350M CPU @ 2.30GHz
stepping	: 7
microcode	: 0x25
cpu MHz		: 2300.000
cache size	: 3072 KB
physical id	: 0
siblings	: 4
core id		: 1
cpu cores	: 2
apicid		: 2
initial apicid	: 2
fpu		: yes
fpu_exception	: yes
cpuid level	: 13
wp		: yes
flags		: fpu vme de pse tsc msr pae mce cx8 apic sep mtrr pge mca cmov pat pse36 clflush dts acpi mmx fxsr sse sse2 ss ht tm pbe syscall nx rdtscp lm constant_tsc arch_perfmon pebs bts nopl xtopology nonstop_tsc aperfmperf pni pclmulqdq dtes64 monitor ds_cpl vmx est tm2 ssse3 cx16 xtpr pdcm pcid sse4_1 sse4_2 x2apic popcnt tsc_deadline_timer xsave avx lahf_lm arat epb xsaveopt pln pts dtherm tpr_shadow vnmi flexpriority ept vpid
bogomips	: 4589.71
clflush size	: 64
cache_alignment	: 64
address sizes	: 36 bits physical, 48 bits virtual
power management:

processor	: 3
vendor_id	: GenuineIntel
cpu family	: 6
model		: 42
model name	: Intel(R) Core(TM) i3-2350M CPU @ 2.30GHz
stepping	: 7
microcode	: 0x25
cpu MHz		: 800.000
cache size	: 3072 KB
physical id	: 0
siblings	: 4
core id		: 1
cpu cores	: 2
apicid		: 3
initial apicid	: 3
fpu		: yes
fpu_exception	: yes
cpuid level	: 13
wp		: yes
flags		: fpu vme de pse tsc msr pae mce cx8 apic sep mtrr pge mca cmov pat pse36 clflush dts acpi mmx fxsr sse sse2 ss ht tm pbe syscall nx rdtscp lm constant_tsc arch_perfmon pebs bts nopl xtopology nonstop_tsc aperfmperf pni pclmulqdq dtes64 monitor ds_cpl vmx est tm2 ssse3 cx16 xtpr pdcm pcid sse4_1 sse4_2 x2apic popcnt tsc_deadline_timer xsave avx lahf_lm arat epb xsaveopt pln pts dtherm tpr_shadow vnmi flexpriority ept vpid
bogomips	: 4589.71
clflush size	: 64
cache_alignment	: 64
address sizes	: 36 bits physical, 48 bits virtual
power management:



Memory: 4k page, physical 8089792k(4523600k free), swap 7595004k(7595004k free)

vm_info: Java HotSpot(TM) 64-Bit Server VM (23.7-b01) for linux-amd64 JRE (1.7.0_15-b03), built on Feb 15 2013 13:03:43 by "java_re" with gcc 4.3.0 20080428 (Red Hat 4.3.0-8)

time: Sun Apr 21 10:06:34 2013
elapsed time: 9 seconds

