#
# A fatal error has been detected by the Java Runtime Environment:
#
#  SIGSEGV (0xb) at pc=0x00007fb01b62aeab, pid=4430, tid=140394361693952
#
# JRE version: 7.0_15-b03
# Java VM: Java HotSpot(TM) 64-Bit Server VM (23.7-b01 mixed mode linux-amd64 compressed oops)
# Problematic frame:
# C  [libc.so.6+0x131eab]  __nss_hosts_lookup+0x54b
#
# Failed to write core dump. Core dumps have been disabled. To enable core dumping, try "ulimit -c unlimited" before starting Java again
#
# If you would like to submit a bug report, please visit:
#   http://bugreport.sun.com/bugreport/crash.jsp
# The crash happened outside the Java Virtual Machine in native code.
# See problematic frame for where to report the bug.
#

---------------  T H R E A D  ---------------

Current thread (0x00007fb01400b800):  JavaThread "main" [_thread_in_native, id=4435, stack(0x00007fb01bfea000,0x00007fb01c0eb000)]

siginfo:si_signo=SIGSEGV: si_errno=0, si_code=1 (SEGV_MAPERR), si_addr=0x0000000000000030

Registers:
RAX=0x0000000000000000, RBX=0x00007fb014000878, RCX=0x000000000000000c, RDX=0x000000000000ffff
RSP=0x00007fb01c0e63a8, RBP=0x00000000000000fe, RSI=0x0000000000000030, RDI=0x00007fb014193260
R8 =0x000000000000ffff, R9 =0x0000000000000020, R10=0x00007fb01b62b500, R11=0x00007fb01b62ae30
R12=0x00007fb014193260, R13=0x0000000014000088, R14=0x00007fb0141b9560, R15=0x00000000ffffffff
RIP=0x00007fb01b62aeab, EFLAGS=0x0000000000010293, CSGSFS=0x0000000000000033, ERR=0x0000000000000004
  TRAPNO=0x000000000000000e

Top of Stack: (sp=0x00007fb01c0e63a8)
0x00007fb01c0e63a8:   00007fb0030f2187 00007fb014193260
0x00007fb01c0e63b8:   00007fb014193260 00007fb01410cc40
0x00007fb01c0e63c8:   0000000000000026 00007fb001be11c0
0x00007fb01c0e63d8:   00007fb0030e8a31 00007fb014193260
0x00007fb01c0e63e8:   0000000000000000 00007fb002f6afc8
0x00007fb01c0e63f8:   00007fb01419d350 00007fafeda4f8a0
0x00007fb01c0e6408:   00007fb0141b9590 00007fb014193270
0x00007fb01c0e6418:   00007fb01c0e966c 00007fb001be11c0
0x00007fb01c0e6428:   00007fb01bf05245 00007fb014000088
0x00007fb01c0e6438:   0000000000000000 0000000000000000
0x00007fb01c0e6448:   00007fb0141b9590 00007fb001be11f4
0x00007fb01c0e6458:   00007fb01c0e966c 00007fb001be11c0
0x00007fb01c0e6468:   00007fb0141b9560 00000000ffffffff
0x00007fb01c0e6478:   00007fb0030daff7 00007fb01c0e64b0
0x00007fb01c0e6488:   00007fb01c0e64c8 00007fb01c0e64cc
0x00007fb01c0e6498:   0000000000000000 0000000001be11f4
0x00007fb01c0e64a8:   00007fb0140ae5d0 00007fb001be11c0
0x00007fb01c0e64b8:   00007fb01bf05245 0000000000000001
0x00007fb01c0e64c8:   0000000000000000 0000000000000000
0x00007fb01c0e64d8:   00007fb0141b9590 00007fb001be11f4
0x00007fb01c0e64e8:   00007fb01c0e966c 00007fb001be11c0
0x00007fb01c0e64f8:   00007fb0141b9560 00000000ffffffff
0x00007fb01c0e6508:   00007fb0030cb627 676175676e616c20
0x00007fb01c0e6518:   000000001419d350 00000000000003c8
0x00007fb01c0e6528:   00007fb0030b30d8 0000000000000445
0x00007fb01c0e6538:   00007fb0030b1d14 0000000000000000
0x00007fb01c0e6548:   00007fb000000000 00007fb000000000
0x00007fb01c0e6558:   00007fb000000000 6e6f697400000000
0x00007fb01c0e6568:   2d62616c6963732f 696c2f312e342e35
0x00007fb01c0e6578:   7064726968742f62 62696c2f79747261
0x00007fb01c0e6588:   6f732e7000000000 6e6f697400000000
0x00007fb01c0e6598:   2d62616c6963732f 00007faf00000018 

Instructions: (pc=0x00007fb01b62aeab)
0x00007fb01b62ae8b:   00 00 45 31 c0 83 e1 0f 83 e0 0f 66 0f ef c0 39
0x00007fb01b62ae9b:   c1 74 32 77 07 41 89 d0 91 48 87 f7 66 0f 6f 17
0x00007fb01b62aeab:   66 0f 6f 0e 4c 8d 48 0f 49 29 c9 4c 8d 15 d3 0c
0x00007fb01b62aebb:   05 00 4f 63 0c 8a 66 0f 74 c1 4f 8d 14 0a 41 ff 

Register to memory mapping:

RAX=0x0000000000000000 is an unknown value
RBX=0x00007fb014000878 is an unknown value
RCX=0x000000000000000c is an unknown value
RDX=0x000000000000ffff is an unknown value
RSP=0x00007fb01c0e63a8 is pointing into the stack for thread: 0x00007fb01400b800
RBP=0x00000000000000fe is an unknown value
RSI=0x0000000000000030 is an unknown value
RDI=0x00007fb014193260 is an unknown value
R8 =0x000000000000ffff is an unknown value
R9 =0x0000000000000020 is an unknown value
R10=0x00007fb01b62b500: <offset 0x132500> in /lib/x86_64-linux-gnu/libc.so.6 at 0x00007fb01b4f9000
R11=0x00007fb01b62ae30: <offset 0x131e30> in /lib/x86_64-linux-gnu/libc.so.6 at 0x00007fb01b4f9000
R12=0x00007fb014193260 is an unknown value
R13=0x0000000014000088 is an unknown value
R14=0x00007fb0141b9560 is an unknown value
R15=0x00000000ffffffff is an unknown value


Stack: [0x00007fb01bfea000,0x00007fb01c0eb000],  sp=0x00007fb01c0e63a8,  free space=1008k
Native frames: (J=compiled Java code, j=interpreted, Vv=VM code, C=native code)
C  [libc.so.6+0x131eab]  __nss_hosts_lookup+0x54b

Java frames: (J=compiled Java code, j=interpreted, Vv=VM code)
j  org.scilab.modules.javasci.Call_ScilabJNI.Call_ScilabOpen(Ljava/lang/String;ZLjava/lang/String;I)I+0
j  org.scilab.modules.javasci.Call_Scilab.Call_ScilabOpen(Ljava/lang/String;ZLjava/lang/String;I)I+4
j  org.scilab.modules.javasci.Scilab.open()Z+10
j  org.kilar.hybridIS.general.ScilabAdapter.initialize()V+20
j  org.kilar.hybridIS.neuralIS.NeuralISScilab.<init>(Lorg/kilar/hybridIS/neuralIS/ModuleConfigNeural;)V+5
j  org.kilar.hybridIS.neuralIS.NeuralISScilab.main([Ljava/lang/String;)V+93
v  ~StubRoutines::call_stub

---------------  P R O C E S S  ---------------

Java Threads: ( => current thread )
  0x00007fb014102800 JavaThread "Service Thread" daemon [_thread_blocked, id=4456, stack(0x00007fb00a2dd000,0x00007fb00a3de000)]
  0x00007fb014100000 JavaThread "C2 CompilerThread1" daemon [_thread_blocked, id=4455, stack(0x00007fb00a3de000,0x00007fb00a4df000)]
  0x00007fb0140fd000 JavaThread "C2 CompilerThread0" daemon [_thread_blocked, id=4454, stack(0x00007fb00a4df000,0x00007fb00a5e0000)]
  0x00007fafd8001000 JavaThread "JDWP Command Reader" daemon [_thread_in_native, id=4450, stack(0x00007fb00a5e0000,0x00007fb00a6e1000)]
  0x00007fb0140fb000 JavaThread "JDWP Event Helper Thread" daemon [_thread_blocked, id=4449, stack(0x00007fb00a6e1000,0x00007fb00a7e2000)]
  0x00007fb0140f7800 JavaThread "JDWP Transport Listener: dt_socket" daemon [_thread_blocked, id=4446, stack(0x00007fb00a7e2000,0x00007fb00a8e3000)]
  0x00007fb0140ea800 JavaThread "Signal Dispatcher" daemon [_thread_blocked, id=4444, stack(0x00007fb00aae7000,0x00007fb00abe8000)]
  0x00007fb01409e800 JavaThread "Finalizer" daemon [_thread_blocked, id=4443, stack(0x00007fb018018000,0x00007fb018119000)]
  0x00007fb01409c000 JavaThread "Reference Handler" daemon [_thread_blocked, id=4442, stack(0x00007fb00abe8000,0x00007fb00ace9000)]
=>0x00007fb01400b800 JavaThread "main" [_thread_in_native, id=4435, stack(0x00007fb01bfea000,0x00007fb01c0eb000)]

Other Threads:
  0x00007fb014094800 VMThread [stack: 0x00007fb00ace9000,0x00007fb00adea000] [id=4441]
  0x00007fb014115000 WatcherThread [stack: 0x00007fb00a1dc000,0x00007fb00a2dd000] [id=4457]

VM state:not at safepoint (normal execution)

VM Mutex/Monitor currently owned by a thread: None

Heap
 PSYoungGen      total 36864K, used 1897K [0x00000007d6d60000, 0x00000007d9680000, 0x0000000800000000)
  eden space 31616K, 6% used [0x00000007d6d60000,0x00000007d6f3a498,0x00000007d8c40000)
  from space 5248K, 0% used [0x00000007d9160000,0x00000007d9160000,0x00000007d9680000)
  to   space 5248K, 0% used [0x00000007d8c40000,0x00000007d8c40000,0x00000007d9160000)
 ParOldGen       total 84352K, used 0K [0x0000000784800000, 0x0000000789a60000, 0x00000007d6d60000)
  object space 84352K, 0% used [0x0000000784800000,0x0000000784800000,0x0000000789a60000)
 PSPermGen       total 21248K, used 2848K [0x000000077f600000, 0x0000000780ac0000, 0x0000000784800000)
  object space 21248K, 13% used [0x000000077f600000,0x000000077f8c81a0,0x0000000780ac0000)

Card table byte_map: [0x00007fb018801000,0x00007fb018c07000] byte_map_base: 0x00007fb014c06000

Polling page: 0x00007fb01c10f000

Code Cache  [0x00007fb011000000, 0x00007fb011270000, 0x00007fb014000000)
 total_blobs=178 nmethods=2 adapters=137 free_code_cache=48768Kb largest_free_block=49918336

Compilation events (4 events):
Event: 4,168 Thread 0x00007fb0140fd000    1             java.lang.String::indexOf (70 bytes)
Event: 4,172 Thread 0x00007fb014100000    2             sun.nio.cs.UTF_8$Encoder::encode (361 bytes)
Event: 4,180 Thread 0x00007fb0140fd000 nmethod 1 0x00007fb01105fb50 code [0x00007fb01105fca0, 0x00007fb01105fe88]
Event: 4,192 Thread 0x00007fb014100000 nmethod 2 0x00007fb01105ea90 code [0x00007fb01105ec20, 0x00007fb01105f308]

GC Heap History (0 events):
No events

Deoptimization events (0 events):
No events

Internal exceptions (10 events):
Event: 0,162 Thread 0x00007fb01400b800 Threw 0x00000007d6dec628 at /HUDSON/workspace/jdk7u15-2-build-linux-amd64-product/jdk7u15/hotspot/src/share/vm/prims/jvm.cpp:1166
Event: 4,142 Thread 0x00007fb01400b800 Threw 0x00000007d6df00d8 at /HUDSON/workspace/jdk7u15-2-build-linux-amd64-product/jdk7u15/hotspot/src/share/vm/prims/jvm.cpp:1166
Event: 4,152 Thread 0x00007fb01400b800 Threw 0x00000007d6dfa538 at /HUDSON/workspace/jdk7u15-2-build-linux-amd64-product/jdk7u15/hotspot/src/share/vm/prims/jvm.cpp:1166
Event: 4,158 Thread 0x00007fb01400b800 Threw 0x00000007d6dfe090 at /HUDSON/workspace/jdk7u15-2-build-linux-amd64-product/jdk7u15/hotspot/src/share/vm/prims/jvm.cpp:1166
Event: 4,166 Thread 0x00007fb01400b800 Threw 0x00000007d6ea0268 at /HUDSON/workspace/jdk7u15-2-build-linux-amd64-product/jdk7u15/hotspot/src/share/vm/prims/jvm.cpp:1166
Event: 4,169 Thread 0x00007fb01400b800 Threw 0x00000007d6ea3f38 at /HUDSON/workspace/jdk7u15-2-build-linux-amd64-product/jdk7u15/hotspot/src/share/vm/prims/jvm.cpp:1166
Event: 4,172 Thread 0x00007fb01400b800 Threw 0x00000007d6ea79e8 at /HUDSON/workspace/jdk7u15-2-build-linux-amd64-product/jdk7u15/hotspot/src/share/vm/prims/jvm.cpp:1166
Event: 4,175 Thread 0x00007fb01400b800 Threw 0x00000007d6eab578 at /HUDSON/workspace/jdk7u15-2-build-linux-amd64-product/jdk7u15/hotspot/src/share/vm/prims/jvm.cpp:1166
Event: 4,184 Thread 0x00007fb01400b800 Threw 0x00000007d6eb2b18 at /HUDSON/workspace/jdk7u15-2-build-linux-amd64-product/jdk7u15/hotspot/src/share/vm/prims/jvm.cpp:1166
Event: 4,186 Thread 0x00007fb01400b800 Threw 0x00000007d6eb76f0 at /HUDSON/workspace/jdk7u15-2-build-linux-amd64-product/jdk7u15/hotspot/src/share/vm/prims/jvm.cpp:1166

Events (10 events):
Event: 4,201 Executing VM operation: ChangeSingleStep
Event: 4,201 Executing VM operation: ChangeSingleStep done
Event: 5,292 Executing VM operation: EnterInterpOnlyMode
Event: 5,292 Executing VM operation: EnterInterpOnlyMode done
Event: 5,292 Executing VM operation: GetCurrentLocation
Event: 5,292 Executing VM operation: GetCurrentLocation done
Event: 5,292 Executing VM operation: ChangeSingleStep
Event: 5,292 Executing VM operation: ChangeSingleStep done
Event: 5,293 Executing VM operation: ChangeSingleStep
Event: 5,293 Executing VM operation: ChangeSingleStep done


Dynamic libraries:
00400000-00401000 r-xp 00000000 08:01 3935860                            /opt/java/jdk1.7.0_15/bin/java
00600000-00601000 rw-p 00000000 08:01 3935860                            /opt/java/jdk1.7.0_15/bin/java
00d8d000-00dae000 rw-p 00000000 00:00 0                                  [heap]
77f600000-780ac0000 rw-p 00000000 00:00 0 
780ac0000-784800000 rw-p 00000000 00:00 0 
784800000-789a60000 rw-p 00000000 00:00 0 
789a60000-7d6d60000 rw-p 00000000 00:00 0 
7d6d60000-7d9680000 rw-p 00000000 00:00 0 
7d9680000-800000000 rw-p 00000000 00:00 0 
7fafc0000000-7fafc0021000 rw-p 00000000 00:00 0 
7fafc0021000-7fafc4000000 ---p 00000000 00:00 0 
7fafc4000000-7fafc4021000 rw-p 00000000 00:00 0 
7fafc4021000-7fafc8000000 ---p 00000000 00:00 0 
7fafc8000000-7fafc8071000 rw-p 00000000 00:00 0 
7fafc8071000-7fafcc000000 ---p 00000000 00:00 0 
7fafcf9cd000-7fafcf9d2000 r-xp 00000000 08:01 2629492                    /usr/lib/x86_64-linux-gnu/libXdmcp.so.6.0.0
7fafcf9d2000-7fafcfbd1000 ---p 00005000 08:01 2629492                    /usr/lib/x86_64-linux-gnu/libXdmcp.so.6.0.0
7fafcfbd1000-7fafcfbd2000 r--p 00004000 08:01 2629492                    /usr/lib/x86_64-linux-gnu/libXdmcp.so.6.0.0
7fafcfbd2000-7fafcfbd3000 rw-p 00005000 08:01 2629492                    /usr/lib/x86_64-linux-gnu/libXdmcp.so.6.0.0
7fafcfbd3000-7fafcfbd5000 r-xp 00000000 08:01 2629481                    /usr/lib/x86_64-linux-gnu/libXau.so.6.0.0
7fafcfbd5000-7fafcfdd5000 ---p 00002000 08:01 2629481                    /usr/lib/x86_64-linux-gnu/libXau.so.6.0.0
7fafcfdd5000-7fafcfdd6000 r--p 00002000 08:01 2629481                    /usr/lib/x86_64-linux-gnu/libXau.so.6.0.0
7fafcfdd6000-7fafcfdd7000 rw-p 00003000 08:01 2629481                    /usr/lib/x86_64-linux-gnu/libXau.so.6.0.0
7fafcfdd7000-7fafcfdfd000 r-xp 00000000 08:01 6950399                    /lib/x86_64-linux-gnu/libexpat.so.1.6.0
7fafcfdfd000-7fafcfffd000 ---p 00026000 08:01 6950399                    /lib/x86_64-linux-gnu/libexpat.so.1.6.0
7fafcfffd000-7fafcffff000 r--p 00026000 08:01 6950399                    /lib/x86_64-linux-gnu/libexpat.so.1.6.0
7fafcffff000-7fafd0000000 rw-p 00028000 08:01 6950399                    /lib/x86_64-linux-gnu/libexpat.so.1.6.0
7fafd0000000-7fafd0021000 rw-p 00000000 00:00 0 
7fafd0021000-7fafd4000000 ---p 00000000 00:00 0 
7fafd4000000-7fafd4077000 rw-p 00000000 00:00 0 
7fafd4077000-7fafd8000000 ---p 00000000 00:00 0 
7fafd8000000-7fafd8021000 rw-p 00000000 00:00 0 
7fafd8021000-7fafdc000000 ---p 00000000 00:00 0 
7fafdc000000-7fafdc021000 rw-p 00000000 00:00 0 
7fafdc021000-7fafe0000000 ---p 00000000 00:00 0 
7fafe0000000-7fafe0021000 rw-p 00000000 00:00 0 
7fafe0021000-7fafe4000000 ---p 00000000 00:00 0 
7fafe4000000-7fafe4021000 rw-p 00000000 00:00 0 
7fafe4021000-7fafe8000000 ---p 00000000 00:00 0 
7fafe8000000-7fafe8021000 rw-p 00000000 00:00 0 
7fafe8021000-7fafec000000 ---p 00000000 00:00 0 
7fafec0ab000-7fafec0c8000 r-xp 00000000 08:01 2630093                    /usr/lib/x86_64-linux-gnu/libxcb.so.1.1.0
7fafec0c8000-7fafec2c7000 ---p 0001d000 08:01 2630093                    /usr/lib/x86_64-linux-gnu/libxcb.so.1.1.0
7fafec2c7000-7fafec2c8000 r--p 0001c000 08:01 2630093                    /usr/lib/x86_64-linux-gnu/libxcb.so.1.1.0
7fafec2c8000-7fafec2c9000 rw-p 0001d000 08:01 2630093                    /usr/lib/x86_64-linux-gnu/libxcb.so.1.1.0
7fafec2c9000-7fafec2d2000 r-xp 00000000 08:01 2629514                    /usr/lib/x86_64-linux-gnu/libXrender.so.1.3.0
7fafec2d2000-7fafec4d1000 ---p 00009000 08:01 2629514                    /usr/lib/x86_64-linux-gnu/libXrender.so.1.3.0
7fafec4d1000-7fafec4d2000 r--p 00008000 08:01 2629514                    /usr/lib/x86_64-linux-gnu/libXrender.so.1.3.0
7fafec4d2000-7fafec4d3000 rw-p 00009000 08:01 2629514                    /usr/lib/x86_64-linux-gnu/libXrender.so.1.3.0
7fafec4d3000-7fafec50a000 r-xp 00000000 08:01 2629674                    /usr/lib/x86_64-linux-gnu/libfontconfig.so.1.6.2
7fafec50a000-7fafec70a000 ---p 00037000 08:01 2629674                    /usr/lib/x86_64-linux-gnu/libfontconfig.so.1.6.2
7fafec70a000-7fafec70b000 r--p 00037000 08:01 2629674                    /usr/lib/x86_64-linux-gnu/libfontconfig.so.1.6.2
7fafec70b000-7fafec70c000 rw-p 00038000 08:01 2629674                    /usr/lib/x86_64-linux-gnu/libfontconfig.so.1.6.2
7fafec70c000-7fafec70d000 rw-p 00000000 00:00 0 
7fafec70d000-7fafec7a3000 r-xp 00000000 08:01 2624235                    /usr/lib/x86_64-linux-gnu/libfreetype.so.6.9.0
7fafec7a3000-7fafec9a2000 ---p 00096000 08:01 2624235                    /usr/lib/x86_64-linux-gnu/libfreetype.so.6.9.0
7fafec9a2000-7fafec9a8000 r--p 00095000 08:01 2624235                    /usr/lib/x86_64-linux-gnu/libfreetype.so.6.9.0
7fafec9a8000-7fafec9a9000 rw-p 0009b000 08:01 2624235                    /usr/lib/x86_64-linux-gnu/libfreetype.so.6.9.0
7fafec9a9000-7fafec9bd000 r-xp 00000000 08:01 2629498                    /usr/lib/x86_64-linux-gnu/libXft.so.2.3.1
7fafec9bd000-7fafecbbc000 ---p 00014000 08:01 2629498                    /usr/lib/x86_64-linux-gnu/libXft.so.2.3.1
7fafecbbc000-7fafecbbd000 r--p 00013000 08:01 2629498                    /usr/lib/x86_64-linux-gnu/libXft.so.2.3.1
7fafecbbd000-7fafecbbe000 rw-p 00014000 08:01 2629498                    /usr/lib/x86_64-linux-gnu/libXft.so.2.3.1
7fafecbbe000-7fafecbce000 r-xp 00000000 08:01 2629494                    /usr/lib/x86_64-linux-gnu/libXext.so.6.4.0
7fafecbce000-7fafecdce000 ---p 00010000 08:01 2629494                    /usr/lib/x86_64-linux-gnu/libXext.so.6.4.0
7fafecdce000-7fafecdcf000 r--p 00010000 08:01 2629494                    /usr/lib/x86_64-linux-gnu/libXext.so.6.4.0
7fafecdcf000-7fafecdd0000 rw-p 00011000 08:01 2629494                    /usr/lib/x86_64-linux-gnu/libXext.so.6.4.0
7fafecdd0000-7fafecdd2000 r-xp 00000000 08:01 2629516                    /usr/lib/x86_64-linux-gnu/libXss.so.1.0.0
7fafecdd2000-7fafecfd2000 ---p 00002000 08:01 2629516                    /usr/lib/x86_64-linux-gnu/libXss.so.1.0.0
7fafecfd2000-7fafecfd3000 r--p 00002000 08:01 2629516                    /usr/lib/x86_64-linux-gnu/libXss.so.1.0.0
7fafecfd3000-7fafecfd4000 rw-p 00003000 08:01 2629516                    /usr/lib/x86_64-linux-gnu/libXss.so.1.0.0
7fafecfd4000-7fafed108000 r-xp 00000000 08:01 2629479                    /usr/lib/x86_64-linux-gnu/libX11.so.6.3.0
7fafed108000-7fafed308000 ---p 00134000 08:01 2629479                    /usr/lib/x86_64-linux-gnu/libX11.so.6.3.0
7fafed308000-7fafed309000 r--p 00134000 08:01 2629479                    /usr/lib/x86_64-linux-gnu/libX11.so.6.3.0
7fafed309000-7fafed30e000 rw-p 00135000 08:01 2629479                    /usr/lib/x86_64-linux-gnu/libX11.so.6.3.0
7fafed30e000-7fafed324000 r-xp 00000000 08:01 1316630                    /home/hkyten/information/scilab-5.4.1/lib/thirdparty/libgcc_s.so.1
7fafed324000-7fafed524000 ---p 00016000 08:01 1316630                    /home/hkyten/information/scilab-5.4.1/lib/thirdparty/libgcc_s.so.1
7fafed524000-7fafed525000 rw-p 00016000 08:01 1316630                    /home/hkyten/information/scilab-5.4.1/lib/thirdparty/libgcc_s.so.1
7fafed525000-7fafed560000 r-xp 00000000 08:01 1316626                    /home/hkyten/information/scilab-5.4.1/lib/thirdparty/libncurses.so.5.7
7fafed560000-7fafed75f000 ---p 0003b000 08:01 1316626                    /home/hkyten/information/scilab-5.4.1/lib/thirdparty/libncurses.so.5.7
7fafed75f000-7fafed764000 rw-p 0003a000 08:01 1316626                    /home/hkyten/information/scilab-5.4.1/lib/thirdparty/libncurses.so.5.7
7fafed764000-7fafed83d000 r-xp 00000000 08:01 1316631                    /home/hkyten/information/scilab-5.4.1/lib/thirdparty/libgfortran.so.3.0.0
7fafed83d000-7fafeda3d000 ---p 000d9000 08:01 1316631                    /home/hkyten/information/scilab-5.4.1/lib/thirdparty/libgfortran.so.3.0.0
7fafeda3d000-7fafeda3f000 rw-p 000d9000 08:01 1316631                    /home/hkyten/information/scilab-5.4.1/lib/thirdparty/libgfortran.so.3.0.0
7fafeda3f000-7fafedb31000 r-xp 00000000 08:01 1316640                    /home/hkyten/information/scilab-5.4.1/lib/thirdparty/libstdc++.so.6.0.13
7fafedb31000-7fafedd31000 ---p 000f2000 08:01 1316640                    /home/hkyten/information/scilab-5.4.1/lib/thirdparty/libstdc++.so.6.0.13
7fafedd31000-7fafedd38000 r--p 000f2000 08:01 1316640                    /home/hkyten/information/scilab-5.4.1/lib/thirdparty/libstdc++.so.6.0.13
7fafedd38000-7fafedd3a000 rw-p 000f9000 08:01 1316640                    /home/hkyten/information/scilab-5.4.1/lib/thirdparty/libstdc++.so.6.0.13
7fafedd3a000-7fafedd4f000 rw-p 00000000 00:00 0 
7fafedd4f000-7fafedd50000 r-xp 00000000 08:01 1316505                    /home/hkyten/information/scilab-5.4.1/lib/scilab/libscicommons-disable.so.5.4.1
7fafedd50000-7fafedf4f000 ---p 00001000 08:01 1316505                    /home/hkyten/information/scilab-5.4.1/lib/scilab/libscicommons-disable.so.5.4.1
7fafedf4f000-7fafedf50000 r--p 00000000 08:01 1316505                    /home/hkyten/information/scilab-5.4.1/lib/scilab/libscicommons-disable.so.5.4.1
7fafedf50000-7fafedf51000 rw-p 00001000 08:01 1316505                    /home/hkyten/information/scilab-5.4.1/lib/scilab/libscicommons-disable.so.5.4.1
7fafedf51000-7fafedf52000 r-xp 00000000 08:01 1316560                    /home/hkyten/information/scilab-5.4.1/lib/scilab/libscihistory_browser-disable.so.5.4.1
7fafedf52000-7fafee151000 ---p 00001000 08:01 1316560                    /home/hkyten/information/scilab-5.4.1/lib/scilab/libscihistory_browser-disable.so.5.4.1
7fafee151000-7fafee152000 r--p 00000000 08:01 1316560                    /home/hkyten/information/scilab-5.4.1/lib/scilab/libscihistory_browser-disable.so.5.4.1
7fafee152000-7fafee153000 rw-p 00001000 08:01 1316560                    /home/hkyten/information/scilab-5.4.1/lib/scilab/libscihistory_browser-disable.so.5.4.1
7fafee153000-7fafee154000 r-xp 00000000 08:01 1316508                    /home/hkyten/information/scilab-5.4.1/lib/scilab/libsciui_data-disable.so.5.4.1
7fafee154000-7fafee353000 ---p 00001000 08:01 1316508                    /home/hkyten/information/scilab-5.4.1/lib/scilab/libsciui_data-disable.so.5.4.1
7fafee353000-7fafee354000 r--p 00000000 08:01 1316508                    /home/hkyten/information/scilab-5.4.1/lib/scilab/libsciui_data-disable.so.5.4.1
7fafee354000-7fafee355000 rw-p 00001000 08:01 1316508                    /home/hkyten/information/scilab-5.4.1/lib/scilab/libsciui_data-disable.so.5.4.1
7fafee355000-7fafee356000 r-xp 00000000 08:01 1316588                    /home/hkyten/information/scilab-5.4.1/lib/scilab/libsciscinotes-disable.so.5.4.1
7fafee356000-7fafee555000 ---p 00001000 08:01 1316588                    /home/hkyten/information/scilab-5.4.1/lib/scilab/libsciscinotes-disable.so.5.4.1
7fafee555000-7fafee556000 r--p 00000000 08:01 1316588                    /home/hkyten/information/scilab-5.4.1/lib/scilab/libsciscinotes-disable.so.5.4.1
7fafee556000-7fafee557000 rw-p 00001000 08:01 1316588                    /home/hkyten/information/scilab-5.4.1/lib/scilab/libsciscinotes-disable.so.5.4.1
7fafee557000-7fafee558000 r-xp 00000000 08:01 1316500                    /home/hkyten/information/scilab-5.4.1/lib/scilab/libscigraphic_objects-disable.so.5.4.1
7fafee558000-7fafee757000 ---p 00001000 08:01 1316500                    /home/hkyten/information/scilab-5.4.1/lib/scilab/libscigraphic_objects-disable.so.5.4.1
7fafee757000-7fafee758000 r--p 00000000 08:01 1316500                    /home/hkyten/information/scilab-5.4.1/lib/scilab/libscigraphic_objects-disable.so.5.4.1
7fafee758000-7fafee759000 rw-p 00001000 08:01 1316500                    /home/hkyten/information/scilab-5.4.1/lib/scilab/libscigraphic_objects-disable.so.5.4.1
7fafee759000-7fafee75a000 r-xp 00000000 08:01 1316495                    /home/hkyten/information/scilab-5.4.1/lib/scilab/libscixcos-disable.so.5.4.1
7fafee75a000-7fafee959000 ---p 00001000 08:01 1316495                    /home/hkyten/information/scilab-5.4.1/lib/scilab/libscixcos-disable.so.5.4.1
7fafee959000-7fafee95a000 r--p 00000000 08:01 1316495                    /home/hkyten/information/scilab-5.4.1/lib/scilab/libscixcos-disable.so.5.4.1
7fafee95a000-7fafee95b000 rw-p 00001000 08:01 1316495                    /home/hkyten/information/scilab-5.4.1/lib/scilab/libscixcos-disable.so.5.4.1
7fafee95b000-7fafee95c000 r-xp 00000000 08:01 1316525                    /home/hkyten/information/scilab-5.4.1/lib/scilab/libscijvm-disable.so.5.4.1
7fafee95c000-7fafeeb5b000 ---p 00001000 08:01 1316525                    /home/hkyten/information/scilab-5.4.1/lib/scilab/libscijvm-disable.so.5.4.1
7fafeeb5b000-7fafeeb5c000 r--p 00000000 08:01 1316525                    /home/hkyten/information/scilab-5.4.1/lib/scilab/libscijvm-disable.so.5.4.1
7fafeeb5c000-7fafeeb5d000 rw-p 00001000 08:01 1316525                    /home/hkyten/information/scilab-5.4.1/lib/scilab/libscijvm-disable.so.5.4.1
7fafeeb5d000-7fafeeb5e000 r-xp 00000000 08:01 1316550                    /home/hkyten/information/scilab-5.4.1/lib/scilab/libsciaction_binding-disable.so.5.4.1
7fafeeb5e000-7fafeed5d000 ---p 00001000 08:01 1316550                    /home/hkyten/information/scilab-5.4.1/lib/scilab/libsciaction_binding-disable.so.5.4.1
7fafeed5d000-7fafeed5e000 r--p 00000000 08:01 1316550                    /home/hkyten/information/scilab-5.4.1/lib/scilab/libsciaction_binding-disable.so.5.4.1
7fafeed5e000-7fafeed5f000 rw-p 00001000 08:01 1316550                    /home/hkyten/information/scilab-5.4.1/lib/scilab/libsciaction_binding-disable.so.5.4.1
7fafeed5f000-7fafeed69000 r-xp 00000000 08:01 1316600                    /home/hkyten/information/scilab-5.4.1/lib/scilab/libsciconsole-minimal.so.5.4.1
7fafeed69000-7fafeef68000 ---p 0000a000 08:01 1316600                    /home/hkyten/information/scilab-5.4.1/lib/scilab/libsciconsole-minimal.so.5.4.1
7fafeef68000-7fafeef69000 r--p 00009000 08:01 1316600                    /home/hkyten/information/scilab-5.4.1/lib/scilab/libsciconsole-minimal.so.5.4.1
7fafeef69000-7fafeef6a000 rw-p 0000a000 08:01 1316600                    /home/hkyten/information/scilab-5.4.1/lib/scilab/libsciconsole-minimal.so.5.4.1
7fafeef6a000-7fafeef6b000 r-xp 00000000 08:01 1316491                    /home/hkyten/information/scilab-5.4.1/lib/scilab/libscigraphic_export-disable.so.5.4.1
7fafeef6b000-7fafef16a000 ---p 00001000 08:01 1316491                    /home/hkyten/information/scilab-5.4.1/lib/scilab/libscigraphic_export-disable.so.5.4.1
7fafef16a000-7fafef16b000 r--p 00000000 08:01 1316491                    /home/hkyten/information/scilab-5.4.1/lib/scilab/libscigraphic_export-disable.so.5.4.1
7fafef16b000-7fafef16c000 rw-p 00001000 08:01 1316491                    /home/hkyten/information/scilab-5.4.1/lib/scilab/libscigraphic_export-disable.so.5.4.1
7fafef16c000-7fafef16e000 r-xp 00000000 08:01 1316462                    /home/hkyten/information/scilab-5.4.1/lib/scilab/libscigraphics-disable.so.5.4.1
7fafef16e000-7fafef36e000 ---p 00002000 08:01 1316462                    /home/hkyten/information/scilab-5.4.1/lib/scilab/libscigraphics-disable.so.5.4.1
7fafef36e000-7fafef36f000 r--p 00002000 08:01 1316462                    /home/hkyten/information/scilab-5.4.1/lib/scilab/libscigraphics-disable.so.5.4.1
7fafef36f000-7fafef370000 rw-p 00003000 08:01 1316462                    /home/hkyten/information/scilab-5.4.1/lib/scilab/libscigraphics-disable.so.5.4.1
7fafef370000-7fafef372000 r-xp 00000000 08:01 1316486                    /home/hkyten/information/scilab-5.4.1/lib/scilab/libscigui-disable.so.5.4.1
7fafef372000-7fafef571000 ---p 00002000 08:01 1316486                    /home/hkyten/information/scilab-5.4.1/lib/scilab/libscigui-disable.so.5.4.1
7fafef571000-7fafef572000 r--p 00001000 08:01 1316486                    /home/hkyten/information/scilab-5.4.1/lib/scilab/libscigui-disable.so.5.4.1
7fafef572000-7fafef573000 rw-p 00002000 08:01 1316486                    /home/hkyten/information/scilab-5.4.1/lib/scilab/libscigui-disable.so.5.4.1
7fafef573000-7fafef59b000 r-xp 00000000 08:01 1316530                    /home/hkyten/information/scilab-5.4.1/lib/scilab/libsciexternal_objects.so.5.4.1
7fafef59b000-7fafef79b000 ---p 00028000 08:01 1316530                    /home/hkyten/information/scilab-5.4.1/lib/scilab/libsciexternal_objects.so.5.4.1
7fafef79b000-7fafef79c000 r--p 00028000 08:01 1316530                    /home/hkyten/information/scilab-5.4.1/lib/scilab/libsciexternal_objects.so.5.4.1
7fafef79c000-7fafef79e000 rw-p 00029000 08:01 1316530                    /home/hkyten/information/scilab-5.4.1/lib/scilab/libsciexternal_objects.so.5.4.1
7fafef79e000-7fafef7d4000 r-xp 00000000 08:01 1316539                    /home/hkyten/information/scilab-5.4.1/lib/scilab/libscixml.so.5.4.1
7fafef7d4000-7fafef9d4000 ---p 00036000 08:01 1316539                    /home/hkyten/information/scilab-5.4.1/lib/scilab/libscixml.so.5.4.1
7fafef9d4000-7fafef9d5000 r--p 00036000 08:01 1316539                    /home/hkyten/information/scilab-5.4.1/lib/scilab/libscixml.so.5.4.1
7fafef9d5000-7fafef9d7000 rw-p 00037000 08:01 1316539                    /home/hkyten/information/scilab-5.4.1/lib/scilab/libscixml.so.5.4.1
7fafef9d7000-7fafef9f1000 r-xp 00000000 08:01 1316593                    /home/hkyten/information/scilab-5.4.1/lib/scilab/libscistatistics.so.5.4.1
7fafef9f1000-7fafefbf0000 ---p 0001a000 08:01 1316593                    /home/hkyten/information/scilab-5.4.1/lib/scilab/libscistatistics.so.5.4.1
7fafefbf0000-7fafefbf1000 r--p 00019000 08:01 1316593                    /home/hkyten/information/scilab-5.4.1/lib/scilab/libscistatistics.so.5.4.1
7fafefbf1000-7fafefbf2000 rw-p 0001a000 08:01 1316593                    /home/hkyten/information/scilab-5.4.1/lib/scilab/libscistatistics.so.5.4.1
7fafefbf2000-7fafefcac000 rw-p 00000000 00:00 0 
7fafefcac000-7fafefda9000 r-xp 00000000 08:01 1316611                    /home/hkyten/information/scilab-5.4.1/lib/thirdparty/libfftw3.so.3.2.3
7fafefda9000-7fafeffa9000 ---p 000fd000 08:01 1316611                    /home/hkyten/information/scilab-5.4.1/lib/thirdparty/libfftw3.so.3.2.3
7fafeffa9000-7fafeffb0000 rw-p 000fd000 08:01 1316611                    /home/hkyten/information/scilab-5.4.1/lib/thirdparty/libfftw3.so.3.2.3
7fafeffb0000-7faff4000000 rw-p 00000000 00:00 0 
7faff4000000-7faff4021000 rw-p 00000000 00:00 0 
7faff4021000-7faff8000000 ---p 00000000 00:00 0 
7faff8000000-7faff8021000 rw-p 00000000 00:00 0 
7faff8021000-7faffc000000 ---p 00000000 00:00 0 
7faffc000000-7faffc021000 rw-p 00000000 00:00 0 
7faffc021000-7fb000000000 ---p 00000000 00:00 0 
7fb0000c7000-7fb0000c9000 r-xp 00000000 08:01 1316557                    /home/hkyten/information/scilab-5.4.1/lib/scilab/libscipreferences-cli.so.5.4.1
7fb0000c9000-7fb0002c8000 ---p 00002000 08:01 1316557                    /home/hkyten/information/scilab-5.4.1/lib/scilab/libscipreferences-cli.so.5.4.1
7fb0002c8000-7fb0002c9000 r--p 00001000 08:01 1316557                    /home/hkyten/information/scilab-5.4.1/lib/scilab/libscipreferences-cli.so.5.4.1
7fb0002c9000-7fb0002ca000 rw-p 00002000 08:01 1316557                    /home/hkyten/information/scilab-5.4.1/lib/scilab/libscipreferences-cli.so.5.4.1
7fb0002ca000-7fb0002e0000 r-xp 00000000 08:01 1316632                    /home/hkyten/information/scilab-5.4.1/lib/thirdparty/libz.so.1.2.3.3
7fb0002e0000-7fb0004e0000 ---p 00016000 08:01 1316632                    /home/hkyten/information/scilab-5.4.1/lib/thirdparty/libz.so.1.2.3.3
7fb0004e0000-7fb0004e1000 rw-p 00016000 08:01 1316632                    /home/hkyten/information/scilab-5.4.1/lib/thirdparty/libz.so.1.2.3.3
7fb0004e1000-7fb000893000 r-xp 00000000 08:01 1316642                    /home/hkyten/information/scilab-5.4.1/lib/thirdparty/libhdf5.so
7fb000893000-7fb000a93000 ---p 003b2000 08:01 1316642                    /home/hkyten/information/scilab-5.4.1/lib/thirdparty/libhdf5.so
7fb000a93000-7fb000a9d000 rw-p 003b2000 08:01 1316642                    /home/hkyten/information/scilab-5.4.1/lib/thirdparty/libhdf5.so
7fb000a9d000-7fb000a9f000 rw-p 00000000 00:00 0 
7fb000a9f000-7fb000ab6000 r-xp 00000000 08:01 1316482                    /home/hkyten/information/scilab-5.4.1/lib/scilab/libscihdf5.so.5.4.1
7fb000ab6000-7fb000cb5000 ---p 00017000 08:01 1316482                    /home/hkyten/information/scilab-5.4.1/lib/scilab/libscihdf5.so.5.4.1
7fb000cb5000-7fb000cb6000 r--p 00016000 08:01 1316482                    /home/hkyten/information/scilab-5.4.1/lib/scilab/libscihdf5.so.5.4.1
7fb000cb6000-7fb000cb7000 rw-p 00017000 08:01 1316482                    /home/hkyten/information/scilab-5.4.1/lib/scilab/libscihdf5.so.5.4.1
7fb000cb7000-7fb000ce6000 r-xp 00000000 08:01 1316634                    /home/hkyten/information/scilab-5.4.1/lib/thirdparty/libpcre.so.7.8.0
7fb000ce6000-7fb000ee5000 ---p 0002f000 08:01 1316634                    /home/hkyten/information/scilab-5.4.1/lib/thirdparty/libpcre.so.7.8.0
7fb000ee5000-7fb000ee6000 rw-p 0002e000 08:01 1316634                    /home/hkyten/information/scilab-5.4.1/lib/thirdparty/libpcre.so.7.8.0
7fb000ee6000-7fb000ee8000 r-xp 00000000 08:01 1316649                    /home/hkyten/information/scilab-5.4.1/lib/thirdparty/libpcreposix.so.7.8.0
7fb000ee8000-7fb0010e7000 ---p 00002000 08:01 1316649                    /home/hkyten/information/scilab-5.4.1/lib/thirdparty/libpcreposix.so.7.8.0
7fb0010e7000-7fb0010e8000 rw-p 00001000 08:01 1316649                    /home/hkyten/information/scilab-5.4.1/lib/thirdparty/libpcreposix.so.7.8.0
7fb0010e8000-7fb0010f7000 r-xp 00000000 08:01 1316553                    /home/hkyten/information/scilab-5.4.1/lib/scilab/libscihistory_manager.so.5.4.1
7fb0010f7000-7fb0012f6000 ---p 0000f000 08:01 1316553                    /home/hkyten/information/scilab-5.4.1/lib/scilab/libscihistory_manager.so.5.4.1
7fb0012f6000-7fb0012f7000 r--p 0000e000 08:01 1316553                    /home/hkyten/information/scilab-5.4.1/lib/scilab/libscihistory_manager.so.5.4.1
7fb0012f7000-7fb0012f8000 rw-p 0000f000 08:01 1316553                    /home/hkyten/information/scilab-5.4.1/lib/scilab/libscihistory_manager.so.5.4.1
7fb0012f8000-7fb001302000 r-xp 00000000 08:01 1316451                    /home/hkyten/information/scilab-5.4.1/lib/scilab/libscicompletion.so.5.4.1
7fb001302000-7fb001502000 ---p 0000a000 08:01 1316451                    /home/hkyten/information/scilab-5.4.1/lib/scilab/libscicompletion.so.5.4.1
7fb001502000-7fb001503000 r--p 0000a000 08:01 1316451                    /home/hkyten/information/scilab-5.4.1/lib/scilab/libscicompletion.so.5.4.1
7fb001503000-7fb001504000 rw-p 0000b000 08:01 1316451                    /home/hkyten/information/scilab-5.4.1/lib/scilab/libscicompletion.so.5.4.1
7fb001504000-7fb001515000 r-xp 00000000 08:01 1316568                    /home/hkyten/information/scilab-5.4.1/lib/scilab/libscispecial_functions.so.5.4.1
7fb001515000-7fb001714000 ---p 00011000 08:01 1316568                    /home/hkyten/information/scilab-5.4.1/lib/scilab/libscispecial_functions.so.5.4.1
7fb001714000-7fb001715000 r--p 00010000 08:01 1316568                    /home/hkyten/information/scilab-5.4.1/lib/scilab/libscispecial_functions.so.5.4.1
7fb001715000-7fb001716000 rw-p 00011000 08:01 1316568                    /home/hkyten/information/scilab-5.4.1/lib/scilab/libscispecial_functions.so.5.4.1
7fb001716000-7fb0017d0000 rw-p 00000000 00:00 0 
7fb0017d0000-7fb0017d6000 r-xp 00000000 08:01 1316504                    /home/hkyten/information/scilab-5.4.1/lib/scilab/libscilocalization.so.5.4.1
7fb0017d6000-7fb0019d5000 ---p 00006000 08:01 1316504                    /home/hkyten/information/scilab-5.4.1/lib/scilab/libscilocalization.so.5.4.1
7fb0019d5000-7fb0019d6000 r--p 00005000 08:01 1316504                    /home/hkyten/information/scilab-5.4.1/lib/scilab/libscilocalization.so.5.4.1
7fb0019d6000-7fb0019dd000 rw-p 00006000 08:01 1316504                    /home/hkyten/information/scilab-5.4.1/lib/scilab/libscilocalization.so.5.4.1
7fb0019dd000-7fb0019e1000 r-xp 00000000 08:01 1316449                    /home/hkyten/information/scilab-5.4.1/lib/scilab/libscicall_scilab.so.5.4.1
7fb0019e1000-7fb001be0000 ---p 00004000 08:01 1316449                    /home/hkyten/information/scilab-5.4.1/lib/scilab/libscicall_scilab.so.5.4.1
7fb001be0000-7fb001be1000 r--p 00003000 08:01 1316449                    /home/hkyten/information/scilab-5.4.1/lib/scilab/libscicall_scilab.so.5.4.1
7fb001be1000-7fb001be2000 rw-p 00004000 08:01 1316449                    /home/hkyten/information/scilab-5.4.1/lib/scilab/libscicall_scilab.so.5.4.1
7fb001be2000-7fb001d33000 r-xp 00000000 08:01 1316621                    /home/hkyten/information/scilab-5.4.1/lib/thirdparty/libxml2.so.2.7.6
7fb001d33000-7fb001f32000 ---p 00151000 08:01 1316621                    /home/hkyten/information/scilab-5.4.1/lib/thirdparty/libxml2.so.2.7.6
7fb001f32000-7fb001f3c000 rw-p 00150000 08:01 1316621                    /home/hkyten/information/scilab-5.4.1/lib/thirdparty/libxml2.so.2.7.6
7fb001f3c000-7fb001f3d000 rw-p 00000000 00:00 0 
7fb001f3d000-7fb001f46000 r-xp 00000000 08:01 1316452                    /home/hkyten/information/scilab-5.4.1/lib/scilab/libscifunctions.so.5.4.1
7fb001f46000-7fb002145000 ---p 00009000 08:01 1316452                    /home/hkyten/information/scilab-5.4.1/lib/scilab/libscifunctions.so.5.4.1
7fb002145000-7fb002146000 r--p 00008000 08:01 1316452                    /home/hkyten/information/scilab-5.4.1/lib/scilab/libscifunctions.so.5.4.1
7fb002146000-7fb002147000 rw-p 00009000 08:01 1316452                    /home/hkyten/information/scilab-5.4.1/lib/scilab/libscifunctions.so.5.4.1
7fb002147000-7fb002201000 rw-p 00000000 00:00 0 
7fb002201000-7fb00228f000 r-xp 00000000 08:01 1316633                    /home/hkyten/information/scilab-5.4.1/lib/thirdparty/libblas.so.3gf.0
7fb00228f000-7fb00248f000 ---p 0008e000 08:01 1316633                    /home/hkyten/information/scilab-5.4.1/lib/thirdparty/libblas.so.3gf.0
7fb00248f000-7fb002490000 rw-p 0008e000 08:01 1316633                    /home/hkyten/information/scilab-5.4.1/lib/thirdparty/libblas.so.3gf.0
7fb002490000-7fb002c41000 r-xp 00000000 08:01 1316647                    /home/hkyten/information/scilab-5.4.1/lib/thirdparty/liblapack.so.3gf.0
7fb002c41000-7fb002e40000 ---p 007b1000 08:01 1316647                    /home/hkyten/information/scilab-5.4.1/lib/thirdparty/liblapack.so.3gf.0
7fb002e40000-7fb002e41000 r--p 007b0000 08:01 1316647                    /home/hkyten/information/scilab-5.4.1/lib/thirdparty/liblapack.so.3gf.0
7fb002e41000-7fb002e45000 rw-p 007b1000 08:01 1316647                    /home/hkyten/information/scilab-5.4.1/lib/thirdparty/liblapack.so.3gf.0
7fb002e45000-7fb002f52000 rw-p 00000000 00:00 0 
7fb002f52000-7fb00335e000 r-xp 00000000 08:01 1316533                    /home/hkyten/information/scilab-5.4.1/lib/scilab/libscilab-cli.so.0.0.0
7fb00335e000-7fb00355e000 ---p 0040c000 08:01 1316533                    /home/hkyten/information/scilab-5.4.1/lib/scilab/libscilab-cli.so.0.0.0
7fb00355e000-7fb003561000 r--p 0040c000 08:01 1316533                    /home/hkyten/information/scilab-5.4.1/lib/scilab/libscilab-cli.so.0.0.0
7fb003561000-7fb00356d000 rw-p 0040f000 08:01 1316533                    /home/hkyten/information/scilab-5.4.1/lib/scilab/libscilab-cli.so.0.0.0
7fb00356d000-7fb0036be000 rw-p 00000000 00:00 0 
7fb0036be000-7fb0036c6000 r-xp 00000000 08:01 1316487                    /home/hkyten/information/scilab-5.4.1/lib/scilab/libscijvm.so.5.4.1
7fb0036c6000-7fb0038c5000 ---p 00008000 08:01 1316487                    /home/hkyten/information/scilab-5.4.1/lib/scilab/libscijvm.so.5.4.1
7fb0038c5000-7fb0038c6000 r--p 00007000 08:01 1316487                    /home/hkyten/information/scilab-5.4.1/lib/scilab/libscijvm.so.5.4.1
7fb0038c6000-7fb0038c7000 rw-p 00008000 08:01 1316487                    /home/hkyten/information/scilab-5.4.1/lib/scilab/libscijvm.so.5.4.1
7fb0038c7000-7fb0038d0000 r-xp 00000000 08:01 1316527                    /home/hkyten/information/scilab-5.4.1/lib/scilab/libscicommons.so.5.4.1
7fb0038d0000-7fb003acf000 ---p 00009000 08:01 1316527                    /home/hkyten/information/scilab-5.4.1/lib/scilab/libscicommons.so.5.4.1
7fb003acf000-7fb003ad0000 r--p 00008000 08:01 1316527                    /home/hkyten/information/scilab-5.4.1/lib/scilab/libscicommons.so.5.4.1
7fb003ad0000-7fb003ad1000 rw-p 00009000 08:01 1316527                    /home/hkyten/information/scilab-5.4.1/lib/scilab/libscicommons.so.5.4.1
7fb003ad1000-7fb003ae2000 r-xp 00000000 08:01 1316590                    /home/hkyten/information/scilab-5.4.1/lib/scilab/libscitypes.so.5.4.1
7fb003ae2000-7fb003ce1000 ---p 00011000 08:01 1316590                    /home/hkyten/information/scilab-5.4.1/lib/scilab/libscitypes.so.5.4.1
7fb003ce1000-7fb003ce2000 r--p 00010000 08:01 1316590                    /home/hkyten/information/scilab-5.4.1/lib/scilab/libscitypes.so.5.4.1
7fb003ce2000-7fb003ce3000 rw-p 00011000 08:01 1316590                    /home/hkyten/information/scilab-5.4.1/lib/scilab/libscitypes.so.5.4.1
7fb003ce3000-7fb003df0000 r-xp 00000000 08:01 1316624                    /home/hkyten/information/scilab-5.4.1/lib/thirdparty/libtcl8.5.3.so
7fb003df0000-7fb003ff0000 ---p 0010d000 08:01 1316624                    /home/hkyten/information/scilab-5.4.1/lib/thirdparty/libtcl8.5.3.so
7fb003ff0000-7fb003fff000 rw-p 0010d000 08:01 1316624                    /home/hkyten/information/scilab-5.4.1/lib/thirdparty/libtcl8.5.3.so
7fb003fff000-7fb004000000 rw-p 00000000 00:00 0 
7fb004000000-7fb004021000 rw-p 00000000 00:00 0 
7fb004021000-7fb008000000 ---p 00000000 00:00 0 
7fb008014000-7fb00801b000 r-xp 00000000 08:01 1316577                    /home/hkyten/information/scilab-5.4.1/lib/scilab/libscipreferences.so.5.4.1
7fb00801b000-7fb00821a000 ---p 00007000 08:01 1316577                    /home/hkyten/information/scilab-5.4.1/lib/scilab/libscipreferences.so.5.4.1
7fb00821a000-7fb00821b000 r--p 00006000 08:01 1316577                    /home/hkyten/information/scilab-5.4.1/lib/scilab/libscipreferences.so.5.4.1
7fb00821b000-7fb00821c000 rw-p 00007000 08:01 1316577                    /home/hkyten/information/scilab-5.4.1/lib/scilab/libscipreferences.so.5.4.1
7fb00821c000-7fb008345000 r-xp 00000000 08:01 1316612                    /home/hkyten/information/scilab-5.4.1/lib/thirdparty/libtk8.5.3.so
7fb008345000-7fb008545000 ---p 00129000 08:01 1316612                    /home/hkyten/information/scilab-5.4.1/lib/thirdparty/libtk8.5.3.so
7fb008545000-7fb008562000 rw-p 00129000 08:01 1316612                    /home/hkyten/information/scilab-5.4.1/lib/thirdparty/libtk8.5.3.so
7fb008562000-7fb008563000 rw-p 00000000 00:00 0 
7fb008563000-7fb00856d000 r-xp 00000000 08:01 1316540                    /home/hkyten/information/scilab-5.4.1/lib/scilab/libscitclsci.so.5.4.1
7fb00856d000-7fb00876c000 ---p 0000a000 08:01 1316540                    /home/hkyten/information/scilab-5.4.1/lib/scilab/libscitclsci.so.5.4.1
7fb00876c000-7fb00876d000 r--p 00009000 08:01 1316540                    /home/hkyten/information/scilab-5.4.1/lib/scilab/libscitclsci.so.5.4.1
7fb00876d000-7fb00876e000 rw-p 0000a000 08:01 1316540                    /home/hkyten/information/scilab-5.4.1/lib/scilab/libscitclsci.so.5.4.1
7fb00876e000-7fb008774000 r-xp 00000000 08:01 1316503                    /home/hkyten/information/scilab-5.4.1/lib/scilab/libscihistory_browser.so.5.4.1
7fb008774000-7fb008973000 ---p 00006000 08:01 1316503                    /home/hkyten/information/scilab-5.4.1/lib/scilab/libscihistory_browser.so.5.4.1
7fb008973000-7fb008974000 r--p 00005000 08:01 1316503                    /home/hkyten/information/scilab-5.4.1/lib/scilab/libscihistory_browser.so.5.4.1
7fb008974000-7fb008975000 rw-p 00006000 08:01 1316503                    /home/hkyten/information/scilab-5.4.1/lib/scilab/libscihistory_browser.so.5.4.1
7fb008975000-7fb00898d000 r-xp 00000000 08:01 1316603                    /home/hkyten/information/scilab-5.4.1/lib/scilab/libsciui_data.so.5.4.1
7fb00898d000-7fb008b8c000 ---p 00018000 08:01 1316603                    /home/hkyten/information/scilab-5.4.1/lib/scilab/libsciui_data.so.5.4.1
7fb008b8c000-7fb008b8d000 r--p 00017000 08:01 1316603                    /home/hkyten/information/scilab-5.4.1/lib/scilab/libsciui_data.so.5.4.1
7fb008b8d000-7fb008b8e000 rw-p 00018000 08:01 1316603                    /home/hkyten/information/scilab-5.4.1/lib/scilab/libsciui_data.so.5.4.1
7fb008b8e000-7fb008b97000 r-xp 00000000 08:01 1316583                    /home/hkyten/information/scilab-5.4.1/lib/scilab/libsciscinotes.so.5.4.1
7fb008b97000-7fb008d96000 ---p 00009000 08:01 1316583                    /home/hkyten/information/scilab-5.4.1/lib/scilab/libsciscinotes.so.5.4.1
7fb008d96000-7fb008d97000 r--p 00008000 08:01 1316583                    /home/hkyten/information/scilab-5.4.1/lib/scilab/libsciscinotes.so.5.4.1
7fb008d97000-7fb008d98000 rw-p 00009000 08:01 1316583                    /home/hkyten/information/scilab-5.4.1/lib/scilab/libsciscinotes.so.5.4.1
7fb008d98000-7fb008dfd000 r-xp 00000000 08:01 1316576                    /home/hkyten/information/scilab-5.4.1/lib/scilab/libscigraphic_objects.so.5.4.1
7fb008dfd000-7fb008ffd000 ---p 00065000 08:01 1316576                    /home/hkyten/information/scilab-5.4.1/lib/scilab/libscigraphic_objects.so.5.4.1
7fb008ffd000-7fb008ffe000 r--p 00065000 08:01 1316576                    /home/hkyten/information/scilab-5.4.1/lib/scilab/libscigraphic_objects.so.5.4.1
7fb008ffe000-7fb009000000 rw-p 00066000 08:01 1316576                    /home/hkyten/information/scilab-5.4.1/lib/scilab/libscigraphic_objects.so.5.4.1
7fb009000000-7fb0090bc000 rw-p 00000000 00:00 0 
7fb0090bc000-7fb0090c1000 r-xp 00000000 08:01 1316476                    /home/hkyten/information/scilab-5.4.1/lib/scilab/libsciaction_binding.so.5.4.1
7fb0090c1000-7fb0092c0000 ---p 00005000 08:01 1316476                    /home/hkyten/information/scilab-5.4.1/lib/scilab/libsciaction_binding.so.5.4.1
7fb0092c0000-7fb0092c1000 r--p 00004000 08:01 1316476                    /home/hkyten/information/scilab-5.4.1/lib/scilab/libsciaction_binding.so.5.4.1
7fb0092c1000-7fb0092c2000 rw-p 00005000 08:01 1316476                    /home/hkyten/information/scilab-5.4.1/lib/scilab/libsciaction_binding.so.5.4.1
7fb0092c2000-7fb0092cc000 r-xp 00000000 08:01 1316534                    /home/hkyten/information/scilab-5.4.1/lib/scilab/libsciconsole.so.5.4.1
7fb0092cc000-7fb0094cb000 ---p 0000a000 08:01 1316534                    /home/hkyten/information/scilab-5.4.1/lib/scilab/libsciconsole.so.5.4.1
7fb0094cb000-7fb0094cc000 r--p 00009000 08:01 1316534                    /home/hkyten/information/scilab-5.4.1/lib/scilab/libsciconsole.so.5.4.1
7fb0094cc000-7fb0094cd000 rw-p 0000a000 08:01 1316534                    /home/hkyten/information/scilab-5.4.1/lib/scilab/libsciconsole.so.5.4.1
7fb0094cd000-7fb0094df000 r-xp 00000000 08:01 1316558                    /home/hkyten/information/scilab-5.4.1/lib/scilab/libscigraphic_export.so.5.4.1
7fb0094df000-7fb0096de000 ---p 00012000 08:01 1316558                    /home/hkyten/information/scilab-5.4.1/lib/scilab/libscigraphic_export.so.5.4.1
7fb0096de000-7fb0096df000 r--p 00011000 08:01 1316558                    /home/hkyten/information/scilab-5.4.1/lib/scilab/libscigraphic_export.so.5.4.1
7fb0096df000-7fb0096e0000 rw-p 00012000 08:01 1316558                    /home/hkyten/information/scilab-5.4.1/lib/scilab/libscigraphic_export.so.5.4.1
7fb0096e0000-7fb00973b000 r-xp 00000000 08:01 1316607                    /home/hkyten/information/scilab-5.4.1/lib/scilab/libscigraphics.so.5.4.1
7fb00973b000-7fb00993b000 ---p 0005b000 08:01 1316607                    /home/hkyten/information/scilab-5.4.1/lib/scilab/libscigraphics.so.5.4.1
7fb00993b000-7fb00993d000 r--p 0005b000 08:01 1316607                    /home/hkyten/information/scilab-5.4.1/lib/scilab/libscigraphics.so.5.4.1
7fb00993d000-7fb00993f000 rw-p 0005d000 08:01 1316607                    /home/hkyten/information/scilab-5.4.1/lib/scilab/libscigraphics.so.5.4.1
7fb00993f000-7fb009940000 rw-p 00000000 00:00 0 
7fb009940000-7fb00994c000 r-xp 00000000 08:01 1316445                    /home/hkyten/information/scilab-5.4.1/lib/scilab/libscirenderer.so.5.4.1
7fb00994c000-7fb009b4b000 ---p 0000c000 08:01 1316445                    /home/hkyten/information/scilab-5.4.1/lib/scilab/libscirenderer.so.5.4.1
7fb009b4b000-7fb009b4c000 r--p 0000b000 08:01 1316445                    /home/hkyten/information/scilab-5.4.1/lib/scilab/libscirenderer.so.5.4.1
7fb009b4c000-7fb009b4d000 rw-p 0000c000 08:01 1316445                    /home/hkyten/information/scilab-5.4.1/lib/scilab/libscirenderer.so.5.4.1
7fb009b4d000-7fb009b95000 r-xp 00000000 08:01 1316587                    /home/hkyten/information/scilab-5.4.1/lib/scilab/libscigui.so.5.4.1
7fb009b95000-7fb009d95000 ---p 00048000 08:01 1316587                    /home/hkyten/information/scilab-5.4.1/lib/scilab/libscigui.so.5.4.1
7fb009d95000-7fb009d96000 r--p 00048000 08:01 1316587                    /home/hkyten/information/scilab-5.4.1/lib/scilab/libscigui.so.5.4.1
7fb009d96000-7fb009d97000 rw-p 00049000 08:01 1316587                    /home/hkyten/information/scilab-5.4.1/lib/scilab/libscigui.so.5.4.1
7fb009d97000-7fb009d98000 r-xp 00000000 08:01 1316565                    /home/hkyten/information/scilab-5.4.1/lib/scilab/libscilab.so.0.0.0
7fb009d98000-7fb009f98000 ---p 00001000 08:01 1316565                    /home/hkyten/information/scilab-5.4.1/lib/scilab/libscilab.so.0.0.0
7fb009f98000-7fb009f99000 r--p 00001000 08:01 1316565                    /home/hkyten/information/scilab-5.4.1/lib/scilab/libscilab.so.0.0.0
7fb009f99000-7fb009f9a000 rw-p 00002000 08:01 1316565                    /home/hkyten/information/scilab-5.4.1/lib/scilab/libscilab.so.0.0.0
7fb009f9a000-7fb009fd2000 r-xp 00000000 08:01 1316513                    /home/hkyten/information/scilab-5.4.1/lib/scilab/libjavasci2.so.5.4.1
7fb009fd2000-7fb00a1d2000 ---p 00038000 08:01 1316513                    /home/hkyten/information/scilab-5.4.1/lib/scilab/libjavasci2.so.5.4.1
7fb00a1d2000-7fb00a1d3000 r--p 00038000 08:01 1316513                    /home/hkyten/information/scilab-5.4.1/lib/scilab/libjavasci2.so.5.4.1
7fb00a1d3000-7fb00a1d4000 rw-p 00039000 08:01 1316513                    /home/hkyten/information/scilab-5.4.1/lib/scilab/libjavasci2.so.5.4.1
7fb00a1d4000-7fb00a1d9000 r--s 0002b000 08:01 2229524                    /home/hkyten/workspace/gintshell/java/libs/gson-2.2.3.jar
7fb00a1d9000-7fb00a1dc000 r--s 0003c000 08:01 2229526                    /home/hkyten/workspace/gintshell/java/libs/gson-2.2.3-javadoc.jar
7fb00a1dc000-7fb00a1dd000 ---p 00000000 00:00 0 
7fb00a1dd000-7fb00a2dd000 rw-p 00000000 00:00 0                          [stack:4457]
7fb00a2dd000-7fb00a2e0000 ---p 00000000 00:00 0 
7fb00a2e0000-7fb00a3de000 rw-p 00000000 00:00 0                          [stack:4456]
7fb00a3de000-7fb00a3e1000 ---p 00000000 00:00 0 
7fb00a3e1000-7fb00a4df000 rw-p 00000000 00:00 0                          [stack:4455]
7fb00a4df000-7fb00a4e2000 ---p 00000000 00:00 0 
7fb00a4e2000-7fb00a5e0000 rw-p 00000000 00:00 0                          [stack:4454]
7fb00a5e0000-7fb00a5e3000 ---p 00000000 00:00 0 
7fb00a5e3000-7fb00a6e1000 rw-p 00000000 00:00 0                          [stack:4450]
7fb00a6e1000-7fb00a6e4000 ---p 00000000 00:00 0 
7fb00a6e4000-7fb00a7e2000 rw-p 00000000 00:00 0                          [stack:4449]
7fb00a7e2000-7fb00a7e5000 ---p 00000000 00:00 0 
7fb00a7e5000-7fb00a8e3000 rw-p 00000000 00:00 0                          [stack:4446]
7fb00a8e3000-7fb00a8e7000 r-xp 00000000 08:01 4205529                    /opt/java/jdk1.7.0_15/jre/lib/amd64/libdt_socket.so
7fb00a8e7000-7fb00aae6000 ---p 00004000 08:01 4205529                    /opt/java/jdk1.7.0_15/jre/lib/amd64/libdt_socket.so
7fb00aae6000-7fb00aae7000 rw-p 00003000 08:01 4205529                    /opt/java/jdk1.7.0_15/jre/lib/amd64/libdt_socket.so
7fb00aae7000-7fb00aaea000 ---p 00000000 00:00 0 
7fb00aaea000-7fb00abe8000 rw-p 00000000 00:00 0                          [stack:4444]
7fb00abe8000-7fb00abeb000 ---p 00000000 00:00 0 
7fb00abeb000-7fb00ace9000 rw-p 00000000 00:00 0                          [stack:4442]
7fb00ace9000-7fb00acea000 ---p 00000000 00:00 0 
7fb00acea000-7fb00c000000 rw-p 00000000 00:00 0                          [stack:4441]
7fb00c000000-7fb00c021000 rw-p 00000000 00:00 0 
7fb00c021000-7fb010000000 ---p 00000000 00:00 0 
7fb010021000-7fb010e43000 rw-p 00000000 00:00 0 
7fb010e43000-7fb011000000 r--s 039da000 08:01 3936385                    /opt/java/jdk1.7.0_15/jre/lib/rt.jar
7fb011000000-7fb011270000 rwxp 00000000 00:00 0 
7fb011270000-7fb0141bb000 rw-p 00000000 00:00 0 
7fb0141bb000-7fb018000000 ---p 00000000 00:00 0 
7fb018018000-7fb01801b000 ---p 00000000 00:00 0 
7fb01801b000-7fb018141000 rw-p 00000000 00:00 0                          [stack:4443]
7fb018141000-7fb018142000 ---p 00000000 00:00 0 
7fb018142000-7fb018242000 rw-p 00000000 00:00 0                          [stack:4440]
7fb018242000-7fb018243000 ---p 00000000 00:00 0 
7fb018243000-7fb018343000 rw-p 00000000 00:00 0                          [stack:4439]
7fb018343000-7fb018344000 ---p 00000000 00:00 0 
7fb018344000-7fb018444000 rw-p 00000000 00:00 0                          [stack:4438]
7fb018444000-7fb018445000 ---p 00000000 00:00 0 
7fb018445000-7fb018550000 rw-p 00000000 00:00 0                          [stack:4437]
7fb018550000-7fb01856e000 rw-p 00000000 00:00 0 
7fb01856e000-7fb018598000 rw-p 00000000 00:00 0 
7fb018598000-7fb018801000 rw-p 00000000 00:00 0 
7fb018801000-7fb01880c000 rw-p 00000000 00:00 0 
7fb01880c000-7fb01882a000 rw-p 00000000 00:00 0 
7fb01882a000-7fb018854000 rw-p 00000000 00:00 0 
7fb018854000-7fb018abc000 rw-p 00000000 00:00 0 
7fb018abc000-7fb018ad2000 rw-p 00000000 00:00 0 
7fb018ad2000-7fb018c06000 rw-p 00000000 00:00 0 
7fb018c06000-7fb018c07000 rw-p 00000000 00:00 0 
7fb018c07000-7fb018c21000 r-xp 00000000 08:01 4205543                    /opt/java/jdk1.7.0_15/jre/lib/amd64/libzip.so
7fb018c21000-7fb018e21000 ---p 0001a000 08:01 4205543                    /opt/java/jdk1.7.0_15/jre/lib/amd64/libzip.so
7fb018e21000-7fb018e22000 rw-p 0001a000 08:01 4205543                    /opt/java/jdk1.7.0_15/jre/lib/amd64/libzip.so
7fb018e22000-7fb018e2e000 r-xp 00000000 08:01 6950444                    /lib/x86_64-linux-gnu/libnss_files-2.15.so
7fb018e2e000-7fb01902d000 ---p 0000c000 08:01 6950444                    /lib/x86_64-linux-gnu/libnss_files-2.15.so
7fb01902d000-7fb01902e000 r--p 0000b000 08:01 6950444                    /lib/x86_64-linux-gnu/libnss_files-2.15.so
7fb01902e000-7fb01902f000 rw-p 0000c000 08:01 6950444                    /lib/x86_64-linux-gnu/libnss_files-2.15.so
7fb01902f000-7fb019039000 r-xp 00000000 08:01 6950448                    /lib/x86_64-linux-gnu/libnss_nis-2.15.so
7fb019039000-7fb019239000 ---p 0000a000 08:01 6950448                    /lib/x86_64-linux-gnu/libnss_nis-2.15.so
7fb019239000-7fb01923a000 r--p 0000a000 08:01 6950448                    /lib/x86_64-linux-gnu/libnss_nis-2.15.so
7fb01923a000-7fb01923b000 rw-p 0000b000 08:01 6950448                    /lib/x86_64-linux-gnu/libnss_nis-2.15.so
7fb01923b000-7fb019252000 r-xp 00000000 08:01 6950438                    /lib/x86_64-linux-gnu/libnsl-2.15.so
7fb019252000-7fb019451000 ---p 00017000 08:01 6950438                    /lib/x86_64-linux-gnu/libnsl-2.15.so
7fb019451000-7fb019452000 r--p 00016000 08:01 6950438                    /lib/x86_64-linux-gnu/libnsl-2.15.so
7fb019452000-7fb019453000 rw-p 00017000 08:01 6950438                    /lib/x86_64-linux-gnu/libnsl-2.15.so
7fb019453000-7fb019455000 rw-p 00000000 00:00 0 
7fb019455000-7fb01945d000 r-xp 00000000 08:01 6950440                    /lib/x86_64-linux-gnu/libnss_compat-2.15.so
7fb01945d000-7fb01965c000 ---p 00008000 08:01 6950440                    /lib/x86_64-linux-gnu/libnss_compat-2.15.so
7fb01965c000-7fb01965d000 r--p 00007000 08:01 6950440                    /lib/x86_64-linux-gnu/libnss_compat-2.15.so
7fb01965d000-7fb01965e000 rw-p 00008000 08:01 6950440                    /lib/x86_64-linux-gnu/libnss_compat-2.15.so
7fb01965e000-7fb019a59000 r--p 00000000 08:01 2628141                    /usr/lib/locale/locale-archive
7fb019a59000-7fb019a5c000 r-xp 00000000 08:01 4205550                    /opt/java/jdk1.7.0_15/jre/lib/amd64/libnpt.so
7fb019a5c000-7fb019c5b000 ---p 00003000 08:01 4205550                    /opt/java/jdk1.7.0_15/jre/lib/amd64/libnpt.so
7fb019c5b000-7fb019c5c000 rw-p 00002000 08:01 4205550                    /opt/java/jdk1.7.0_15/jre/lib/amd64/libnpt.so
7fb019c5c000-7fb019c95000 r-xp 00000000 08:01 4205527                    /opt/java/jdk1.7.0_15/jre/lib/amd64/libjdwp.so
7fb019c95000-7fb019e94000 ---p 00039000 08:01 4205527                    /opt/java/jdk1.7.0_15/jre/lib/amd64/libjdwp.so
7fb019e94000-7fb019e96000 rw-p 00038000 08:01 4205527                    /opt/java/jdk1.7.0_15/jre/lib/amd64/libjdwp.so
7fb019e96000-7fb019ebf000 r-xp 00000000 08:01 4205533                    /opt/java/jdk1.7.0_15/jre/lib/amd64/libjava.so
7fb019ebf000-7fb01a0bf000 ---p 00029000 08:01 4205533                    /opt/java/jdk1.7.0_15/jre/lib/amd64/libjava.so
7fb01a0bf000-7fb01a0c1000 rw-p 00029000 08:01 4205533                    /opt/java/jdk1.7.0_15/jre/lib/amd64/libjava.so
7fb01a0c1000-7fb01a0ce000 r-xp 00000000 08:01 4205518                    /opt/java/jdk1.7.0_15/jre/lib/amd64/libverify.so
7fb01a0ce000-7fb01a2cd000 ---p 0000d000 08:01 4205518                    /opt/java/jdk1.7.0_15/jre/lib/amd64/libverify.so
7fb01a2cd000-7fb01a2cf000 rw-p 0000c000 08:01 4205518                    /opt/java/jdk1.7.0_15/jre/lib/amd64/libverify.so
7fb01a2cf000-7fb01a2d6000 r-xp 00000000 08:01 6950483                    /lib/x86_64-linux-gnu/librt-2.15.so
7fb01a2d6000-7fb01a4d5000 ---p 00007000 08:01 6950483                    /lib/x86_64-linux-gnu/librt-2.15.so
7fb01a4d5000-7fb01a4d6000 r--p 00006000 08:01 6950483                    /lib/x86_64-linux-gnu/librt-2.15.so
7fb01a4d6000-7fb01a4d7000 rw-p 00007000 08:01 6950483                    /lib/x86_64-linux-gnu/librt-2.15.so
7fb01a4d7000-7fb01a5d2000 r-xp 00000000 08:01 6950421                    /lib/x86_64-linux-gnu/libm-2.15.so
7fb01a5d2000-7fb01a7d1000 ---p 000fb000 08:01 6950421                    /lib/x86_64-linux-gnu/libm-2.15.so
7fb01a7d1000-7fb01a7d2000 r--p 000fa000 08:01 6950421                    /lib/x86_64-linux-gnu/libm-2.15.so
7fb01a7d2000-7fb01a7d3000 rw-p 000fb000 08:01 6950421                    /lib/x86_64-linux-gnu/libm-2.15.so
7fb01a7d3000-7fb01b21a000 r-xp 00000000 08:01 4205541                    /opt/java/jdk1.7.0_15/jre/lib/amd64/server/libjvm.so
7fb01b21a000-7fb01b41a000 ---p 00a47000 08:01 4205541                    /opt/java/jdk1.7.0_15/jre/lib/amd64/server/libjvm.so
7fb01b41a000-7fb01b4bd000 rw-p 00a47000 08:01 4205541                    /opt/java/jdk1.7.0_15/jre/lib/amd64/server/libjvm.so
7fb01b4bd000-7fb01b4f9000 rw-p 00000000 00:00 0 
7fb01b4f9000-7fb01b6ae000 r-xp 00000000 08:01 6950379                    /lib/x86_64-linux-gnu/libc-2.15.so
7fb01b6ae000-7fb01b8ad000 ---p 001b5000 08:01 6950379                    /lib/x86_64-linux-gnu/libc-2.15.so
7fb01b8ad000-7fb01b8b1000 r--p 001b4000 08:01 6950379                    /lib/x86_64-linux-gnu/libc-2.15.so
7fb01b8b1000-7fb01b8b3000 rw-p 001b8000 08:01 6950379                    /lib/x86_64-linux-gnu/libc-2.15.so
7fb01b8b3000-7fb01b8b8000 rw-p 00000000 00:00 0 
7fb01b8b8000-7fb01b8ba000 r-xp 00000000 08:01 6950394                    /lib/x86_64-linux-gnu/libdl-2.15.so
7fb01b8ba000-7fb01baba000 ---p 00002000 08:01 6950394                    /lib/x86_64-linux-gnu/libdl-2.15.so
7fb01baba000-7fb01babb000 r--p 00002000 08:01 6950394                    /lib/x86_64-linux-gnu/libdl-2.15.so
7fb01babb000-7fb01babc000 rw-p 00003000 08:01 6950394                    /lib/x86_64-linux-gnu/libdl-2.15.so
7fb01babc000-7fb01bad2000 r-xp 00000000 08:01 4330388                    /opt/java/jdk1.7.0_15/jre/lib/amd64/jli/libjli.so
7fb01bad2000-7fb01bcd2000 ---p 00016000 08:01 4330388                    /opt/java/jdk1.7.0_15/jre/lib/amd64/jli/libjli.so
7fb01bcd2000-7fb01bcd3000 rw-p 00016000 08:01 4330388                    /opt/java/jdk1.7.0_15/jre/lib/amd64/jli/libjli.so
7fb01bcd3000-7fb01bceb000 r-xp 00000000 08:01 6950475                    /lib/x86_64-linux-gnu/libpthread-2.15.so
7fb01bceb000-7fb01beea000 ---p 00018000 08:01 6950475                    /lib/x86_64-linux-gnu/libpthread-2.15.so
7fb01beea000-7fb01beeb000 r--p 00017000 08:01 6950475                    /lib/x86_64-linux-gnu/libpthread-2.15.so
7fb01beeb000-7fb01beec000 rw-p 00018000 08:01 6950475                    /lib/x86_64-linux-gnu/libpthread-2.15.so
7fb01beec000-7fb01bef0000 rw-p 00000000 00:00 0 
7fb01bef0000-7fb01bf12000 r-xp 00000000 08:01 6950355                    /lib/x86_64-linux-gnu/ld-2.15.so
7fb01bf2a000-7fb01bf34000 rw-p 00000000 00:00 0 
7fb01bf34000-7fb01bfea000 rw-p 00000000 00:00 0 
7fb01bfea000-7fb01bfed000 ---p 00000000 00:00 0 
7fb01bfed000-7fb01c0ef000 rw-p 00000000 00:00 0                          [stack:4435]
7fb01c0f8000-7fb01c0f9000 rw-p 00000000 00:00 0 
7fb01c0f9000-7fb01c100000 r--s 00000000 08:01 2756674                    /usr/lib/x86_64-linux-gnu/gconv/gconv-modules.cache
7fb01c100000-7fb01c101000 rw-p 00000000 00:00 0 
7fb01c101000-7fb01c102000 rw-s 00000000 00:04 74601                      /dev/zero (deleted)
7fb01c102000-7fb01c104000 r--s 00002000 08:01 1188915                    /home/hkyten/information/scilab-5.4.1/share/scilab/modules/javasci/jar/org.scilab.modules.javasci.jar
7fb01c104000-7fb01c105000 r--s 00001000 08:01 1184608                    /home/hkyten/information/scilab-5.4.1/share/scilab/modules/jvm/jar/org.scilab.modules.jvm.jar
7fb01c105000-7fb01c106000 r--s 00008000 08:01 1181178                    /home/hkyten/information/scilab-5.4.1/share/scilab/modules/types/jar/org.scilab.modules.types.jar
7fb01c106000-7fb01c10e000 rw-s 00000000 08:01 5243137                    /tmp/hsperfdata_hkyten/4430
7fb01c10e000-7fb01c10f000 rw-p 00000000 00:00 0 
7fb01c10f000-7fb01c110000 r--p 00000000 00:00 0 
7fb01c110000-7fb01c112000 rw-p 00000000 00:00 0 
7fb01c112000-7fb01c113000 r--p 00022000 08:01 6950355                    /lib/x86_64-linux-gnu/ld-2.15.so
7fb01c113000-7fb01c115000 rw-p 00023000 08:01 6950355                    /lib/x86_64-linux-gnu/ld-2.15.so
7fff81e4e000-7fff81e6f000 rw-p 00000000 00:00 0                          [stack]
7fff81fff000-7fff82000000 r-xp 00000000 00:00 0                          [vdso]
ffffffffff600000-ffffffffff601000 r-xp 00000000 00:00 0                  [vsyscall]

VM Arguments:
jvm_args: -agentlib:jdwp=transport=dt_socket,suspend=y,address=localhost:37987 -Djava.library.path=/home/hkyten/information/scilab-5.4.1/lib/scilab:/home/hkyten/information/scilab-5.4.1/lib/scilab -Dfile.encoding=UTF-8 
java_command: org.kilar.hybridIS.neuralIS.NeuralISScilab
Launcher Type: SUN_STANDARD

Environment Variables:
PATH=/usr/lib/lightdm/lightdm:/usr/local/sbin:/usr/local/bin:/usr/sbin:/usr/bin:/sbin:/bin:/usr/games:/usr/local/games
LD_LIBRARY_PATH=/home/hkyten/information/scilab-5.4.1/lib/scilab:/home/hkyten/information/scilab-5.4.1/lib/thirdparty
SHELL=/bin/bash
DISPLAY=:0

Signal Handlers:
SIGSEGV: [libjvm.so+0x8a5d70], sa_mask[0]=0x7ffbfeff, sa_flags=0x10000004
SIGBUS: [libjvm.so+0x8a5d70], sa_mask[0]=0x7ffbfeff, sa_flags=0x10000004
SIGFPE: [libjvm.so+0x741e50], sa_mask[0]=0x7ffbfeff, sa_flags=0x10000004
SIGPIPE: [libjvm.so+0x741e50], sa_mask[0]=0x7ffbfeff, sa_flags=0x10000004
SIGXFSZ: [libjvm.so+0x741e50], sa_mask[0]=0x7ffbfeff, sa_flags=0x10000004
SIGILL: [libjvm.so+0x741e50], sa_mask[0]=0x7ffbfeff, sa_flags=0x10000004
SIGUSR1: SIG_DFL, sa_mask[0]=0x00000000, sa_flags=0x00000000
SIGUSR2: [libjvm.so+0x7417a0], sa_mask[0]=0x00000004, sa_flags=0x10000004
SIGHUP: [libjvm.so+0x743b30], sa_mask[0]=0x7ffbfeff, sa_flags=0x10000004
SIGINT: [libjvm.so+0x743b30], sa_mask[0]=0x7ffbfeff, sa_flags=0x10000004
SIGTERM: [libjvm.so+0x743b30], sa_mask[0]=0x7ffbfeff, sa_flags=0x10000004
SIGQUIT: [libjvm.so+0x743b30], sa_mask[0]=0x7ffbfeff, sa_flags=0x10000004


---------------  S Y S T E M  ---------------

OS:wheezy/sid

uname:Linux 3.5.0-26-generic #42-Ubuntu SMP Fri Mar 8 23:18:20 UTC 2013 x86_64
libc:glibc 2.15 NPTL 2.15 
rlimit: STACK 8192k, CORE 0k, NPROC 62598, NOFILE 4096, AS infinity
load average:0,30 0,40 0,35

/proc/meminfo:
MemTotal:        8089792 kB
MemFree:         3787240 kB
Buffers:           75284 kB
Cached:          1858192 kB
SwapCached:            0 kB
Active:          2411820 kB
Inactive:        1591624 kB
Active(anon):    2077636 kB
Inactive(anon):   135964 kB
Active(file):     334184 kB
Inactive(file):  1455660 kB
Unevictable:       31344 kB
Mlocked:           31344 kB
SwapTotal:       7595004 kB
SwapFree:        7595004 kB
Dirty:               340 kB
Writeback:             0 kB
AnonPages:       2101636 kB
Mapped:           224256 kB
Shmem:            137896 kB
Slab:             116584 kB
SReclaimable:      76124 kB
SUnreclaim:        40460 kB
KernelStack:        5048 kB
PageTables:        53496 kB
NFS_Unstable:          0 kB
Bounce:                0 kB
WritebackTmp:          0 kB
CommitLimit:    11639900 kB
Committed_AS:    6136116 kB
VmallocTotal:   34359738367 kB
VmallocUsed:      367860 kB
VmallocChunk:   34359365272 kB
HardwareCorrupted:     0 kB
AnonHugePages:         0 kB
HugePages_Total:       0
HugePages_Free:        0
HugePages_Rsvd:        0
HugePages_Surp:        0
Hugepagesize:       2048 kB
DirectMap4k:       63488 kB
DirectMap2M:     8241152 kB


CPU:total 4 (2 cores per cpu, 2 threads per core) family 6 model 42 stepping 7, cmov, cx8, fxsr, mmx, sse, sse2, sse3, ssse3, sse4.1, sse4.2, popcnt, avx, ht, tsc, tscinvbit

/proc/cpuinfo:
processor	: 0
vendor_id	: GenuineIntel
cpu family	: 6
model		: 42
model name	: Intel(R) Core(TM) i3-2350M CPU @ 2.30GHz
stepping	: 7
microcode	: 0x25
cpu MHz		: 800.000
cache size	: 3072 KB
physical id	: 0
siblings	: 4
core id		: 0
cpu cores	: 2
apicid		: 0
initial apicid	: 0
fpu		: yes
fpu_exception	: yes
cpuid level	: 13
wp		: yes
flags		: fpu vme de pse tsc msr pae mce cx8 apic sep mtrr pge mca cmov pat pse36 clflush dts acpi mmx fxsr sse sse2 ss ht tm pbe syscall nx rdtscp lm constant_tsc arch_perfmon pebs bts nopl xtopology nonstop_tsc aperfmperf pni pclmulqdq dtes64 monitor ds_cpl vmx est tm2 ssse3 cx16 xtpr pdcm pcid sse4_1 sse4_2 x2apic popcnt tsc_deadline_timer xsave avx lahf_lm arat epb xsaveopt pln pts dtherm tpr_shadow vnmi flexpriority ept vpid
bogomips	: 4589.61
clflush size	: 64
cache_alignment	: 64
address sizes	: 36 bits physical, 48 bits virtual
power management:

processor	: 1
vendor_id	: GenuineIntel
cpu family	: 6
model		: 42
model name	: Intel(R) Core(TM) i3-2350M CPU @ 2.30GHz
stepping	: 7
microcode	: 0x25
cpu MHz		: 800.000
cache size	: 3072 KB
physical id	: 0
siblings	: 4
core id		: 0
cpu cores	: 2
apicid		: 1
initial apicid	: 1
fpu		: yes
fpu_exception	: yes
cpuid level	: 13
wp		: yes
flags		: fpu vme de pse tsc msr pae mce cx8 apic sep mtrr pge mca cmov pat pse36 clflush dts acpi mmx fxsr sse sse2 ss ht tm pbe syscall nx rdtscp lm constant_tsc arch_perfmon pebs bts nopl xtopology nonstop_tsc aperfmperf pni pclmulqdq dtes64 monitor ds_cpl vmx est tm2 ssse3 cx16 xtpr pdcm pcid sse4_1 sse4_2 x2apic popcnt tsc_deadline_timer xsave avx lahf_lm arat epb xsaveopt pln pts dtherm tpr_shadow vnmi flexpriority ept vpid
bogomips	: 4589.61
clflush size	: 64
cache_alignment	: 64
address sizes	: 36 bits physical, 48 bits virtual
power management:

processor	: 2
vendor_id	: GenuineIntel
cpu family	: 6
model		: 42
model name	: Intel(R) Core(TM) i3-2350M CPU @ 2.30GHz
stepping	: 7
microcode	: 0x25
cpu MHz		: 2300.000
cache size	: 3072 KB
physical id	: 0
siblings	: 4
core id		: 1
cpu cores	: 2
apicid		: 2
initial apicid	: 2
fpu		: yes
fpu_exception	: yes
cpuid level	: 13
wp		: yes
flags		: fpu vme de pse tsc msr pae mce cx8 apic sep mtrr pge mca cmov pat pse36 clflush dts acpi mmx fxsr sse sse2 ss ht tm pbe syscall nx rdtscp lm constant_tsc arch_perfmon pebs bts nopl xtopology nonstop_tsc aperfmperf pni pclmulqdq dtes64 monitor ds_cpl vmx est tm2 ssse3 cx16 xtpr pdcm pcid sse4_1 sse4_2 x2apic popcnt tsc_deadline_timer xsave avx lahf_lm arat epb xsaveopt pln pts dtherm tpr_shadow vnmi flexpriority ept vpid
bogomips	: 4589.61
clflush size	: 64
cache_alignment	: 64
address sizes	: 36 bits physical, 48 bits virtual
power management:

processor	: 3
vendor_id	: GenuineIntel
cpu family	: 6
model		: 42
model name	: Intel(R) Core(TM) i3-2350M CPU @ 2.30GHz
stepping	: 7
microcode	: 0x25
cpu MHz		: 800.000
cache size	: 3072 KB
physical id	: 0
siblings	: 4
core id		: 1
cpu cores	: 2
apicid		: 3
initial apicid	: 3
fpu		: yes
fpu_exception	: yes
cpuid level	: 13
wp		: yes
flags		: fpu vme de pse tsc msr pae mce cx8 apic sep mtrr pge mca cmov pat pse36 clflush dts acpi mmx fxsr sse sse2 ss ht tm pbe syscall nx rdtscp lm constant_tsc arch_perfmon pebs bts nopl xtopology nonstop_tsc aperfmperf pni pclmulqdq dtes64 monitor ds_cpl vmx est tm2 ssse3 cx16 xtpr pdcm pcid sse4_1 sse4_2 x2apic popcnt tsc_deadline_timer xsave avx lahf_lm arat epb xsaveopt pln pts dtherm tpr_shadow vnmi flexpriority ept vpid
bogomips	: 4589.61
clflush size	: 64
cache_alignment	: 64
address sizes	: 36 bits physical, 48 bits virtual
power management:



Memory: 4k page, physical 8089792k(3787240k free), swap 7595004k(7595004k free)

vm_info: Java HotSpot(TM) 64-Bit Server VM (23.7-b01) for linux-amd64 JRE (1.7.0_15-b03), built on Feb 15 2013 13:03:43 by "java_re" with gcc 4.3.0 20080428 (Red Hat 4.3.0-8)

time: Sun Apr 21 02:02:38 2013
elapsed time: 5 seconds

